Sat Jan  8 16:09:36 2005 :: ROM is ready to rock on port 5000.
Sat Jan  8 16:09:58 2005 :: Sock.sinaddr:  66.93.33.134
Sat Jan  8 16:10:01 2005 :: Sock.sinaddr:  67.141.86.144
Sat Jan  8 16:10:01 2005 :: Sock.sinaddr:  67.19.185.236
Sat Jan  8 16:10:01 2005 :: Sock.sinaddr:  66.93.33.134
Sat Jan  8 16:10:01 2005 :: Loading Argon.
Sat Jan  8 16:10:02 2005 :: Sock.sinaddr:  68.82.87.117
Sat Jan  8 16:10:02 2005 :: Loading Sembiance.
Sat Jan  8 16:10:02 2005 :: [*****] BUG: Fread_obj: bad vnum 32158.
Sat Jan  8 16:10:02 2005 :: [*****] BUG: Fread_obj: bad vnum 32158.
Sat Jan  8 16:10:02 2005 :: [*****] BUG: Fread_obj: bad vnum 32158.
Sat Jan  8 16:10:02 2005 :: [*****] BUG: Fread_obj: bad vnum 32158.
Sat Jan  8 16:10:02 2005 :: [*****] BUG: Fread_obj: bad vnum 32158.
Sat Jan  8 16:10:02 2005 :: [*****] BUG: Fread_obj: bad vnum 32158.
Sat Jan  8 16:10:02 2005 :: Argon@67.141.86.144 has connected.
Sat Jan  8 16:10:02 2005 :: Sembiance@236.67-19-185.reverse.theplanet.com has connected.
Sat Jan  8 16:10:07 2005 :: Sock.sinaddr:  67.170.53.94
Sat Jan  8 16:10:08 2005 :: Loading Gecco.
Sat Jan  8 16:10:08 2005 :: Gecco@dsl093-033-134.snd1.dsl.speakeasy.net has connected.
Sat Jan  8 16:10:12 2005 :: Sock.sinaddr:  68.82.87.117
Sat Jan  8 16:10:16 2005 :: Loading Ilyana.
Sat Jan  8 16:10:19 2005 :: Ilyana@pcp02510181pcs.elztwn01.pa.comcast.net has connected.
Sat Jan  8 16:10:25 2005 :: Loading Venus.
Sat Jan  8 16:10:25 2005 :: Venus@c-67-170-53-94.client.comcast.net has connected.
Sat Jan  8 16:10:35 2005 :: Loading Seclar.
Sat Jan  8 16:10:35 2005 :: Seclar@dsl093-033-134.snd1.dsl.speakeasy.net has connected.
Sat Jan  8 16:14:53 2005 :: Ilyana killed by Curley GreenLeaf at 9515
Sat Jan  8 16:23:08 2005 :: Ilyana killed by the large Creation at 4763
Sat Jan  8 16:28:17 2005 :: Sock.sinaddr:  68.13.67.160
Sat Jan  8 16:28:23 2005 :: EOF encountered on read.
Sat Jan  8 16:32:24 2005 :: Sock.sinaddr:  68.99.207.36
Read_from_descriptor: Connection reset by peer
Sat Jan  8 16:34:36 2005 :: Closing link to Aaliak.
Sat Jan  8 16:45:18 2005 :: [*****] BUG: Mobprog: invalid if_check (if), mob 609 prog 609
Sat Jan  8 16:46:34 2005 :: [*****] BUG: Mobprog: invalid if_check (if), mob 609 prog 609
Sat Jan  8 17:00:43 2005 :: Ilyana has quit.
Sat Jan  8 17:25:26 2005 :: Sock.sinaddr:  24.7.44.192
Read_from_descriptor: Connection reset by peer
Sat Jan  8 17:25:36 2005 :: Closing link to Share.
Sat Jan  8 17:25:39 2005 :: Sock.sinaddr:  24.7.44.192
Read_from_descriptor: Connection reset by peer
Sat Jan  8 17:25:43 2005 :: Closing link to Share.
Sat Jan  8 17:25:57 2005 :: Sock.sinaddr:  24.7.44.192
Read_from_descriptor: Connection reset by peer
Sat Jan  8 17:26:13 2005 :: Closing link to Share.
Sat Jan  8 17:26:23 2005 :: Sock.sinaddr:  24.7.44.192
Read_from_descriptor: Connection reset by peer
Sat Jan  8 17:26:30 2005 :: Closing link to Share.
Sat Jan  8 17:26:40 2005 :: Sock.sinaddr:  24.7.44.192
Sat Jan  8 17:26:45 2005 :: Sock.sinaddr:  24.7.44.192
Sat Jan  8 17:26:51 2005 :: Sock.sinaddr:  24.7.44.192
Sat Jan  8 17:27:22 2005 :: Sock.sinaddr:  24.7.44.192
Sat Jan  8 17:27:27 2005 :: Loading Fnor.
Sat Jan  8 17:27:30 2005 :: Fnor@c-24-7-44-192.client.comcast.net has connected.
Sat Jan  8 17:35:01 2005 :: [*****] BUG: Mobprog: invalid if_check (if), mob 609 prog 609
Sat Jan  8 17:43:40 2005 :: Log Seclar: cast summon dark black owl
Sat Jan  8 18:01:42 2005 :: [*****] BUG: Mobprog: invalid if_check (if), mob 609 prog 609
Sat Jan  8 18:06:20 2005 :: Sock.sinaddr:  67.141.86.144
Sat Jan  8 18:06:23 2005 :: Loading Wrath.
Sat Jan  8 18:06:27 2005 :: Wrath@67.141.86.144 has connected.
Sat Jan  8 18:11:27 2005 :: Sock.sinaddr:  66.222.216.154
Sat Jan  8 18:11:31 2005 :: Loading Chame.
Sat Jan  8 18:11:31 2005 :: [*****] BUG: Fread_obj: bad vnum 32139.
Sat Jan  8 18:11:31 2005 :: [*****] BUG: Fread_obj: bad vnum 32139.
Sat Jan  8 18:11:31 2005 :: [*****] BUG: Fread_obj: bad vnum 32139.
Sat Jan  8 18:11:31 2005 :: [*****] BUG: Fread_obj: bad vnum 32139.
Sat Jan  8 18:11:31 2005 :: [*****] BUG: Fread_obj: bad vnum 32139.
Sat Jan  8 18:11:31 2005 :: [*****] BUG: Fread_obj: bad vnum 32139.
Sat Jan  8 18:11:32 2005 :: Chame@d66-222-216-154.abhsia.telus.net has connected.
Sat Jan  8 18:26:32 2005 :: Log Sembiance: snoop seclar
Sat Jan  8 18:26:35 2005 :: Log Sembiance: snoop self
Sat Jan  8 18:27:02 2005 :: Log Sembiance: snoop seclar
Sat Jan  8 18:27:32 2005 :: Log Sembiance: snoop self
Sat Jan  8 18:28:25 2005 :: Log Fnor: guild
Sat Jan  8 18:30:45 2005 :: Fnor has quit.
Sat Jan  8 18:31:53 2005 :: Log Seclar: cast summon midget
Sat Jan  8 18:38:11 2005 :: Wrath has quit.
Sat Jan  8 18:44:37 2005 :: Sock.sinaddr:  66.93.33.134
Sat Jan  8 18:44:41 2005 :: Loading Enzio.
Sat Jan  8 18:44:42 2005 :: Enzio@dsl093-033-134.snd1.dsl.speakeasy.net has connected.
Sat Jan  8 18:48:52 2005 :: Enzio has quit.
Sat Jan  8 18:50:55 2005 :: Log Venus: flag no_sac
Sat Jan  8 18:58:39 2005 :: Sock.sinaddr:  67.170.53.94
Sat Jan  8 18:58:41 2005 :: Loading Ezra.
Sat Jan  8 18:58:44 2005 :: Ezra@c-67-170-53-94.client.comcast.net has connected.
Sat Jan  8 18:59:04 2005 :: Ezra has quit.
Sat Jan  8 19:31:51 2005 :: Sock.sinaddr:  151.213.93.160
Sat Jan  8 19:31:51 2005 :: Loading Leah.
Sat Jan  8 19:31:52 2005 :: Leah@h160.93.213.151.ip.alltel.net has connected.
Sat Jan  8 19:42:36 2005 :: Log Argon: snoop chame
Sat Jan  8 19:43:07 2005 :: Log Argon: snoop self
Sat Jan  8 19:47:25 2005 :: Log Gecco: snoop chame
Sat Jan  8 19:48:21 2005 :: Log Gecco: snoop
Sat Jan  8 19:49:00 2005 :: Log Venus: snoop self
Sat Jan  8 19:49:01 2005 :: Log Gecco: snoop self
Sat Jan  8 19:50:12 2005 :: Sock.sinaddr:  67.14.212.243
Sat Jan  8 19:50:12 2005 :: EOF encountered on read.
Sat Jan  8 19:52:07 2005 :: Chame has quit.
Sat Jan  8 19:57:24 2005 :: Seclar has quit.
Sat Jan  8 19:57:27 2005 :: Sock.sinaddr:  66.93.33.134
Sat Jan  8 19:57:30 2005 :: Gecco has quit.
Sat Jan  8 19:59:49 2005 :: Sock.sinaddr:  66.93.33.134
Sat Jan  8 20:00:48 2005 :: Sock.sinaddr:  66.93.33.134
Sat Jan  8 20:13:41 2005 :: [*****] BUG: Mob_interpret: invalid cmd from mob 3011: 'otranfer'
Sat Jan  8 20:13:45 2005 :: [*****] BUG: Mob_interpret: invalid cmd from mob 3011: 'otranfer'
Sat Jan  8 20:13:49 2005 :: [*****] BUG: Mob_interpret: invalid cmd from mob 3011: 'otranfer'
Sat Jan  8 20:13:53 2005 :: [*****] BUG: Mob_interpret: invalid cmd from mob 3011: 'otranfer'
Sat Jan  8 20:13:57 2005 :: [*****] BUG: Mob_interpret: invalid cmd from mob 3011: 'otranfer'
Sat Jan  8 20:14:01 2005 :: [*****] BUG: Mob_interpret: invalid cmd from mob 3011: 'otranfer'
Sat Jan  8 20:14:05 2005 :: [*****] BUG: Mob_interpret: invalid cmd from mob 3011: 'otranfer'
Sat Jan  8 20:14:10 2005 :: [*****] BUG: Mob_interpret: invalid cmd from mob 3011: 'otranfer'
Sat Jan  8 20:14:14 2005 :: [*****] BUG: Mob_interpret: invalid cmd from mob 3011: 'otranfer'
Sat Jan  8 20:14:18 2005 :: [*****] BUG: Mob_interpret: invalid cmd from mob 3011: 'otranfer'
Sat Jan  8 20:14:22 2005 :: [*****] BUG: Mob_interpret: invalid cmd from mob 3011: 'otranfer'
Sat Jan  8 20:16:30 2005 :: [*****] BUG: Mob_interpret: invalid cmd from mob 3011: 'otranfer'
Sat Jan  8 20:16:34 2005 :: [*****] BUG: Mob_interpret: invalid cmd from mob 3011: 'otranfer'
Sat Jan  8 20:16:38 2005 :: [*****] BUG: Mob_interpret: invalid cmd from mob 3011: 'otranfer'
Sat Jan  8 20:16:42 2005 :: [*****] BUG: Mob_interpret: invalid cmd from mob 3011: 'otranfer'
Sat Jan  8 20:16:46 2005 :: [*****] BUG: Mob_interpret: invalid cmd from mob 3011: 'otranfer'
Sat Jan  8 20:16:50 2005 :: [*****] BUG: Mob_interpret: invalid cmd from mob 3011: 'otranfer'
Sat Jan  8 20:16:54 2005 :: [*****] BUG: Mob_interpret: invalid cmd from mob 3011: 'otranfer'
Sat Jan  8 20:16:58 2005 :: [*****] BUG: Mob_interpret: invalid cmd from mob 3011: 'otranfer'
Sat Jan  8 20:17:02 2005 :: [*****] BUG: Mob_interpret: invalid cmd from mob 3011: 'otranfer'
Sat Jan  8 20:18:06 2005 :: [*****] BUG: Mob_interpret: invalid cmd from mob 3011: 'otranfer'
Sat Jan  8 20:18:10 2005 :: [*****] BUG: Mob_interpret: invalid cmd from mob 3011: 'otranfer'
Sat Jan  8 20:18:14 2005 :: [*****] BUG: Mob_interpret: invalid cmd from mob 3011: 'otranfer'
Sat Jan  8 20:18:18 2005 :: [*****] BUG: Mob_interpret: invalid cmd from mob 3011: 'otranfer'
Sat Jan  8 20:18:22 2005 :: [*****] BUG: Mob_interpret: invalid cmd from mob 3011: 'otranfer'
Sat Jan  8 20:19:14 2005 :: [*****] BUG: Mob_interpret: invalid cmd from mob 3011: 'otranfer'
Sat Jan  8 20:19:18 2005 :: [*****] BUG: Mob_interpret: invalid cmd from mob 3011: 'otranfer'
Sat Jan  8 20:27:19 2005 :: Log Venus: snoop argon
Sat Jan  8 20:34:00 2005 :: Sock.sinaddr:  65.96.53.161
Sat Jan  8 20:34:46 2005 :: Naraket@h00080e4d3807.ne.client2.attbi.com new player.
Sat Jan  8 20:39:08 2005 :: h00080e4d3807.ne.client2.attbi.com input spamming!
Sat Jan  8 20:51:16 2005 :: Sock.sinaddr:  68.149.97.236
Sat Jan  8 20:51:19 2005 :: Loading Raxin.
Sat Jan  8 20:51:19 2005 :: [*****] BUG: Fread_obj: bad vnum 32158.
Sat Jan  8 20:51:19 2005 :: Raxin@S0106000795eadf11.ed.shawcable.net has connected.
Sat Jan  8 20:57:12 2005 :: Log Naraket: delete
Sat Jan  8 20:57:13 2005 :: Log Naraket: delete
Sat Jan  8 20:57:13 2005 :: Naraket has quit.
Sat Jan  8 21:03:47 2005 :: [*****] BUG: Mobprog: invalid if_check (and), mob 3007 prog 3001
Sat Jan  8 21:03:48 2005 :: [*****] BUG: MOBprogs: MAX_CALL_LEVEL exceeded, vnum 3007
Sat Jan  8 21:03:49 2005 :: [*****] BUG: MOBprogs: MAX_CALL_LEVEL exceeded, vnum 3007
Sat Jan  8 21:03:50 2005 :: [*****] BUG: MOBprogs: MAX_CALL_LEVEL exceeded, vnum 29806
Sat Jan  8 21:03:50 2005 :: [*****] BUG: MOBprogs: MAX_CALL_LEVEL exceeded, vnum 29805
Sat Jan  8 21:03:50 2005 :: [*****] BUG: MOBprogs: MAX_CALL_LEVEL exceeded, vnum 29804
Sat Jan  8 21:03:50 2005 :: [*****] BUG: MOBprogs: MAX_CALL_LEVEL exceeded, vnum 29807
Sat Jan  8 21:03:50 2005 :: [*****] BUG: MOBprogs: MAX_CALL_LEVEL exceeded, vnum 29801
Sat Jan  8 21:03:50 2005 :: [*****] BUG: MOBprogs: MAX_CALL_LEVEL exceeded, vnum 29804
Sat Jan  8 21:03:50 2005 :: [*****] BUG: MOBprogs: MAX_CALL_LEVEL exceeded, vnum 29804
Sat Jan  8 21:03:50 2005 :: [*****] BUG: MOBprogs: MAX_CALL_LEVEL exceeded, vnum 29803
Sat Jan  8 21:03:50 2005 :: [*****] BUG: MOBprogs: MAX_CALL_LEVEL exceeded, vnum 29801
Sat Jan  8 21:03:50 2005 :: [*****] BUG: MOBprogs: MAX_CALL_LEVEL exceeded, vnum 29804
Sat Jan  8 21:03:50 2005 :: [*****] BUG: MOBprogs: MAX_CALL_LEVEL exceeded, vnum 29803
Sat Jan  8 21:03:50 2005 :: [*****] BUG: MOBprogs: MAX_CALL_LEVEL exceeded, vnum 5411
Sat Jan  8 21:03:50 2005 :: [*****] BUG: MOBprogs: MAX_CALL_LEVEL exceeded, vnum 4639
Sat Jan  8 21:03:50 2005 :: [*****] BUG: MOBprogs: MAX_CALL_LEVEL exceeded, vnum 4639
Sat Jan  8 21:03:50 2005 :: [*****] BUG: MOBprogs: MAX_CALL_LEVEL exceeded, vnum 3007
Sat Jan  8 21:03:51 2005 :: [*****] BUG: MOBprogs: MAX_CALL_LEVEL exceeded, vnum 3007
Sat Jan  8 21:03:54 2005 :: [*****] BUG: MOBprogs: MAX_CALL_LEVEL exceeded, vnum 29806
Sat Jan  8 21:03:54 2005 :: [*****] BUG: MOBprogs: MAX_CALL_LEVEL exceeded, vnum 29803
Sat Jan  8 21:03:54 2005 :: [*****] BUG: MOBprogs: MAX_CALL_LEVEL exceeded, vnum 29804
Sat Jan  8 21:03:54 2005 :: [*****] BUG: MOBprogs: MAX_CALL_LEVEL exceeded, vnum 29804
Sat Jan  8 21:03:54 2005 :: [*****] BUG: MOBprogs: MAX_CALL_LEVEL exceeded, vnum 29804
Sat Jan  8 21:03:54 2005 :: [*****] BUG: MOBprogs: MAX_CALL_LEVEL exceeded, vnum 29803
Sat Jan  8 21:03:54 2005 :: [*****] BUG: MOBprogs: MAX_CALL_LEVEL exceeded, vnum 29800
Sat Jan  8 21:03:54 2005 :: [*****] BUG: MOBprogs: MAX_CALL_LEVEL exceeded, vnum 29800
Sat Jan  8 21:03:54 2005 :: [*****] BUG: MOBprogs: MAX_CALL_LEVEL exceeded, vnum 10106
Sat Jan  8 21:03:54 2005 :: [*****] BUG: MOBprogs: MAX_CALL_LEVEL exceeded, vnum 5412
Sat Jan  8 21:03:54 2005 :: [*****] BUG: MOBprogs: MAX_CALL_LEVEL exceeded, vnum 4639
Sat Jan  8 21:03:54 2005 :: [*****] BUG: MOBprogs: MAX_CALL_LEVEL exceeded, vnum 4630
Sat Jan  8 21:03:54 2005 :: [*****] BUG: MOBprogs: MAX_CALL_LEVEL exceeded, vnum 25300
Sat Jan  8 21:03:55 2005 :: [*****] BUG: MOBprogs: MAX_CALL_LEVEL exceeded, vnum 25300
Sat Jan  8 21:03:56 2005 :: [*****] BUG: MOBprogs: MAX_CALL_LEVEL exceeded, vnum 25300
Sat Jan  8 21:03:57 2005 :: [*****] BUG: MOBprogs: MAX_CALL_LEVEL exceeded, vnum 25300
Sat Jan  8 21:03:58 2005 :: [*****] BUG: MOBprogs: MAX_CALL_LEVEL exceeded, vnum 29806
Sat Jan  8 21:03:58 2005 :: [*****] BUG: MOBprogs: MAX_CALL_LEVEL exceeded, vnum 29807
Sat Jan  8 21:03:58 2005 :: [*****] BUG: MOBprogs: MAX_CALL_LEVEL exceeded, vnum 29807
Sat Jan  8 21:03:58 2005 :: [*****] BUG: MOBprogs: MAX_CALL_LEVEL exceeded, vnum 29804
Sat Jan  8 21:03:58 2005 :: [*****] BUG: MOBprogs: MAX_CALL_LEVEL exceeded, vnum 5411
Sat Jan  8 21:03:58 2005 :: [*****] BUG: MOBprogs: MAX_CALL_LEVEL exceeded, vnum 4639
Sat Jan  8 21:03:58 2005 :: [*****] BUG: MOBprogs: MAX_CALL_LEVEL exceeded, vnum 25300
Sat Jan  8 21:04:02 2005 :: [*****] BUG: MOBprogs: MAX_CALL_LEVEL exceeded, vnum 29806
Sat Jan  8 21:04:02 2005 :: [*****] BUG: MOBprogs: MAX_CALL_LEVEL exceeded, vnum 29805
Sat Jan  8 21:04:02 2005 :: [*****] BUG: MOBprogs: MAX_CALL_LEVEL exceeded, vnum 29803
Sat Jan  8 21:04:02 2005 :: [*****] BUG: MOBprogs: MAX_CALL_LEVEL exceeded, vnum 29801
Sat Jan  8 21:04:02 2005 :: [*****] BUG: MOBprogs: MAX_CALL_LEVEL exceeded, vnum 29806
Sat Jan  8 21:04:02 2005 :: [*****] BUG: MOBprogs: MAX_CALL_LEVEL exceeded, vnum 29807
Sat Jan  8 21:04:02 2005 :: [*****] BUG: MOBprogs: MAX_CALL_LEVEL exceeded, vnum 29800
Sat Jan  8 21:04:02 2005 :: [*****] BUG: MOBprogs: MAX_CALL_LEVEL exceeded, vnum 29803
Sat Jan  8 21:04:02 2005 :: [*****] BUG: MOBprogs: MAX_CALL_LEVEL exceeded, vnum 29803
Sat Jan  8 21:04:02 2005 :: [*****] BUG: MOBprogs: MAX_CALL_LEVEL exceeded, vnum 10106
Sat Jan  8 21:04:02 2005 :: [*****] BUG: MOBprogs: MAX_CALL_LEVEL exceeded, vnum 5411
Sat Jan  8 21:04:02 2005 :: [*****] BUG: MOBprogs: MAX_CALL_LEVEL exceeded, vnum 4639
Sat Jan  8 21:04:02 2005 :: [*****] BUG: MOBprogs: MAX_CALL_LEVEL exceeded, vnum 4639
Sat Jan  8 21:04:06 2005 :: [*****] BUG: MOBprogs: MAX_CALL_LEVEL exceeded, vnum 10183
Sat Jan  8 21:04:06 2005 :: [*****] BUG: MOBprogs: MAX_CALL_LEVEL exceeded, vnum 29806
Sat Jan  8 21:04:06 2005 :: [*****] BUG: MOBprogs: MAX_CALL_LEVEL exceeded, vnum 29803
Sat Jan  8 21:04:06 2005 :: [*****] BUG: MOBprogs: MAX_CALL_LEVEL exceeded, vnum 29807
Sat Jan  8 21:04:06 2005 :: [*****] BUG: MOBprogs: MAX_CALL_LEVEL exceeded, vnum 29807
Sat Jan  8 21:04:06 2005 :: [*****] BUG: MOBprogs: MAX_CALL_LEVEL exceeded, vnum 29801
Sat Jan  8 21:04:06 2005 :: [*****] BUG: MOBprogs: MAX_CALL_LEVEL exceeded, vnum 29804
Sat Jan  8 21:04:06 2005 :: [*****] BUG: MOBprogs: MAX_CALL_LEVEL exceeded, vnum 29804
Sat Jan  8 21:04:06 2005 :: [*****] BUG: MOBprogs: MAX_CALL_LEVEL exceeded, vnum 4639
Sat Jan  8 21:04:06 2005 :: [*****] BUG: MOBprogs: MAX_CALL_LEVEL exceeded, vnum 4639
Sat Jan  8 21:04:10 2005 :: [*****] BUG: MOBprogs: MAX_CALL_LEVEL exceeded, vnum 29805
Sat Jan  8 21:04:10 2005 :: [*****] BUG: MOBprogs: MAX_CALL_LEVEL exceeded, vnum 29806
Sat Jan  8 21:04:10 2005 :: [*****] BUG: MOBprogs: MAX_CALL_LEVEL exceeded, vnum 29803
Sat Jan  8 21:04:10 2005 :: [*****] BUG: MOBprogs: MAX_CALL_LEVEL exceeded, vnum 29801
Sat Jan  8 21:04:10 2005 :: [*****] BUG: MOBprogs: MAX_CALL_LEVEL exceeded, vnum 29801
Sat Jan  8 21:04:10 2005 :: [*****] BUG: MOBprogs: MAX_CALL_LEVEL exceeded, vnum 29806
Sat Jan  8 21:04:10 2005 :: [*****] BUG: MOBprogs: MAX_CALL_LEVEL exceeded, vnum 29804
Sat Jan  8 21:04:10 2005 :: [*****] BUG: MOBprogs: MAX_CALL_LEVEL exceeded, vnum 29804
Sat Jan  8 21:04:10 2005 :: [*****] BUG: MOBprogs: MAX_CALL_LEVEL exceeded, vnum 29804
Sat Jan  8 21:04:10 2005 :: [*****] BUG: MOBprogs: MAX_CALL_LEVEL exceeded, vnum 29804
Sat Jan  8 21:04:10 2005 :: [*****] BUG: MOBprogs: MAX_CALL_LEVEL exceeded, vnum 29800
Sat Jan  8 21:04:10 2005 :: [*****] BUG: MOBprogs: MAX_CALL_LEVEL exceeded, vnum 29800
Sat Jan  8 21:04:10 2005 :: [*****] BUG: MOBprogs: MAX_CALL_LEVEL exceeded, vnum 5416
Sat Jan  8 21:04:10 2005 :: [*****] BUG: MOBprogs: MAX_CALL_LEVEL exceeded, vnum 5411
Sat Jan  8 21:04:10 2005 :: [*****] BUG: MOBprogs: MAX_CALL_LEVEL exceeded, vnum 4639
Sat Jan  8 21:04:10 2005 :: [*****] BUG: MOBprogs: MAX_CALL_LEVEL exceeded, vnum 4630
Sat Jan  8 21:04:14 2005 :: [*****] BUG: MOBprogs: MAX_CALL_LEVEL exceeded, vnum 29805
Sat Jan  8 21:04:14 2005 :: [*****] BUG: MOBprogs: MAX_CALL_LEVEL exceeded, vnum 29806
Sat Jan  8 21:04:14 2005 :: [*****] BUG: MOBprogs: MAX_CALL_LEVEL exceeded, vnum 29807
Sat Jan  8 21:04:14 2005 :: [*****] BUG: MOBprogs: MAX_CALL_LEVEL exceeded, vnum 29801
Sat Jan  8 21:04:14 2005 :: [*****] BUG: MOBprogs: MAX_CALL_LEVEL exceeded, vnum 5412
Sat Jan  8 21:04:14 2005 :: [*****] BUG: MOBprogs: MAX_CALL_LEVEL exceeded, vnum 5411
Sat Jan  8 21:04:18 2005 :: [*****] BUG: MOBprogs: MAX_CALL_LEVEL exceeded, vnum 10185
Sat Jan  8 21:04:18 2005 :: [*****] BUG: MOBprogs: MAX_CALL_LEVEL exceeded, vnum 29805
Sat Jan  8 21:04:18 2005 :: [*****] BUG: MOBprogs: MAX_CALL_LEVEL exceeded, vnum 29807
Sat Jan  8 21:04:18 2005 :: [*****] BUG: MOBprogs: MAX_CALL_LEVEL exceeded, vnum 29803
Sat Jan  8 21:04:18 2005 :: [*****] BUG: MOBprogs: MAX_CALL_LEVEL exceeded, vnum 29807
Sat Jan  8 21:04:18 2005 :: [*****] BUG: MOBprogs: MAX_CALL_LEVEL exceeded, vnum 29804
Sat Jan  8 21:04:18 2005 :: [*****] BUG: MOBprogs: MAX_CALL_LEVEL exceeded, vnum 29804
Sat Jan  8 21:04:18 2005 :: [*****] BUG: MOBprogs: MAX_CALL_LEVEL exceeded, vnum 29801
Sat Jan  8 21:04:18 2005 :: [*****] BUG: MOBprogs: MAX_CALL_LEVEL exceeded, vnum 29800
Sat Jan  8 21:04:18 2005 :: [*****] BUG: MOBprogs: MAX_CALL_LEVEL exceeded, vnum 10185
Sat Jan  8 21:04:18 2005 :: [*****] BUG: MOBprogs: MAX_CALL_LEVEL exceeded, vnum 5411
Sat Jan  8 21:04:18 2005 :: [*****] BUG: MOBprogs: MAX_CALL_LEVEL exceeded, vnum 4639
Sat Jan  8 21:04:22 2005 :: [*****] BUG: MOBprogs: MAX_CALL_LEVEL exceeded, vnum 29800
Sat Jan  8 21:04:22 2005 :: [*****] BUG: MOBprogs: MAX_CALL_LEVEL exceeded, vnum 29805
Sat Jan  8 21:04:22 2005 :: [*****] BUG: MOBprogs: MAX_CALL_LEVEL exceeded, vnum 29805
Sat Jan  8 21:04:22 2005 :: [*****] BUG: MOBprogs: MAX_CALL_LEVEL exceeded, vnum 29804
Sat Jan  8 21:04:22 2005 :: [*****] BUG: MOBprogs: MAX_CALL_LEVEL exceeded, vnum 29807
Sat Jan  8 21:04:22 2005 :: [*****] BUG: MOBprogs: MAX_CALL_LEVEL exceeded, vnum 29800
Sat Jan  8 21:04:22 2005 :: [*****] BUG: MOBprogs: MAX_CALL_LEVEL exceeded, vnum 29807
Sat Jan  8 21:04:22 2005 :: [*****] BUG: MOBprogs: MAX_CALL_LEVEL exceeded, vnum 29803
Sat Jan  8 21:04:22 2005 :: [*****] BUG: MOBprogs: MAX_CALL_LEVEL exceeded, vnum 29800
Sat Jan  8 21:04:22 2005 :: [*****] BUG: MOBprogs: MAX_CALL_LEVEL exceeded, vnum 10183
Sat Jan  8 21:04:22 2005 :: [*****] BUG: MOBprogs: MAX_CALL_LEVEL exceeded, vnum 10106
Sat Jan  8 21:04:22 2005 :: [*****] BUG: MOBprogs: MAX_CALL_LEVEL exceeded, vnum 4639
Sat Jan  8 21:04:22 2005 :: [*****] BUG: MOBprogs: MAX_CALL_LEVEL exceeded, vnum 4639
Sat Jan  8 21:04:26 2005 :: [*****] BUG: MOBprogs: MAX_CALL_LEVEL exceeded, vnum 29805
Sat Jan  8 21:04:26 2005 :: [*****] BUG: MOBprogs: MAX_CALL_LEVEL exceeded, vnum 29807
Sat Jan  8 21:04:26 2005 :: [*****] BUG: MOBprogs: MAX_CALL_LEVEL exceeded, vnum 4639
Sat Jan  8 21:04:30 2005 :: [*****] BUG: MOBprogs: MAX_CALL_LEVEL exceeded, vnum 29806
Sat Jan  8 21:04:30 2005 :: [*****] BUG: MOBprogs: MAX_CALL_LEVEL exceeded, vnum 29805
Sat Jan  8 21:04:30 2005 :: [*****] BUG: MOBprogs: MAX_CALL_LEVEL exceeded, vnum 29804
Sat Jan  8 21:04:30 2005 :: [*****] BUG: MOBprogs: MAX_CALL_LEVEL exceeded, vnum 29804
Sat Jan  8 21:04:30 2005 :: [*****] BUG: MOBprogs: MAX_CALL_LEVEL exceeded, vnum 29801
Sat Jan  8 21:04:30 2005 :: [*****] BUG: MOBprogs: MAX_CALL_LEVEL exceeded, vnum 29807
Sat Jan  8 21:04:30 2005 :: [*****] BUG: MOBprogs: MAX_CALL_LEVEL exceeded, vnum 29804
Sat Jan  8 21:04:30 2005 :: [*****] BUG: MOBprogs: MAX_CALL_LEVEL exceeded, vnum 10106
Sat Jan  8 21:04:30 2005 :: [*****] BUG: MOBprogs: MAX_CALL_LEVEL exceeded, vnum 5412
Sat Jan  8 21:04:30 2005 :: [*****] BUG: MOBprogs: MAX_CALL_LEVEL exceeded, vnum 4639
Sat Jan  8 21:04:34 2005 :: [*****] BUG: MOBprogs: MAX_CALL_LEVEL exceeded, vnum 29805
Sat Jan  8 21:04:34 2005 :: [*****] BUG: MOBprogs: MAX_CALL_LEVEL exceeded, vnum 29800
Sat Jan  8 21:04:34 2005 :: [*****] BUG: MOBprogs: MAX_CALL_LEVEL exceeded, vnum 29803
Sat Jan  8 21:04:34 2005 :: [*****] BUG: MOBprogs: MAX_CALL_LEVEL exceeded, vnum 29807
Sat Jan  8 21:04:34 2005 :: [*****] BUG: MOBprogs: MAX_CALL_LEVEL exceeded, vnum 29803
Sat Jan  8 21:04:34 2005 :: [*****] BUG: MOBprogs: MAX_CALL_LEVEL exceeded, vnum 29804
Sat Jan  8 21:04:34 2005 :: [*****] BUG: MOBprogs: MAX_CALL_LEVEL exceeded, vnum 10185
Sat Jan  8 21:04:34 2005 :: [*****] BUG: MOBprogs: MAX_CALL_LEVEL exceeded, vnum 10106
Sat Jan  8 21:04:34 2005 :: [*****] BUG: MOBprogs: MAX_CALL_LEVEL exceeded, vnum 5416
Sat Jan  8 21:04:34 2005 :: [*****] BUG: MOBprogs: MAX_CALL_LEVEL exceeded, vnum 4639
Sat Jan  8 21:04:34 2005 :: [*****] BUG: MOBprogs: MAX_CALL_LEVEL exceeded, vnum 4639
Sat Jan  8 21:04:38 2005 :: [*****] BUG: MOBprogs: MAX_CALL_LEVEL exceeded, vnum 29807
Sat Jan  8 21:04:38 2005 :: [*****] BUG: MOBprogs: MAX_CALL_LEVEL exceeded, vnum 29804
Sat Jan  8 21:04:38 2005 :: [*****] BUG: MOBprogs: MAX_CALL_LEVEL exceeded, vnum 29803
Sat Jan  8 21:04:38 2005 :: [*****] BUG: MOBprogs: MAX_CALL_LEVEL exceeded, vnum 29800
Sat Jan  8 21:04:38 2005 :: [*****] BUG: MOBprogs: MAX_CALL_LEVEL exceeded, vnum 29800
Sat Jan  8 21:04:38 2005 :: [*****] BUG: MOBprogs: MAX_CALL_LEVEL exceeded, vnum 10183
Sat Jan  8 21:04:38 2005 :: [*****] BUG: MOBprogs: MAX_CALL_LEVEL exceeded, vnum 10106
Sat Jan  8 21:04:42 2005 :: [*****] BUG: MOBprogs: MAX_CALL_LEVEL exceeded, vnum 10185
Sat Jan  8 21:04:42 2005 :: [*****] BUG: MOBprogs: MAX_CALL_LEVEL exceeded, vnum 29801
Sat Jan  8 21:04:42 2005 :: [*****] BUG: MOBprogs: MAX_CALL_LEVEL exceeded, vnum 29803
Sat Jan  8 21:04:42 2005 :: [*****] BUG: MOBprogs: MAX_CALL_LEVEL exceeded, vnum 5411
Sat Jan  8 21:04:42 2005 :: [*****] BUG: MOBprogs: MAX_CALL_LEVEL exceeded, vnum 4639
Sat Jan  8 21:04:42 2005 :: [*****] BUG: MOBprogs: MAX_CALL_LEVEL exceeded, vnum 4639
Sat Jan  8 21:04:46 2005 :: [*****] BUG: MOBprogs: MAX_CALL_LEVEL exceeded, vnum 29801
Sat Jan  8 21:04:46 2005 :: [*****] BUG: MOBprogs: MAX_CALL_LEVEL exceeded, vnum 29804
Sat Jan  8 21:04:46 2005 :: [*****] BUG: MOBprogs: MAX_CALL_LEVEL exceeded, vnum 10185
Sat Jan  8 21:04:46 2005 :: [*****] BUG: MOBprogs: MAX_CALL_LEVEL exceeded, vnum 10183
Sat Jan  8 21:04:46 2005 :: [*****] BUG: MOBprogs: MAX_CALL_LEVEL exceeded, vnum 10102
Sat Jan  8 21:04:46 2005 :: [*****] BUG: MOBprogs: MAX_CALL_LEVEL exceeded, vnum 10106
Sat Jan  8 21:04:46 2005 :: [*****] BUG: MOBprogs: MAX_CALL_LEVEL exceeded, vnum 5412
Sat Jan  8 21:04:46 2005 :: [*****] BUG: MOBprogs: MAX_CALL_LEVEL exceeded, vnum 4639
Sat Jan  8 21:04:46 2005 :: [*****] BUG: MOBprogs: MAX_CALL_LEVEL exceeded, vnum 4639
Sat Jan  8 21:04:50 2005 :: [*****] BUG: MOBprogs: MAX_CALL_LEVEL exceeded, vnum 29806
Sat Jan  8 21:04:50 2005 :: [*****] BUG: MOBprogs: MAX_CALL_LEVEL exceeded, vnum 29805
Sat Jan  8 21:04:50 2005 :: [*****] BUG: MOBprogs: MAX_CALL_LEVEL exceeded, vnum 29807
Sat Jan  8 21:04:50 2005 :: [*****] BUG: MOBprogs: MAX_CALL_LEVEL exceeded, vnum 29803
Sat Jan  8 21:04:50 2005 :: [*****] BUG: MOBprogs: MAX_CALL_LEVEL exceeded, vnum 29804
Sat Jan  8 21:04:50 2005 :: [*****] BUG: MOBprogs: MAX_CALL_LEVEL exceeded, vnum 29804
Sat Jan  8 21:04:50 2005 :: [*****] BUG: MOBprogs: MAX_CALL_LEVEL exceeded, vnum 29804
Sat Jan  8 21:04:50 2005 :: [*****] BUG: MOBprogs: MAX_CALL_LEVEL exceeded, vnum 29803
Sat Jan  8 21:04:50 2005 :: [*****] BUG: MOBprogs: MAX_CALL_LEVEL exceeded, vnum 29800
Sat Jan  8 21:04:50 2005 :: [*****] BUG: MOBprogs: MAX_CALL_LEVEL exceeded, vnum 4639
Sat Jan  8 21:04:50 2005 :: [*****] BUG: MOBprogs: MAX_CALL_LEVEL exceeded, vnum 4630
Sat Jan  8 21:04:54 2005 :: [*****] BUG: MOBprogs: MAX_CALL_LEVEL exceeded, vnum 29805
Sat Jan  8 21:04:54 2005 :: [*****] BUG: MOBprogs: MAX_CALL_LEVEL exceeded, vnum 29807
Sat Jan  8 21:04:54 2005 :: [*****] BUG: MOBprogs: MAX_CALL_LEVEL exceeded, vnum 29804
Sat Jan  8 21:04:54 2005 :: [*****] BUG: MOBprogs: MAX_CALL_LEVEL exceeded, vnum 29807
Sat Jan  8 21:04:54 2005 :: [*****] BUG: MOBprogs: MAX_CALL_LEVEL exceeded, vnum 29807
Sat Jan  8 21:04:54 2005 :: [*****] BUG: MOBprogs: MAX_CALL_LEVEL exceeded, vnum 29804
Sat Jan  8 21:04:54 2005 :: [*****] BUG: MOBprogs: MAX_CALL_LEVEL exceeded, vnum 5411
Sat Jan  8 21:04:54 2005 :: [*****] BUG: MOBprogs: MAX_CALL_LEVEL exceeded, vnum 4639
Sat Jan  8 21:04:54 2005 :: [*****] BUG: MOBprogs: MAX_CALL_LEVEL exceeded, vnum 4639
Sat Jan  8 21:04:58 2005 :: [*****] BUG: MOBprogs: MAX_CALL_LEVEL exceeded, vnum 29805
Sat Jan  8 21:04:58 2005 :: [*****] BUG: MOBprogs: MAX_CALL_LEVEL exceeded, vnum 29805
Sat Jan  8 21:04:58 2005 :: [*****] BUG: MOBprogs: MAX_CALL_LEVEL exceeded, vnum 29806
Sat Jan  8 21:04:58 2005 :: [*****] BUG: MOBprogs: MAX_CALL_LEVEL exceeded, vnum 29804
Sat Jan  8 21:04:58 2005 :: [*****] BUG: MOBprogs: MAX_CALL_LEVEL exceeded, vnum 29804
Sat Jan  8 21:04:58 2005 :: [*****] BUG: MOBprogs: MAX_CALL_LEVEL exceeded, vnum 29800
Sat Jan  8 21:04:58 2005 :: [*****] BUG: MOBprogs: MAX_CALL_LEVEL exceeded, vnum 4639
Sat Jan  8 21:05:02 2005 :: [*****] BUG: MOBprogs: MAX_CALL_LEVEL exceeded, vnum 29806
Sat Jan  8 21:05:02 2005 :: [*****] BUG: MOBprogs: MAX_CALL_LEVEL exceeded, vnum 29806
Sat Jan  8 21:05:02 2005 :: [*****] BUG: MOBprogs: MAX_CALL_LEVEL exceeded, vnum 29807
Sat Jan  8 21:05:02 2005 :: [*****] BUG: MOBprogs: MAX_CALL_LEVEL exceeded, vnum 29804
Sat Jan  8 21:05:02 2005 :: [*****] BUG: MOBprogs: MAX_CALL_LEVEL exceeded, vnum 29804
Sat Jan  8 21:05:02 2005 :: [*****] BUG: MOBprogs: MAX_CALL_LEVEL exceeded, vnum 29804
Sat Jan  8 21:05:02 2005 :: [*****] BUG: MOBprogs: MAX_CALL_LEVEL exceeded, vnum 29801
Sat Jan  8 21:05:02 2005 :: [*****] BUG: MOBprogs: MAX_CALL_LEVEL exceeded, vnum 5411
Sat Jan  8 21:05:02 2005 :: [*****] BUG: MOBprogs: MAX_CALL_LEVEL exceeded, vnum 4639
Sat Jan  8 21:05:06 2005 :: [*****] BUG: MOBprogs: MAX_CALL_LEVEL exceeded, vnum 10185
Sat Jan  8 21:05:06 2005 :: [*****] BUG: MOBprogs: MAX_CALL_LEVEL exceeded, vnum 29805
Sat Jan  8 21:05:06 2005 :: [*****] BUG: MOBprogs: MAX_CALL_LEVEL exceeded, vnum 29803
Sat Jan  8 21:05:06 2005 :: [*****] BUG: MOBprogs: MAX_CALL_LEVEL exceeded, vnum 29804
Sat Jan  8 21:05:06 2005 :: [*****] BUG: MOBprogs: MAX_CALL_LEVEL exceeded, vnum 29804
Sat Jan  8 21:05:06 2005 :: [*****] BUG: MOBprogs: MAX_CALL_LEVEL exceeded, vnum 29801
Sat Jan  8 21:05:06 2005 :: [*****] BUG: MOBprogs: MAX_CALL_LEVEL exceeded, vnum 10106
Sat Jan  8 21:05:06 2005 :: [*****] BUG: MOBprogs: MAX_CALL_LEVEL exceeded, vnum 4639
Sat Jan  8 21:05:06 2005 :: [*****] BUG: MOBprogs: MAX_CALL_LEVEL exceeded, vnum 4639
Sat Jan  8 21:05:10 2005 :: [*****] BUG: MOBprogs: MAX_CALL_LEVEL exceeded, vnum 29806
Sat Jan  8 21:05:10 2005 :: [*****] BUG: MOBprogs: MAX_CALL_LEVEL exceeded, vnum 29805
Sat Jan  8 21:05:10 2005 :: [*****] BUG: MOBprogs: MAX_CALL_LEVEL exceeded, vnum 29804
Sat Jan  8 21:05:10 2005 :: [*****] BUG: MOBprogs: MAX_CALL_LEVEL exceeded, vnum 29804
Sat Jan  8 21:05:10 2005 :: [*****] BUG: MOBprogs: MAX_CALL_LEVEL exceeded, vnum 29803
Sat Jan  8 21:05:10 2005 :: [*****] BUG: MOBprogs: MAX_CALL_LEVEL exceeded, vnum 29801
Sat Jan  8 21:05:10 2005 :: [*****] BUG: MOBprogs: MAX_CALL_LEVEL exceeded, vnum 4639
Sat Jan  8 21:05:10 2005 :: [*****] BUG: MOBprogs: MAX_CALL_LEVEL exceeded, vnum 4639
Sat Jan  8 21:05:14 2005 :: [*****] BUG: MOBprogs: MAX_CALL_LEVEL exceeded, vnum 29806
Sat Jan  8 21:05:14 2005 :: [*****] BUG: MOBprogs: MAX_CALL_LEVEL exceeded, vnum 29805
Sat Jan  8 21:05:14 2005 :: [*****] BUG: MOBprogs: MAX_CALL_LEVEL exceeded, vnum 29805
Sat Jan  8 21:05:14 2005 :: [*****] BUG: MOBprogs: MAX_CALL_LEVEL exceeded, vnum 29806
Sat Jan  8 21:05:14 2005 :: [*****] BUG: MOBprogs: MAX_CALL_LEVEL exceeded, vnum 29805
Sat Jan  8 21:05:14 2005 :: [*****] BUG: MOBprogs: MAX_CALL_LEVEL exceeded, vnum 29807
Sat Jan  8 21:05:14 2005 :: [*****] BUG: MOBprogs: MAX_CALL_LEVEL exceeded, vnum 29804
Sat Jan  8 21:05:14 2005 :: [*****] BUG: MOBprogs: MAX_CALL_LEVEL exceeded, vnum 29804
Sat Jan  8 21:05:14 2005 :: [*****] BUG: MOBprogs: MAX_CALL_LEVEL exceeded, vnum 29800
Sat Jan  8 21:05:14 2005 :: [*****] BUG: MOBprogs: MAX_CALL_LEVEL exceeded, vnum 10183
Sat Jan  8 21:05:14 2005 :: [*****] BUG: MOBprogs: MAX_CALL_LEVEL exceeded, vnum 5411
Sat Jan  8 21:05:14 2005 :: [*****] BUG: MOBprogs: MAX_CALL_LEVEL exceeded, vnum 4639
Sat Jan  8 21:05:14 2005 :: [*****] BUG: MOBprogs: MAX_CALL_LEVEL exceeded, vnum 4639
Sat Jan  8 21:05:18 2005 :: [*****] BUG: MOBprogs: MAX_CALL_LEVEL exceeded, vnum 10183
Sat Jan  8 21:05:18 2005 :: [*****] BUG: MOBprogs: MAX_CALL_LEVEL exceeded, vnum 29801
Sat Jan  8 21:05:18 2005 :: [*****] BUG: MOBprogs: MAX_CALL_LEVEL exceeded, vnum 29805
Sat Jan  8 21:05:18 2005 :: [*****] BUG: MOBprogs: MAX_CALL_LEVEL exceeded, vnum 29804
Sat Jan  8 21:05:18 2005 :: [*****] BUG: MOBprogs: MAX_CALL_LEVEL exceeded, vnum 29804
Sat Jan  8 21:05:18 2005 :: [*****] BUG: MOBprogs: MAX_CALL_LEVEL exceeded, vnum 29800
Sat Jan  8 21:05:18 2005 :: [*****] BUG: MOBprogs: MAX_CALL_LEVEL exceeded, vnum 29807
Sat Jan  8 21:05:18 2005 :: [*****] BUG: MOBprogs: MAX_CALL_LEVEL exceeded, vnum 10185
Sat Jan  8 21:05:18 2005 :: [*****] BUG: MOBprogs: MAX_CALL_LEVEL exceeded, vnum 5412
Sat Jan  8 21:05:18 2005 :: [*****] BUG: MOBprogs: MAX_CALL_LEVEL exceeded, vnum 5411
Sat Jan  8 21:05:18 2005 :: [*****] BUG: MOBprogs: MAX_CALL_LEVEL exceeded, vnum 4639
Sat Jan  8 21:05:18 2005 :: [*****] BUG: MOBprogs: MAX_CALL_LEVEL exceeded, vnum 4639
Sat Jan  8 21:05:22 2005 :: [*****] BUG: MOBprogs: MAX_CALL_LEVEL exceeded, vnum 29805
Sat Jan  8 21:05:22 2005 :: [*****] BUG: MOBprogs: MAX_CALL_LEVEL exceeded, vnum 29804
Sat Jan  8 21:05:22 2005 :: [*****] BUG: MOBprogs: MAX_CALL_LEVEL exceeded, vnum 29804
Sat Jan  8 21:05:22 2005 :: [*****] BUG: MOBprogs: MAX_CALL_LEVEL exceeded, vnum 29807
Sat Jan  8 21:05:22 2005 :: [*****] BUG: MOBprogs: MAX_CALL_LEVEL exceeded, vnum 29804
Sat Jan  8 21:05:22 2005 :: [*****] BUG: MOBprogs: MAX_CALL_LEVEL exceeded, vnum 29803
Sat Jan  8 21:05:22 2005 :: [*****] BUG: MOBprogs: MAX_CALL_LEVEL exceeded, vnum 29801
Sat Jan  8 21:05:22 2005 :: [*****] BUG: MOBprogs: MAX_CALL_LEVEL exceeded, vnum 29807
Sat Jan  8 21:05:22 2005 :: [*****] BUG: MOBprogs: MAX_CALL_LEVEL exceeded, vnum 5411
Sat Jan  8 21:05:22 2005 :: [*****] BUG: MOBprogs: MAX_CALL_LEVEL exceeded, vnum 4639
Sat Jan  8 21:05:22 2005 :: [*****] BUG: MOBprogs: MAX_CALL_LEVEL exceeded, vnum 4639
Sat Jan  8 21:05:22 2005 :: [*****] BUG: MOBprogs: MAX_CALL_LEVEL exceeded, vnum 4630
Sat Jan  8 21:05:26 2005 :: [*****] BUG: MOBprogs: MAX_CALL_LEVEL exceeded, vnum 10185
Sat Jan  8 21:05:26 2005 :: [*****] BUG: MOBprogs: MAX_CALL_LEVEL exceeded, vnum 29806
Sat Jan  8 21:05:26 2005 :: [*****] BUG: MOBprogs: MAX_CALL_LEVEL exceeded, vnum 29807
Sat Jan  8 21:05:26 2005 :: [*****] BUG: MOBprogs: MAX_CALL_LEVEL exceeded, vnum 29807
Sat Jan  8 21:05:26 2005 :: [*****] BUG: MOBprogs: MAX_CALL_LEVEL exceeded, vnum 29804
Sat Jan  8 21:05:26 2005 :: [*****] BUG: MOBprogs: MAX_CALL_LEVEL exceeded, vnum 29804
Sat Jan  8 21:05:26 2005 :: [*****] BUG: MOBprogs: MAX_CALL_LEVEL exceeded, vnum 29801
Sat Jan  8 21:05:26 2005 :: [*****] BUG: MOBprogs: MAX_CALL_LEVEL exceeded, vnum 29801
Sat Jan  8 21:05:26 2005 :: [*****] BUG: MOBprogs: MAX_CALL_LEVEL exceeded, vnum 10183
Sat Jan  8 21:05:26 2005 :: [*****] BUG: MOBprogs: MAX_CALL_LEVEL exceeded, vnum 10102
Sat Jan  8 21:05:26 2005 :: [*****] BUG: MOBprogs: MAX_CALL_LEVEL exceeded, vnum 4639
Sat Jan  8 21:05:30 2005 :: [*****] BUG: MOBprogs: MAX_CALL_LEVEL exceeded, vnum 29804
Sat Jan  8 21:05:30 2005 :: [*****] BUG: MOBprogs: MAX_CALL_LEVEL exceeded, vnum 29801
Sat Jan  8 21:05:30 2005 :: [*****] BUG: MOBprogs: MAX_CALL_LEVEL exceeded, vnum 29804
Sat Jan  8 21:05:30 2005 :: [*****] BUG: MOBprogs: MAX_CALL_LEVEL exceeded, vnum 5411
Sat Jan  8 21:05:30 2005 :: [*****] BUG: MOBprogs: MAX_CALL_LEVEL exceeded, vnum 4639
Sat Jan  8 21:05:34 2005 :: [*****] BUG: MOBprogs: MAX_CALL_LEVEL exceeded, vnum 10185
Sat Jan  8 21:05:34 2005 :: [*****] BUG: MOBprogs: MAX_CALL_LEVEL exceeded, vnum 29801
Sat Jan  8 21:05:34 2005 :: [*****] BUG: MOBprogs: MAX_CALL_LEVEL exceeded, vnum 29805
Sat Jan  8 21:05:34 2005 :: [*****] BUG: MOBprogs: MAX_CALL_LEVEL exceeded, vnum 29804
Sat Jan  8 21:05:34 2005 :: [*****] BUG: MOBprogs: MAX_CALL_LEVEL exceeded, vnum 29804
Sat Jan  8 21:05:34 2005 :: [*****] BUG: MOBprogs: MAX_CALL_LEVEL exceeded, vnum 29800
Sat Jan  8 21:05:34 2005 :: [*****] BUG: MOBprogs: MAX_CALL_LEVEL exceeded, vnum 29803
Sat Jan  8 21:05:34 2005 :: [*****] BUG: MOBprogs: MAX_CALL_LEVEL exceeded, vnum 10106
Sat Jan  8 21:05:34 2005 :: [*****] BUG: MOBprogs: MAX_CALL_LEVEL exceeded, vnum 5411
Sat Jan  8 21:05:34 2005 :: [*****] BUG: MOBprogs: MAX_CALL_LEVEL exceeded, vnum 4639
Sat Jan  8 21:05:34 2005 :: [*****] BUG: MOBprogs: MAX_CALL_LEVEL exceeded, vnum 4639
Sat Jan  8 21:05:38 2005 :: [*****] BUG: MOBprogs: MAX_CALL_LEVEL exceeded, vnum 29806
Sat Jan  8 21:05:38 2005 :: [*****] BUG: MOBprogs: MAX_CALL_LEVEL exceeded, vnum 29805
Sat Jan  8 21:05:38 2005 :: [*****] BUG: MOBprogs: MAX_CALL_LEVEL exceeded, vnum 29806
Sat Jan  8 21:05:38 2005 :: [*****] BUG: MOBprogs: MAX_CALL_LEVEL exceeded, vnum 29805
Sat Jan  8 21:05:38 2005 :: [*****] BUG: MOBprogs: MAX_CALL_LEVEL exceeded, vnum 29803
Sat Jan  8 21:05:38 2005 :: [*****] BUG: MOBprogs: MAX_CALL_LEVEL exceeded, vnum 29807
Sat Jan  8 21:05:38 2005 :: [*****] BUG: MOBprogs: MAX_CALL_LEVEL exceeded, vnum 29803
Sat Jan  8 21:05:38 2005 :: [*****] BUG: MOBprogs: MAX_CALL_LEVEL exceeded, vnum 29804
Sat Jan  8 21:05:38 2005 :: [*****] BUG: MOBprogs: MAX_CALL_LEVEL exceeded, vnum 29803
Sat Jan  8 21:05:38 2005 :: [*****] BUG: MOBprogs: MAX_CALL_LEVEL exceeded, vnum 29800
Sat Jan  8 21:05:38 2005 :: [*****] BUG: MOBprogs: MAX_CALL_LEVEL exceeded, vnum 10183
Sat Jan  8 21:05:38 2005 :: [*****] BUG: MOBprogs: MAX_CALL_LEVEL exceeded, vnum 5414
Sat Jan  8 21:05:38 2005 :: [*****] BUG: MOBprogs: MAX_CALL_LEVEL exceeded, vnum 5411
Sat Jan  8 21:05:38 2005 :: [*****] BUG: MOBprogs: MAX_CALL_LEVEL exceeded, vnum 4639
Sat Jan  8 21:05:42 2005 :: [*****] BUG: MOBprogs: MAX_CALL_LEVEL exceeded, vnum 10183
Sat Jan  8 21:05:42 2005 :: [*****] BUG: MOBprogs: MAX_CALL_LEVEL exceeded, vnum 29805
Sat Jan  8 21:05:42 2005 :: [*****] BUG: MOBprogs: MAX_CALL_LEVEL exceeded, vnum 29805
Sat Jan  8 21:05:42 2005 :: [*****] BUG: MOBprogs: MAX_CALL_LEVEL exceeded, vnum 29806
Sat Jan  8 21:05:42 2005 :: [*****] BUG: MOBprogs: MAX_CALL_LEVEL exceeded, vnum 29806
Sat Jan  8 21:05:42 2005 :: [*****] BUG: MOBprogs: MAX_CALL_LEVEL exceeded, vnum 29807
Sat Jan  8 21:05:42 2005 :: [*****] BUG: MOBprogs: MAX_CALL_LEVEL exceeded, vnum 29804
Sat Jan  8 21:05:42 2005 :: [*****] BUG: MOBprogs: MAX_CALL_LEVEL exceeded, vnum 4639
Sat Jan  8 21:05:46 2005 :: [*****] BUG: MOBprogs: MAX_CALL_LEVEL exceeded, vnum 29806
Sat Jan  8 21:05:46 2005 :: [*****] BUG: MOBprogs: MAX_CALL_LEVEL exceeded, vnum 29800
Sat Jan  8 21:05:46 2005 :: [*****] BUG: MOBprogs: MAX_CALL_LEVEL exceeded, vnum 29807
Sat Jan  8 21:05:46 2005 :: [*****] BUG: MOBprogs: MAX_CALL_LEVEL exceeded, vnum 29803
Sat Jan  8 21:05:46 2005 :: [*****] BUG: MOBprogs: MAX_CALL_LEVEL exceeded, vnum 29806
Sat Jan  8 21:05:46 2005 :: [*****] BUG: MOBprogs: MAX_CALL_LEVEL exceeded, vnum 29801
Sat Jan  8 21:05:46 2005 :: [*****] BUG: MOBprogs: MAX_CALL_LEVEL exceeded, vnum 29801
Sat Jan  8 21:05:46 2005 :: [*****] BUG: MOBprogs: MAX_CALL_LEVEL exceeded, vnum 29803
Sat Jan  8 21:05:46 2005 :: [*****] BUG: MOBprogs: MAX_CALL_LEVEL exceeded, vnum 29804
Sat Jan  8 21:05:46 2005 :: [*****] BUG: MOBprogs: MAX_CALL_LEVEL exceeded, vnum 29804
Sat Jan  8 21:05:46 2005 :: [*****] BUG: MOBprogs: MAX_CALL_LEVEL exceeded, vnum 4639
Sat Jan  8 21:05:46 2005 :: [*****] BUG: MOBprogs: MAX_CALL_LEVEL exceeded, vnum 4639
Sat Jan  8 21:05:50 2005 :: [*****] BUG: MOBprogs: MAX_CALL_LEVEL exceeded, vnum 29806
Sat Jan  8 21:05:50 2005 :: [*****] BUG: MOBprogs: MAX_CALL_LEVEL exceeded, vnum 29805
Sat Jan  8 21:05:50 2005 :: [*****] BUG: MOBprogs: MAX_CALL_LEVEL exceeded, vnum 29804
Sat Jan  8 21:05:50 2005 :: [*****] BUG: MOBprogs: MAX_CALL_LEVEL exceeded, vnum 29804
Sat Jan  8 21:05:50 2005 :: [*****] BUG: MOBprogs: MAX_CALL_LEVEL exceeded, vnum 29801
Sat Jan  8 21:05:50 2005 :: [*****] BUG: MOBprogs: MAX_CALL_LEVEL exceeded, vnum 29804
Sat Jan  8 21:05:50 2005 :: [*****] BUG: MOBprogs: MAX_CALL_LEVEL exceeded, vnum 29800
Sat Jan  8 21:05:50 2005 :: [*****] BUG: MOBprogs: MAX_CALL_LEVEL exceeded, vnum 10106
Sat Jan  8 21:05:50 2005 :: [*****] BUG: MOBprogs: MAX_CALL_LEVEL exceeded, vnum 10106
Sat Jan  8 21:05:50 2005 :: [*****] BUG: MOBprogs: MAX_CALL_LEVEL exceeded, vnum 4639
Sat Jan  8 21:05:50 2005 :: [*****] BUG: MOBprogs: MAX_CALL_LEVEL exceeded, vnum 4639
Sat Jan  8 21:05:54 2005 :: [*****] BUG: MOBprogs: MAX_CALL_LEVEL exceeded, vnum 29805
Sat Jan  8 21:05:54 2005 :: [*****] BUG: MOBprogs: MAX_CALL_LEVEL exceeded, vnum 29800
Sat Jan  8 21:05:54 2005 :: [*****] BUG: MOBprogs: MAX_CALL_LEVEL exceeded, vnum 29807
Sat Jan  8 21:05:54 2005 :: [*****] BUG: MOBprogs: MAX_CALL_LEVEL exceeded, vnum 29804
Sat Jan  8 21:05:54 2005 :: [*****] BUG: MOBprogs: MAX_CALL_LEVEL exceeded, vnum 5416
Sat Jan  8 21:05:54 2005 :: [*****] BUG: MOBprogs: MAX_CALL_LEVEL exceeded, vnum 5411
Sat Jan  8 21:05:54 2005 :: [*****] BUG: MOBprogs: MAX_CALL_LEVEL exceeded, vnum 4639
Sat Jan  8 21:05:58 2005 :: [*****] BUG: MOBprogs: MAX_CALL_LEVEL exceeded, vnum 29801
Sat Jan  8 21:05:58 2005 :: [*****] BUG: MOBprogs: MAX_CALL_LEVEL exceeded, vnum 29805
Sat Jan  8 21:05:58 2005 :: [*****] BUG: MOBprogs: MAX_CALL_LEVEL exceeded, vnum 29806
Sat Jan  8 21:05:58 2005 :: [*****] BUG: MOBprogs: MAX_CALL_LEVEL exceeded, vnum 29804
Sat Jan  8 21:05:58 2005 :: [*****] BUG: MOBprogs: MAX_CALL_LEVEL exceeded, vnum 29801
Sat Jan  8 21:05:58 2005 :: [*****] BUG: MOBprogs: MAX_CALL_LEVEL exceeded, vnum 29807
Sat Jan  8 21:05:58 2005 :: [*****] BUG: MOBprogs: MAX_CALL_LEVEL exceeded, vnum 29807
Sat Jan  8 21:05:58 2005 :: [*****] BUG: MOBprogs: MAX_CALL_LEVEL exceeded, vnum 29804
Sat Jan  8 21:05:58 2005 :: [*****] BUG: MOBprogs: MAX_CALL_LEVEL exceeded, vnum 29804
Sat Jan  8 21:05:58 2005 :: [*****] BUG: MOBprogs: MAX_CALL_LEVEL exceeded, vnum 29800
Sat Jan  8 21:05:58 2005 :: [*****] BUG: MOBprogs: MAX_CALL_LEVEL exceeded, vnum 10106
Sat Jan  8 21:05:58 2005 :: [*****] BUG: MOBprogs: MAX_CALL_LEVEL exceeded, vnum 10106
Sat Jan  8 21:05:58 2005 :: [*****] BUG: MOBprogs: MAX_CALL_LEVEL exceeded, vnum 5416
Sat Jan  8 21:05:58 2005 :: [*****] BUG: MOBprogs: MAX_CALL_LEVEL exceeded, vnum 4639
Sat Jan  8 21:06:02 2005 :: [*****] BUG: MOBprogs: MAX_CALL_LEVEL exceeded, vnum 10183
Sat Jan  8 21:06:02 2005 :: [*****] BUG: MOBprogs: MAX_CALL_LEVEL exceeded, vnum 29805
Sat Jan  8 21:06:02 2005 :: [*****] BUG: MOBprogs: MAX_CALL_LEVEL exceeded, vnum 29807
Sat Jan  8 21:06:02 2005 :: [*****] BUG: MOBprogs: MAX_CALL_LEVEL exceeded, vnum 29803
Sat Jan  8 21:06:02 2005 :: [*****] BUG: MOBprogs: MAX_CALL_LEVEL exceeded, vnum 29803
Sat Jan  8 21:06:02 2005 :: [*****] BUG: MOBprogs: MAX_CALL_LEVEL exceeded, vnum 29804
Sat Jan  8 21:06:02 2005 :: [*****] BUG: MOBprogs: MAX_CALL_LEVEL exceeded, vnum 5416
Sat Jan  8 21:06:02 2005 :: [*****] BUG: MOBprogs: MAX_CALL_LEVEL exceeded, vnum 5411
Sat Jan  8 21:06:02 2005 :: [*****] BUG: MOBprogs: MAX_CALL_LEVEL exceeded, vnum 4639
Sat Jan  8 21:06:02 2005 :: [*****] BUG: MOBprogs: MAX_CALL_LEVEL exceeded, vnum 4639
Sat Jan  8 21:06:02 2005 :: [*****] BUG: MOBprogs: MAX_CALL_LEVEL exceeded, vnum 4630
Sat Jan  8 21:06:06 2005 :: [*****] BUG: MOBprogs: MAX_CALL_LEVEL exceeded, vnum 29805
Sat Jan  8 21:06:06 2005 :: [*****] BUG: MOBprogs: MAX_CALL_LEVEL exceeded, vnum 29804
Sat Jan  8 21:06:06 2005 :: [*****] BUG: MOBprogs: MAX_CALL_LEVEL exceeded, vnum 29804
Sat Jan  8 21:06:06 2005 :: [*****] BUG: MOBprogs: MAX_CALL_LEVEL exceeded, vnum 29803
Sat Jan  8 21:06:06 2005 :: [*****] BUG: MOBprogs: MAX_CALL_LEVEL exceeded, vnum 29801
Sat Jan  8 21:06:06 2005 :: [*****] BUG: MOBprogs: MAX_CALL_LEVEL exceeded, vnum 29807
Sat Jan  8 21:06:06 2005 :: [*****] BUG: MOBprogs: MAX_CALL_LEVEL exceeded, vnum 29807
Sat Jan  8 21:06:06 2005 :: [*****] BUG: MOBprogs: MAX_CALL_LEVEL exceeded, vnum 29800
Sat Jan  8 21:06:06 2005 :: [*****] BUG: MOBprogs: MAX_CALL_LEVEL exceeded, vnum 29803
Sat Jan  8 21:06:06 2005 :: [*****] BUG: MOBprogs: MAX_CALL_LEVEL exceeded, vnum 29803
Sat Jan  8 21:06:06 2005 :: [*****] BUG: MOBprogs: MAX_CALL_LEVEL exceeded, vnum 5411
Sat Jan  8 21:06:06 2005 :: [*****] BUG: MOBprogs: MAX_CALL_LEVEL exceeded, vnum 4639
Sat Jan  8 21:06:06 2005 :: [*****] BUG: MOBprogs: MAX_CALL_LEVEL exceeded, vnum 4630
Sat Jan  8 21:06:10 2005 :: [*****] BUG: MOBprogs: MAX_CALL_LEVEL exceeded, vnum 10185
Sat Jan  8 21:06:10 2005 :: [*****] BUG: MOBprogs: MAX_CALL_LEVEL exceeded, vnum 29805
Sat Jan  8 21:06:10 2005 :: [*****] BUG: MOBprogs: MAX_CALL_LEVEL exceeded, vnum 29806
Sat Jan  8 21:06:10 2005 :: [*****] BUG: MOBprogs: MAX_CALL_LEVEL exceeded, vnum 29805
Sat Jan  8 21:06:10 2005 :: [*****] BUG: MOBprogs: MAX_CALL_LEVEL exceeded, vnum 29807
Sat Jan  8 21:06:10 2005 :: [*****] BUG: MOBprogs: MAX_CALL_LEVEL exceeded, vnum 29800
Sat Jan  8 21:06:10 2005 :: [*****] BUG: MOBprogs: MAX_CALL_LEVEL exceeded, vnum 4639
Sat Jan  8 21:06:14 2005 :: [*****] BUG: MOBprogs: MAX_CALL_LEVEL exceeded, vnum 29805
Sat Jan  8 21:06:14 2005 :: [*****] BUG: MOBprogs: MAX_CALL_LEVEL exceeded, vnum 29805
Sat Jan  8 21:06:14 2005 :: [*****] BUG: MOBprogs: MAX_CALL_LEVEL exceeded, vnum 29806
Sat Jan  8 21:06:14 2005 :: [*****] BUG: MOBprogs: MAX_CALL_LEVEL exceeded, vnum 29805
Sat Jan  8 21:06:14 2005 :: [*****] BUG: MOBprogs: MAX_CALL_LEVEL exceeded, vnum 29806
Sat Jan  8 21:06:14 2005 :: [*****] BUG: MOBprogs: MAX_CALL_LEVEL exceeded, vnum 29806
Sat Jan  8 21:06:14 2005 :: [*****] BUG: MOBprogs: MAX_CALL_LEVEL exceeded, vnum 29805
Sat Jan  8 21:06:14 2005 :: [*****] BUG: MOBprogs: MAX_CALL_LEVEL exceeded, vnum 29807
Sat Jan  8 21:06:14 2005 :: [*****] BUG: MOBprogs: MAX_CALL_LEVEL exceeded, vnum 29807
Sat Jan  8 21:06:14 2005 :: [*****] BUG: MOBprogs: MAX_CALL_LEVEL exceeded, vnum 29801
Sat Jan  8 21:06:14 2005 :: [*****] BUG: MOBprogs: MAX_CALL_LEVEL exceeded, vnum 29804
Sat Jan  8 21:06:14 2005 :: [*****] BUG: MOBprogs: MAX_CALL_LEVEL exceeded, vnum 29800
Sat Jan  8 21:06:14 2005 :: [*****] BUG: MOBprogs: MAX_CALL_LEVEL exceeded, vnum 10106
Sat Jan  8 21:06:14 2005 :: [*****] BUG: MOBprogs: MAX_CALL_LEVEL exceeded, vnum 5411
Sat Jan  8 21:06:14 2005 :: [*****] BUG: MOBprogs: MAX_CALL_LEVEL exceeded, vnum 4639
Sat Jan  8 21:06:18 2005 :: [*****] BUG: MOBprogs: MAX_CALL_LEVEL exceeded, vnum 29805
Sat Jan  8 21:06:18 2005 :: [*****] BUG: MOBprogs: MAX_CALL_LEVEL exceeded, vnum 29805
Sat Jan  8 21:06:18 2005 :: [*****] BUG: MOBprogs: MAX_CALL_LEVEL exceeded, vnum 29805
Sat Jan  8 21:06:18 2005 :: [*****] BUG: MOBprogs: MAX_CALL_LEVEL exceeded, vnum 29800
Sat Jan  8 21:06:18 2005 :: [*****] BUG: MOBprogs: MAX_CALL_LEVEL exceeded, vnum 29804
Sat Jan  8 21:06:18 2005 :: [*****] BUG: MOBprogs: MAX_CALL_LEVEL exceeded, vnum 29801
Sat Jan  8 21:06:18 2005 :: [*****] BUG: MOBprogs: MAX_CALL_LEVEL exceeded, vnum 29804
Sat Jan  8 21:06:18 2005 :: [*****] BUG: MOBprogs: MAX_CALL_LEVEL exceeded, vnum 29801
Sat Jan  8 21:06:18 2005 :: [*****] BUG: MOBprogs: MAX_CALL_LEVEL exceeded, vnum 29803
Sat Jan  8 21:06:18 2005 :: [*****] BUG: MOBprogs: MAX_CALL_LEVEL exceeded, vnum 10183
Sat Jan  8 21:06:18 2005 :: [*****] BUG: MOBprogs: MAX_CALL_LEVEL exceeded, vnum 4639
Sat Jan  8 21:06:18 2005 :: [*****] BUG: MOBprogs: MAX_CALL_LEVEL exceeded, vnum 4639
Sat Jan  8 21:06:22 2005 :: [*****] BUG: MOBprogs: MAX_CALL_LEVEL exceeded, vnum 29805
Sat Jan  8 21:06:22 2005 :: [*****] BUG: MOBprogs: MAX_CALL_LEVEL exceeded, vnum 29805
Sat Jan  8 21:06:22 2005 :: [*****] BUG: MOBprogs: MAX_CALL_LEVEL exceeded, vnum 29805
Sat Jan  8 21:06:22 2005 :: [*****] BUG: MOBprogs: MAX_CALL_LEVEL exceeded, vnum 29807
Sat Jan  8 21:06:22 2005 :: [*****] BUG: MOBprogs: MAX_CALL_LEVEL exceeded, vnum 29803
Sat Jan  8 21:06:22 2005 :: [*****] BUG: MOBprogs: MAX_CALL_LEVEL exceeded, vnum 29804
Sat Jan  8 21:06:22 2005 :: [*****] BUG: MOBprogs: MAX_CALL_LEVEL exceeded, vnum 29800
Sat Jan  8 21:06:22 2005 :: [*****] BUG: MOBprogs: MAX_CALL_LEVEL exceeded, vnum 4639
Sat Jan  8 21:06:22 2005 :: [*****] BUG: MOBprogs: MAX_CALL_LEVEL exceeded, vnum 4639
Sat Jan  8 21:06:26 2005 :: [*****] BUG: MOBprogs: MAX_CALL_LEVEL exceeded, vnum 29805
Sat Jan  8 21:06:26 2005 :: [*****] BUG: MOBprogs: MAX_CALL_LEVEL exceeded, vnum 29804
Sat Jan  8 21:06:26 2005 :: [*****] BUG: MOBprogs: MAX_CALL_LEVEL exceeded, vnum 29804
Sat Jan  8 21:06:26 2005 :: [*****] BUG: MOBprogs: MAX_CALL_LEVEL exceeded, vnum 29804
Sat Jan  8 21:06:26 2005 :: [*****] BUG: MOBprogs: MAX_CALL_LEVEL exceeded, vnum 29803
Sat Jan  8 21:06:26 2005 :: [*****] BUG: MOBprogs: MAX_CALL_LEVEL exceeded, vnum 29804
Sat Jan  8 21:06:26 2005 :: [*****] BUG: MOBprogs: MAX_CALL_LEVEL exceeded, vnum 29804
Sat Jan  8 21:06:26 2005 :: [*****] BUG: MOBprogs: MAX_CALL_LEVEL exceeded, vnum 10106
Sat Jan  8 21:06:26 2005 :: [*****] BUG: MOBprogs: MAX_CALL_LEVEL exceeded, vnum 10106
Sat Jan  8 21:06:26 2005 :: [*****] BUG: MOBprogs: MAX_CALL_LEVEL exceeded, vnum 4639
Sat Jan  8 21:06:26 2005 :: [*****] BUG: MOBprogs: MAX_CALL_LEVEL exceeded, vnum 4639
Sat Jan  8 21:06:26 2005 :: [*****] BUG: MOBprogs: MAX_CALL_LEVEL exceeded, vnum 4630
Sat Jan  8 21:06:30 2005 :: [*****] BUG: MOBprogs: MAX_CALL_LEVEL exceeded, vnum 10185
Sat Jan  8 21:06:30 2005 :: [*****] BUG: MOBprogs: MAX_CALL_LEVEL exceeded, vnum 29805
Sat Jan  8 21:06:30 2005 :: [*****] BUG: MOBprogs: MAX_CALL_LEVEL exceeded, vnum 29805
Sat Jan  8 21:06:30 2005 :: [*****] BUG: MOBprogs: MAX_CALL_LEVEL exceeded, vnum 29800
Sat Jan  8 21:06:30 2005 :: [*****] BUG: MOBprogs: MAX_CALL_LEVEL exceeded, vnum 29804
Sat Jan  8 21:06:30 2005 :: [*****] BUG: MOBprogs: MAX_CALL_LEVEL exceeded, vnum 29807
Sat Jan  8 21:06:30 2005 :: [*****] BUG: MOBprogs: MAX_CALL_LEVEL exceeded, vnum 29804
Sat Jan  8 21:06:30 2005 :: [*****] BUG: MOBprogs: MAX_CALL_LEVEL exceeded, vnum 10106
Sat Jan  8 21:06:30 2005 :: [*****] BUG: MOBprogs: MAX_CALL_LEVEL exceeded, vnum 4639
Sat Jan  8 21:06:34 2005 :: [*****] BUG: MOBprogs: MAX_CALL_LEVEL exceeded, vnum 29805
Sat Jan  8 21:06:34 2005 :: [*****] BUG: MOBprogs: MAX_CALL_LEVEL exceeded, vnum 29805
Sat Jan  8 21:06:34 2005 :: [*****] BUG: MOBprogs: MAX_CALL_LEVEL exceeded, vnum 29801
Sat Jan  8 21:06:34 2005 :: [*****] BUG: MOBprogs: MAX_CALL_LEVEL exceeded, vnum 29803
Sat Jan  8 21:06:34 2005 :: [*****] BUG: MOBprogs: MAX_CALL_LEVEL exceeded, vnum 29804
Sat Jan  8 21:06:34 2005 :: [*****] BUG: MOBprogs: MAX_CALL_LEVEL exceeded, vnum 4639
Sat Jan  8 21:06:36 2005 :: [*****] BUG: MOBprogs: MAX_CALL_LEVEL exceeded, vnum 25300
Sat Jan  8 21:06:37 2005 :: [*****] BUG: MOBprogs: MAX_CALL_LEVEL exceeded, vnum 25300
Sat Jan  8 21:06:38 2005 :: [*****] BUG: MOBprogs: MAX_CALL_LEVEL exceeded, vnum 10185
Sat Jan  8 21:06:38 2005 :: [*****] BUG: MOBprogs: MAX_CALL_LEVEL exceeded, vnum 29806
Sat Jan  8 21:06:38 2005 :: [*****] BUG: MOBprogs: MAX_CALL_LEVEL exceeded, vnum 29806
Sat Jan  8 21:06:38 2005 :: [*****] BUG: MOBprogs: MAX_CALL_LEVEL exceeded, vnum 29801
Sat Jan  8 21:06:38 2005 :: [*****] BUG: MOBprogs: MAX_CALL_LEVEL exceeded, vnum 29803
Sat Jan  8 21:06:38 2005 :: [*****] BUG: MOBprogs: MAX_CALL_LEVEL exceeded, vnum 29807
Sat Jan  8 21:06:38 2005 :: [*****] BUG: MOBprogs: MAX_CALL_LEVEL exceeded, vnum 29807
Sat Jan  8 21:06:38 2005 :: [*****] BUG: MOBprogs: MAX_CALL_LEVEL exceeded, vnum 29801
Sat Jan  8 21:06:38 2005 :: [*****] BUG: MOBprogs: MAX_CALL_LEVEL exceeded, vnum 29804
Sat Jan  8 21:06:38 2005 :: [*****] BUG: MOBprogs: MAX_CALL_LEVEL exceeded, vnum 25300
Sat Jan  8 21:06:39 2005 :: [*****] BUG: MOBprogs: MAX_CALL_LEVEL exceeded, vnum 25300
Sat Jan  8 21:06:39 2005 :: [*****] BUG: MOBprogs: MAX_CALL_LEVEL exceeded, vnum 25300
Sat Jan  8 21:06:40 2005 :: [*****] BUG: MOBprogs: MAX_CALL_LEVEL exceeded, vnum 25300
Sat Jan  8 21:06:40 2005 :: [*****] BUG: MOBprogs: MAX_CALL_LEVEL exceeded, vnum 25300
Sat Jan  8 21:06:42 2005 :: [*****] BUG: MOBprogs: MAX_CALL_LEVEL exceeded, vnum 29805
Sat Jan  8 21:06:42 2005 :: [*****] BUG: MOBprogs: MAX_CALL_LEVEL exceeded, vnum 29804
Sat Jan  8 21:06:42 2005 :: [*****] BUG: MOBprogs: MAX_CALL_LEVEL exceeded, vnum 29800
Sat Jan  8 21:06:42 2005 :: [*****] BUG: MOBprogs: MAX_CALL_LEVEL exceeded, vnum 10106
Sat Jan  8 21:06:42 2005 :: [*****] BUG: MOBprogs: MAX_CALL_LEVEL exceeded, vnum 5411
Sat Jan  8 21:06:46 2005 :: [*****] BUG: MOBprogs: MAX_CALL_LEVEL exceeded, vnum 29805
Sat Jan  8 21:06:46 2005 :: [*****] BUG: MOBprogs: MAX_CALL_LEVEL exceeded, vnum 29805
Sat Jan  8 21:06:46 2005 :: [*****] BUG: MOBprogs: MAX_CALL_LEVEL exceeded, vnum 29804
Sat Jan  8 21:06:46 2005 :: [*****] BUG: MOBprogs: MAX_CALL_LEVEL exceeded, vnum 29801
Sat Jan  8 21:06:46 2005 :: [*****] BUG: MOBprogs: MAX_CALL_LEVEL exceeded, vnum 29804
Sat Jan  8 21:06:46 2005 :: [*****] BUG: MOBprogs: MAX_CALL_LEVEL exceeded, vnum 10106
Sat Jan  8 21:06:46 2005 :: [*****] BUG: MOBprogs: MAX_CALL_LEVEL exceeded, vnum 5416
Sat Jan  8 21:06:46 2005 :: [*****] BUG: MOBprogs: MAX_CALL_LEVEL exceeded, vnum 5411
Sat Jan  8 21:06:46 2005 :: [*****] BUG: MOBprogs: MAX_CALL_LEVEL exceeded, vnum 4639
Sat Jan  8 21:06:50 2005 :: [*****] BUG: MOBprogs: MAX_CALL_LEVEL exceeded, vnum 29805
Sat Jan  8 21:06:50 2005 :: [*****] BUG: MOBprogs: MAX_CALL_LEVEL exceeded, vnum 29805
Sat Jan  8 21:06:50 2005 :: [*****] BUG: MOBprogs: MAX_CALL_LEVEL exceeded, vnum 29806
Sat Jan  8 21:06:50 2005 :: [*****] BUG: MOBprogs: MAX_CALL_LEVEL exceeded, vnum 29804
Sat Jan  8 21:06:50 2005 :: [*****] BUG: MOBprogs: MAX_CALL_LEVEL exceeded, vnum 29800
Sat Jan  8 21:06:50 2005 :: [*****] BUG: MOBprogs: MAX_CALL_LEVEL exceeded, vnum 29803
Sat Jan  8 21:06:50 2005 :: [*****] BUG: MOBprogs: MAX_CALL_LEVEL exceeded, vnum 29807
Sat Jan  8 21:06:50 2005 :: [*****] BUG: MOBprogs: MAX_CALL_LEVEL exceeded, vnum 29801
Sat Jan  8 21:06:50 2005 :: [*****] BUG: MOBprogs: MAX_CALL_LEVEL exceeded, vnum 29803
Sat Jan  8 21:06:50 2005 :: [*****] BUG: MOBprogs: MAX_CALL_LEVEL exceeded, vnum 29800
Sat Jan  8 21:06:50 2005 :: [*****] BUG: MOBprogs: MAX_CALL_LEVEL exceeded, vnum 29800
Sat Jan  8 21:06:50 2005 :: [*****] BUG: MOBprogs: MAX_CALL_LEVEL exceeded, vnum 4639
Sat Jan  8 21:06:50 2005 :: [*****] BUG: MOBprogs: MAX_CALL_LEVEL exceeded, vnum 3007
Sat Jan  8 21:06:54 2005 :: [*****] BUG: MOBprogs: MAX_CALL_LEVEL exceeded, vnum 10183
Sat Jan  8 21:06:54 2005 :: [*****] BUG: MOBprogs: MAX_CALL_LEVEL exceeded, vnum 29806
Sat Jan  8 21:06:54 2005 :: [*****] BUG: MOBprogs: MAX_CALL_LEVEL exceeded, vnum 29805
Sat Jan  8 21:06:54 2005 :: [*****] BUG: MOBprogs: MAX_CALL_LEVEL exceeded, vnum 29805
Sat Jan  8 21:06:54 2005 :: [*****] BUG: MOBprogs: MAX_CALL_LEVEL exceeded, vnum 29800
Sat Jan  8 21:06:54 2005 :: [*****] BUG: MOBprogs: MAX_CALL_LEVEL exceeded, vnum 29800
Sat Jan  8 21:06:54 2005 :: [*****] BUG: MOBprogs: MAX_CALL_LEVEL exceeded, vnum 29807
Sat Jan  8 21:06:54 2005 :: [*****] BUG: MOBprogs: MAX_CALL_LEVEL exceeded, vnum 29806
Sat Jan  8 21:06:54 2005 :: [*****] BUG: MOBprogs: MAX_CALL_LEVEL exceeded, vnum 29801
Sat Jan  8 21:06:54 2005 :: [*****] BUG: MOBprogs: MAX_CALL_LEVEL exceeded, vnum 10102
Sat Jan  8 21:06:54 2005 :: [*****] BUG: MOBprogs: MAX_CALL_LEVEL exceeded, vnum 10106
Sat Jan  8 21:06:54 2005 :: [*****] BUG: MOBprogs: MAX_CALL_LEVEL exceeded, vnum 4639
Sat Jan  8 21:06:54 2005 :: [*****] BUG: MOBprogs: MAX_CALL_LEVEL exceeded, vnum 4639
Sat Jan  8 21:06:54 2005 :: [*****] BUG: MOBprogs: MAX_CALL_LEVEL exceeded, vnum 4630
Sat Jan  8 21:06:58 2005 :: [*****] BUG: MOBprogs: MAX_CALL_LEVEL exceeded, vnum 29803
Sat Jan  8 21:06:58 2005 :: [*****] BUG: MOBprogs: MAX_CALL_LEVEL exceeded, vnum 29807
Sat Jan  8 21:06:58 2005 :: [*****] BUG: MOBprogs: MAX_CALL_LEVEL exceeded, vnum 29804
Sat Jan  8 21:06:58 2005 :: [*****] BUG: MOBprogs: MAX_CALL_LEVEL exceeded, vnum 29801
Sat Jan  8 21:06:58 2005 :: [*****] BUG: MOBprogs: MAX_CALL_LEVEL exceeded, vnum 29803
Sat Jan  8 21:06:58 2005 :: [*****] BUG: MOBprogs: MAX_CALL_LEVEL exceeded, vnum 4639
Sat Jan  8 21:07:02 2005 :: [*****] BUG: MOBprogs: MAX_CALL_LEVEL exceeded, vnum 29801
Sat Jan  8 21:07:02 2005 :: [*****] BUG: MOBprogs: MAX_CALL_LEVEL exceeded, vnum 29806
Sat Jan  8 21:07:02 2005 :: [*****] BUG: MOBprogs: MAX_CALL_LEVEL exceeded, vnum 29804
Sat Jan  8 21:07:02 2005 :: [*****] BUG: MOBprogs: MAX_CALL_LEVEL exceeded, vnum 10183
Sat Jan  8 21:07:02 2005 :: [*****] BUG: MOBprogs: MAX_CALL_LEVEL exceeded, vnum 10106
Sat Jan  8 21:07:02 2005 :: [*****] BUG: MOBprogs: MAX_CALL_LEVEL exceeded, vnum 10106
Sat Jan  8 21:07:02 2005 :: [*****] BUG: MOBprogs: MAX_CALL_LEVEL exceeded, vnum 10106
Sat Jan  8 21:07:02 2005 :: [*****] BUG: MOBprogs: MAX_CALL_LEVEL exceeded, vnum 4639
Sat Jan  8 21:07:02 2005 :: [*****] BUG: MOBprogs: MAX_CALL_LEVEL exceeded, vnum 4639
Sat Jan  8 21:07:06 2005 :: [*****] BUG: MOBprogs: MAX_CALL_LEVEL exceeded, vnum 29805
Sat Jan  8 21:07:06 2005 :: [*****] BUG: MOBprogs: MAX_CALL_LEVEL exceeded, vnum 29807
Sat Jan  8 21:07:06 2005 :: [*****] BUG: MOBprogs: MAX_CALL_LEVEL exceeded, vnum 29804
Sat Jan  8 21:07:06 2005 :: [*****] BUG: MOBprogs: MAX_CALL_LEVEL exceeded, vnum 29800
Sat Jan  8 21:07:06 2005 :: [*****] BUG: MOBprogs: MAX_CALL_LEVEL exceeded, vnum 29806
Sat Jan  8 21:07:06 2005 :: [*****] BUG: MOBprogs: MAX_CALL_LEVEL exceeded, vnum 29804
Sat Jan  8 21:07:06 2005 :: [*****] BUG: MOBprogs: MAX_CALL_LEVEL exceeded, vnum 29801
Sat Jan  8 21:07:06 2005 :: [*****] BUG: MOBprogs: MAX_CALL_LEVEL exceeded, vnum 4639
Sat Jan  8 21:07:10 2005 :: [*****] BUG: MOBprogs: MAX_CALL_LEVEL exceeded, vnum 29806
Sat Jan  8 21:07:10 2005 :: [*****] BUG: MOBprogs: MAX_CALL_LEVEL exceeded, vnum 29801
Sat Jan  8 21:07:10 2005 :: [*****] BUG: MOBprogs: MAX_CALL_LEVEL exceeded, vnum 29804
Sat Jan  8 21:07:10 2005 :: [*****] BUG: MOBprogs: MAX_CALL_LEVEL exceeded, vnum 29801
Sat Jan  8 21:07:10 2005 :: [*****] BUG: MOBprogs: MAX_CALL_LEVEL exceeded, vnum 29803
Sat Jan  8 21:07:10 2005 :: [*****] BUG: MOBprogs: MAX_CALL_LEVEL exceeded, vnum 4639
Sat Jan  8 21:07:10 2005 :: [*****] BUG: MOBprogs: MAX_CALL_LEVEL exceeded, vnum 4639
Sat Jan  8 21:07:10 2005 :: [*****] BUG: MOBprogs: MAX_CALL_LEVEL exceeded, vnum 4630
Sat Jan  8 21:07:14 2005 :: [*****] BUG: MOBprogs: MAX_CALL_LEVEL exceeded, vnum 29805
Sat Jan  8 21:07:14 2005 :: [*****] BUG: MOBprogs: MAX_CALL_LEVEL exceeded, vnum 29803
Sat Jan  8 21:07:14 2005 :: [*****] BUG: MOBprogs: MAX_CALL_LEVEL exceeded, vnum 10106
Sat Jan  8 21:07:14 2005 :: [*****] BUG: MOBprogs: MAX_CALL_LEVEL exceeded, vnum 5411
Sat Jan  8 21:07:14 2005 :: [*****] BUG: MOBprogs: MAX_CALL_LEVEL exceeded, vnum 4639
Sat Jan  8 21:07:18 2005 :: [*****] BUG: MOBprogs: MAX_CALL_LEVEL exceeded, vnum 10185
Sat Jan  8 21:07:18 2005 :: [*****] BUG: MOBprogs: MAX_CALL_LEVEL exceeded, vnum 29806
Sat Jan  8 21:07:18 2005 :: [*****] BUG: MOBprogs: MAX_CALL_LEVEL exceeded, vnum 29805
Sat Jan  8 21:07:18 2005 :: [*****] BUG: MOBprogs: MAX_CALL_LEVEL exceeded, vnum 29804
Sat Jan  8 21:07:18 2005 :: [*****] BUG: MOBprogs: MAX_CALL_LEVEL exceeded, vnum 29804
Sat Jan  8 21:07:18 2005 :: [*****] BUG: MOBprogs: MAX_CALL_LEVEL exceeded, vnum 29807
Sat Jan  8 21:07:18 2005 :: [*****] BUG: MOBprogs: MAX_CALL_LEVEL exceeded, vnum 29804
Sat Jan  8 21:07:18 2005 :: [*****] BUG: MOBprogs: MAX_CALL_LEVEL exceeded, vnum 29807
Sat Jan  8 21:07:18 2005 :: [*****] BUG: MOBprogs: MAX_CALL_LEVEL exceeded, vnum 29800
Sat Jan  8 21:07:18 2005 :: [*****] BUG: MOBprogs: MAX_CALL_LEVEL exceeded, vnum 29804
Sat Jan  8 21:07:18 2005 :: [*****] BUG: MOBprogs: MAX_CALL_LEVEL exceeded, vnum 29801
Sat Jan  8 21:07:18 2005 :: [*****] BUG: MOBprogs: MAX_CALL_LEVEL exceeded, vnum 29803
Sat Jan  8 21:07:18 2005 :: [*****] BUG: MOBprogs: MAX_CALL_LEVEL exceeded, vnum 5414
Sat Jan  8 21:07:18 2005 :: [*****] BUG: MOBprogs: MAX_CALL_LEVEL exceeded, vnum 4639
Sat Jan  8 21:07:22 2005 :: [*****] BUG: MOBprogs: MAX_CALL_LEVEL exceeded, vnum 10185
Sat Jan  8 21:07:22 2005 :: [*****] BUG: MOBprogs: MAX_CALL_LEVEL exceeded, vnum 10185
Sat Jan  8 21:07:22 2005 :: [*****] BUG: MOBprogs: MAX_CALL_LEVEL exceeded, vnum 10183
Sat Jan  8 21:07:22 2005 :: [*****] BUG: MOBprogs: MAX_CALL_LEVEL exceeded, vnum 29805
Sat Jan  8 21:07:22 2005 :: [*****] BUG: MOBprogs: MAX_CALL_LEVEL exceeded, vnum 29805
Sat Jan  8 21:07:22 2005 :: [*****] BUG: MOBprogs: MAX_CALL_LEVEL exceeded, vnum 29805
Sat Jan  8 21:07:22 2005 :: [*****] BUG: MOBprogs: MAX_CALL_LEVEL exceeded, vnum 29806
Sat Jan  8 21:07:22 2005 :: [*****] BUG: MOBprogs: MAX_CALL_LEVEL exceeded, vnum 29800
Sat Jan  8 21:07:22 2005 :: [*****] BUG: MOBprogs: MAX_CALL_LEVEL exceeded, vnum 29800
Sat Jan  8 21:07:22 2005 :: [*****] BUG: MOBprogs: MAX_CALL_LEVEL exceeded, vnum 10183
Sat Jan  8 21:07:22 2005 :: [*****] BUG: MOBprogs: MAX_CALL_LEVEL exceeded, vnum 4639
Sat Jan  8 21:07:22 2005 :: [*****] BUG: MOBprogs: MAX_CALL_LEVEL exceeded, vnum 4639
Sat Jan  8 21:07:22 2005 :: [*****] BUG: MOBprogs: MAX_CALL_LEVEL exceeded, vnum 4630
Sat Jan  8 21:07:26 2005 :: [*****] BUG: MOBprogs: MAX_CALL_LEVEL exceeded, vnum 10185
Sat Jan  8 21:07:26 2005 :: [*****] BUG: MOBprogs: MAX_CALL_LEVEL exceeded, vnum 29806
Sat Jan  8 21:07:26 2005 :: [*****] BUG: MOBprogs: MAX_CALL_LEVEL exceeded, vnum 29805
Sat Jan  8 21:07:26 2005 :: [*****] BUG: MOBprogs: MAX_CALL_LEVEL exceeded, vnum 29803
Sat Jan  8 21:07:26 2005 :: [*****] BUG: MOBprogs: MAX_CALL_LEVEL exceeded, vnum 29807
Sat Jan  8 21:07:26 2005 :: [*****] BUG: MOBprogs: MAX_CALL_LEVEL exceeded, vnum 29807
Sat Jan  8 21:07:26 2005 :: [*****] BUG: MOBprogs: MAX_CALL_LEVEL exceeded, vnum 29807
Sat Jan  8 21:07:26 2005 :: [*****] BUG: MOBprogs: MAX_CALL_LEVEL exceeded, vnum 29807
Sat Jan  8 21:07:26 2005 :: [*****] BUG: MOBprogs: MAX_CALL_LEVEL exceeded, vnum 29803
Sat Jan  8 21:07:26 2005 :: [*****] BUG: MOBprogs: MAX_CALL_LEVEL exceeded, vnum 29803
Sat Jan  8 21:07:26 2005 :: [*****] BUG: MOBprogs: MAX_CALL_LEVEL exceeded, vnum 29800
Sat Jan  8 21:07:26 2005 :: [*****] BUG: MOBprogs: MAX_CALL_LEVEL exceeded, vnum 29803
Sat Jan  8 21:07:26 2005 :: [*****] BUG: MOBprogs: MAX_CALL_LEVEL exceeded, vnum 29800
Sat Jan  8 21:07:26 2005 :: [*****] BUG: MOBprogs: MAX_CALL_LEVEL exceeded, vnum 5411
Sat Jan  8 21:07:26 2005 :: [*****] BUG: MOBprogs: MAX_CALL_LEVEL exceeded, vnum 4639
Sat Jan  8 21:07:26 2005 :: [*****] BUG: MOBprogs: MAX_CALL_LEVEL exceeded, vnum 4639
Sat Jan  8 21:07:30 2005 :: [*****] BUG: MOBprogs: MAX_CALL_LEVEL exceeded, vnum 29800
Sat Jan  8 21:07:30 2005 :: [*****] BUG: MOBprogs: MAX_CALL_LEVEL exceeded, vnum 29807
Sat Jan  8 21:07:30 2005 :: [*****] BUG: MOBprogs: MAX_CALL_LEVEL exceeded, vnum 29804
Sat Jan  8 21:07:30 2005 :: [*****] BUG: MOBprogs: MAX_CALL_LEVEL exceeded, vnum 29803
Sat Jan  8 21:07:30 2005 :: [*****] BUG: MOBprogs: MAX_CALL_LEVEL exceeded, vnum 29804
Sat Jan  8 21:07:30 2005 :: [*****] BUG: MOBprogs: MAX_CALL_LEVEL exceeded, vnum 10106
Sat Jan  8 21:07:30 2005 :: [*****] BUG: MOBprogs: MAX_CALL_LEVEL exceeded, vnum 5411
Sat Jan  8 21:07:30 2005 :: [*****] BUG: MOBprogs: MAX_CALL_LEVEL exceeded, vnum 4639
Sat Jan  8 21:07:34 2005 :: [*****] BUG: MOBprogs: MAX_CALL_LEVEL exceeded, vnum 29805
Sat Jan  8 21:07:34 2005 :: [*****] BUG: MOBprogs: MAX_CALL_LEVEL exceeded, vnum 29804
Sat Jan  8 21:07:34 2005 :: [*****] BUG: MOBprogs: MAX_CALL_LEVEL exceeded, vnum 29804
Sat Jan  8 21:07:34 2005 :: [*****] BUG: MOBprogs: MAX_CALL_LEVEL exceeded, vnum 10183
Sat Jan  8 21:07:34 2005 :: [*****] BUG: MOBprogs: MAX_CALL_LEVEL exceeded, vnum 5411
Sat Jan  8 21:07:34 2005 :: [*****] BUG: MOBprogs: MAX_CALL_LEVEL exceeded, vnum 4639
Sat Jan  8 21:07:38 2005 :: [*****] BUG: MOBprogs: MAX_CALL_LEVEL exceeded, vnum 3011
Sat Jan  8 21:07:38 2005 :: [*****] BUG: MOBprogs: MAX_CALL_LEVEL exceeded, vnum 29806
Sat Jan  8 21:07:38 2005 :: [*****] BUG: MOBprogs: MAX_CALL_LEVEL exceeded, vnum 29806
Sat Jan  8 21:07:38 2005 :: [*****] BUG: MOBprogs: MAX_CALL_LEVEL exceeded, vnum 29806
Sat Jan  8 21:07:38 2005 :: [*****] BUG: MOBprogs: MAX_CALL_LEVEL exceeded, vnum 29807
Sat Jan  8 21:07:38 2005 :: [*****] BUG: MOBprogs: MAX_CALL_LEVEL exceeded, vnum 29801
Sat Jan  8 21:07:38 2005 :: [*****] BUG: MOBprogs: MAX_CALL_LEVEL exceeded, vnum 29807
Sat Jan  8 21:07:38 2005 :: [*****] BUG: MOBprogs: MAX_CALL_LEVEL exceeded, vnum 29807
Sat Jan  8 21:07:38 2005 :: [*****] BUG: MOBprogs: MAX_CALL_LEVEL exceeded, vnum 29804
Sat Jan  8 21:07:38 2005 :: [*****] BUG: MOBprogs: MAX_CALL_LEVEL exceeded, vnum 29804
Sat Jan  8 21:07:38 2005 :: [*****] BUG: MOBprogs: MAX_CALL_LEVEL exceeded, vnum 29800
Sat Jan  8 21:07:38 2005 :: [*****] BUG: MOBprogs: MAX_CALL_LEVEL exceeded, vnum 29800
Sat Jan  8 21:07:38 2005 :: [*****] BUG: MOBprogs: MAX_CALL_LEVEL exceeded, vnum 5411
Sat Jan  8 21:07:38 2005 :: [*****] BUG: MOBprogs: MAX_CALL_LEVEL exceeded, vnum 4639
Sat Jan  8 21:07:42 2005 :: [*****] BUG: MOBprogs: MAX_CALL_LEVEL exceeded, vnum 29806
Sat Jan  8 21:07:42 2005 :: [*****] BUG: MOBprogs: MAX_CALL_LEVEL exceeded, vnum 29806
Sat Jan  8 21:07:42 2005 :: [*****] BUG: MOBprogs: MAX_CALL_LEVEL exceeded, vnum 29805
Sat Jan  8 21:07:42 2005 :: [*****] BUG: MOBprogs: MAX_CALL_LEVEL exceeded, vnum 29800
Sat Jan  8 21:07:42 2005 :: [*****] BUG: MOBprogs: MAX_CALL_LEVEL exceeded, vnum 29807
Sat Jan  8 21:07:42 2005 :: [*****] BUG: MOBprogs: MAX_CALL_LEVEL exceeded, vnum 29804
Sat Jan  8 21:07:42 2005 :: [*****] BUG: MOBprogs: MAX_CALL_LEVEL exceeded, vnum 29807
Sat Jan  8 21:07:42 2005 :: [*****] BUG: MOBprogs: MAX_CALL_LEVEL exceeded, vnum 29803
Sat Jan  8 21:07:42 2005 :: [*****] BUG: MOBprogs: MAX_CALL_LEVEL exceeded, vnum 29804
Sat Jan  8 21:07:42 2005 :: [*****] BUG: MOBprogs: MAX_CALL_LEVEL exceeded, vnum 29801
Sat Jan  8 21:07:42 2005 :: [*****] BUG: MOBprogs: MAX_CALL_LEVEL exceeded, vnum 29803
Sat Jan  8 21:07:42 2005 :: [*****] BUG: MOBprogs: MAX_CALL_LEVEL exceeded, vnum 29803
Sat Jan  8 21:07:42 2005 :: [*****] BUG: MOBprogs: MAX_CALL_LEVEL exceeded, vnum 29804
Sat Jan  8 21:07:42 2005 :: [*****] BUG: MOBprogs: MAX_CALL_LEVEL exceeded, vnum 29800
Sat Jan  8 21:07:42 2005 :: [*****] BUG: MOBprogs: MAX_CALL_LEVEL exceeded, vnum 5411
Sat Jan  8 21:07:42 2005 :: [*****] BUG: MOBprogs: MAX_CALL_LEVEL exceeded, vnum 4639
Sat Jan  8 21:07:42 2005 :: [*****] BUG: MOBprogs: MAX_CALL_LEVEL exceeded, vnum 4639
Sat Jan  8 21:07:46 2005 :: [*****] BUG: MOBprogs: MAX_CALL_LEVEL exceeded, vnum 29806
Sat Jan  8 21:07:46 2005 :: [*****] BUG: MOBprogs: MAX_CALL_LEVEL exceeded, vnum 29804
Sat Jan  8 21:07:46 2005 :: [*****] BUG: MOBprogs: MAX_CALL_LEVEL exceeded, vnum 29800
Sat Jan  8 21:07:46 2005 :: [*****] BUG: MOBprogs: MAX_CALL_LEVEL exceeded, vnum 29807
Sat Jan  8 21:07:46 2005 :: [*****] BUG: MOBprogs: MAX_CALL_LEVEL exceeded, vnum 29804
Sat Jan  8 21:07:46 2005 :: [*****] BUG: MOBprogs: MAX_CALL_LEVEL exceeded, vnum 29803
Sat Jan  8 21:07:46 2005 :: [*****] BUG: MOBprogs: MAX_CALL_LEVEL exceeded, vnum 29804
Sat Jan  8 21:07:46 2005 :: [*****] BUG: MOBprogs: MAX_CALL_LEVEL exceeded, vnum 29801
Sat Jan  8 21:07:46 2005 :: [*****] BUG: MOBprogs: MAX_CALL_LEVEL exceeded, vnum 29803
Sat Jan  8 21:07:46 2005 :: [*****] BUG: MOBprogs: MAX_CALL_LEVEL exceeded, vnum 10106
Sat Jan  8 21:07:46 2005 :: [*****] BUG: MOBprogs: MAX_CALL_LEVEL exceeded, vnum 5412
Sat Jan  8 21:07:46 2005 :: [*****] BUG: MOBprogs: MAX_CALL_LEVEL exceeded, vnum 4639
Sat Jan  8 21:07:46 2005 :: [*****] BUG: MOBprogs: MAX_CALL_LEVEL exceeded, vnum 4639
Sat Jan  8 21:07:46 2005 :: [*****] BUG: MOBprogs: MAX_CALL_LEVEL exceeded, vnum 4630
Sat Jan  8 21:07:50 2005 :: [*****] BUG: MOBprogs: MAX_CALL_LEVEL exceeded, vnum 10185
Sat Jan  8 21:07:50 2005 :: [*****] BUG: MOBprogs: MAX_CALL_LEVEL exceeded, vnum 29801
Sat Jan  8 21:07:50 2005 :: [*****] BUG: MOBprogs: MAX_CALL_LEVEL exceeded, vnum 10183
Sat Jan  8 21:07:50 2005 :: [*****] BUG: MOBprogs: MAX_CALL_LEVEL exceeded, vnum 10106
Sat Jan  8 21:07:50 2005 :: [*****] BUG: MOBprogs: MAX_CALL_LEVEL exceeded, vnum 5411
Sat Jan  8 21:07:50 2005 :: [*****] BUG: MOBprogs: MAX_CALL_LEVEL exceeded, vnum 4639
Sat Jan  8 21:07:50 2005 :: [*****] BUG: MOBprogs: MAX_CALL_LEVEL exceeded, vnum 4639
Sat Jan  8 21:07:54 2005 :: [*****] BUG: MOBprogs: MAX_CALL_LEVEL exceeded, vnum 29805
Sat Jan  8 21:07:54 2005 :: [*****] BUG: MOBprogs: MAX_CALL_LEVEL exceeded, vnum 29805
Sat Jan  8 21:07:54 2005 :: [*****] BUG: MOBprogs: MAX_CALL_LEVEL exceeded, vnum 29805
Sat Jan  8 21:07:54 2005 :: [*****] BUG: MOBprogs: MAX_CALL_LEVEL exceeded, vnum 29807
Sat Jan  8 21:07:54 2005 :: [*****] BUG: MOBprogs: MAX_CALL_LEVEL exceeded, vnum 29801
Sat Jan  8 21:07:54 2005 :: [*****] BUG: MOBprogs: MAX_CALL_LEVEL exceeded, vnum 29804
Sat Jan  8 21:07:54 2005 :: [*****] BUG: MOBprogs: MAX_CALL_LEVEL exceeded, vnum 29804
Sat Jan  8 21:07:54 2005 :: [*****] BUG: MOBprogs: MAX_CALL_LEVEL exceeded, vnum 29803
Sat Jan  8 21:07:54 2005 :: [*****] BUG: MOBprogs: MAX_CALL_LEVEL exceeded, vnum 10106
Sat Jan  8 21:07:54 2005 :: [*****] BUG: MOBprogs: MAX_CALL_LEVEL exceeded, vnum 5412
Sat Jan  8 21:07:54 2005 :: [*****] BUG: MOBprogs: MAX_CALL_LEVEL exceeded, vnum 4639
Sat Jan  8 21:07:58 2005 :: [*****] BUG: MOBprogs: MAX_CALL_LEVEL exceeded, vnum 29800
Sat Jan  8 21:07:58 2005 :: [*****] BUG: MOBprogs: MAX_CALL_LEVEL exceeded, vnum 29805
Sat Jan  8 21:07:58 2005 :: [*****] BUG: MOBprogs: MAX_CALL_LEVEL exceeded, vnum 29804
Sat Jan  8 21:07:58 2005 :: [*****] BUG: MOBprogs: MAX_CALL_LEVEL exceeded, vnum 29803
Sat Jan  8 21:07:58 2005 :: [*****] BUG: MOBprogs: MAX_CALL_LEVEL exceeded, vnum 29803
Sat Jan  8 21:07:58 2005 :: [*****] BUG: MOBprogs: MAX_CALL_LEVEL exceeded, vnum 29803
Sat Jan  8 21:07:58 2005 :: [*****] BUG: MOBprogs: MAX_CALL_LEVEL exceeded, vnum 29800
Sat Jan  8 21:07:58 2005 :: [*****] BUG: MOBprogs: MAX_CALL_LEVEL exceeded, vnum 10106
Sat Jan  8 21:07:58 2005 :: [*****] BUG: MOBprogs: MAX_CALL_LEVEL exceeded, vnum 10106
Sat Jan  8 21:07:58 2005 :: [*****] BUG: MOBprogs: MAX_CALL_LEVEL exceeded, vnum 5414
Sat Jan  8 21:07:58 2005 :: [*****] BUG: MOBprogs: MAX_CALL_LEVEL exceeded, vnum 4639
Sat Jan  8 21:07:58 2005 :: [*****] BUG: MOBprogs: MAX_CALL_LEVEL exceeded, vnum 4639
Sat Jan  8 21:08:02 2005 :: [*****] BUG: MOBprogs: MAX_CALL_LEVEL exceeded, vnum 29805
Sat Jan  8 21:08:02 2005 :: [*****] BUG: MOBprogs: MAX_CALL_LEVEL exceeded, vnum 29804
Sat Jan  8 21:08:02 2005 :: [*****] BUG: MOBprogs: MAX_CALL_LEVEL exceeded, vnum 29804
Sat Jan  8 21:08:02 2005 :: [*****] BUG: MOBprogs: MAX_CALL_LEVEL exceeded, vnum 29800
Sat Jan  8 21:08:02 2005 :: [*****] BUG: MOBprogs: MAX_CALL_LEVEL exceeded, vnum 5414
Sat Jan  8 21:08:02 2005 :: [*****] BUG: MOBprogs: MAX_CALL_LEVEL exceeded, vnum 5411
Sat Jan  8 21:08:02 2005 :: [*****] BUG: MOBprogs: MAX_CALL_LEVEL exceeded, vnum 4639
Sat Jan  8 21:08:02 2005 :: [*****] BUG: MOBprogs: MAX_CALL_LEVEL exceeded, vnum 4639
Sat Jan  8 21:08:06 2005 :: [*****] BUG: MOBprogs: MAX_CALL_LEVEL exceeded, vnum 29806
Sat Jan  8 21:08:06 2005 :: [*****] BUG: MOBprogs: MAX_CALL_LEVEL exceeded, vnum 29804
Sat Jan  8 21:08:06 2005 :: [*****] BUG: MOBprogs: MAX_CALL_LEVEL exceeded, vnum 29804
Sat Jan  8 21:08:06 2005 :: [*****] BUG: MOBprogs: MAX_CALL_LEVEL exceeded, vnum 29804
Sat Jan  8 21:08:06 2005 :: [*****] BUG: MOBprogs: MAX_CALL_LEVEL exceeded, vnum 29807
Sat Jan  8 21:08:06 2005 :: [*****] BUG: MOBprogs: MAX_CALL_LEVEL exceeded, vnum 29807
Sat Jan  8 21:08:06 2005 :: [*****] BUG: MOBprogs: MAX_CALL_LEVEL exceeded, vnum 29801
Sat Jan  8 21:08:06 2005 :: [*****] BUG: MOBprogs: MAX_CALL_LEVEL exceeded, vnum 29803
Sat Jan  8 21:08:06 2005 :: [*****] BUG: MOBprogs: MAX_CALL_LEVEL exceeded, vnum 10106
Sat Jan  8 21:08:06 2005 :: [*****] BUG: MOBprogs: MAX_CALL_LEVEL exceeded, vnum 5411
Sat Jan  8 21:08:06 2005 :: [*****] BUG: MOBprogs: MAX_CALL_LEVEL exceeded, vnum 4639
Sat Jan  8 21:08:06 2005 :: [*****] BUG: MOBprogs: MAX_CALL_LEVEL exceeded, vnum 4639
Sat Jan  8 21:08:10 2005 :: [*****] BUG: MOBprogs: MAX_CALL_LEVEL exceeded, vnum 29801
Sat Jan  8 21:08:10 2005 :: [*****] BUG: MOBprogs: MAX_CALL_LEVEL exceeded, vnum 29804
Sat Jan  8 21:08:10 2005 :: [*****] BUG: MOBprogs: MAX_CALL_LEVEL exceeded, vnum 29804
Sat Jan  8 21:08:10 2005 :: [*****] BUG: MOBprogs: MAX_CALL_LEVEL exceeded, vnum 29803
Sat Jan  8 21:08:10 2005 :: [*****] BUG: MOBprogs: MAX_CALL_LEVEL exceeded, vnum 29800
Sat Jan  8 21:08:10 2005 :: [*****] BUG: MOBprogs: MAX_CALL_LEVEL exceeded, vnum 29800
Sat Jan  8 21:08:10 2005 :: [*****] BUG: MOBprogs: MAX_CALL_LEVEL exceeded, vnum 10106
Sat Jan  8 21:08:10 2005 :: [*****] BUG: MOBprogs: MAX_CALL_LEVEL exceeded, vnum 10106
Sat Jan  8 21:08:10 2005 :: [*****] BUG: MOBprogs: MAX_CALL_LEVEL exceeded, vnum 5411
Sat Jan  8 21:08:14 2005 :: [*****] BUG: MOBprogs: MAX_CALL_LEVEL exceeded, vnum 29805
Sat Jan  8 21:08:14 2005 :: [*****] BUG: MOBprogs: MAX_CALL_LEVEL exceeded, vnum 29807
Sat Jan  8 21:08:14 2005 :: [*****] BUG: MOBprogs: MAX_CALL_LEVEL exceeded, vnum 29800
Sat Jan  8 21:08:14 2005 :: [*****] BUG: MOBprogs: MAX_CALL_LEVEL exceeded, vnum 29801
Sat Jan  8 21:08:14 2005 :: [*****] BUG: MOBprogs: MAX_CALL_LEVEL exceeded, vnum 29804
Sat Jan  8 21:08:14 2005 :: [*****] BUG: MOBprogs: MAX_CALL_LEVEL exceeded, vnum 29804
Sat Jan  8 21:08:14 2005 :: [*****] BUG: MOBprogs: MAX_CALL_LEVEL exceeded, vnum 10106
Sat Jan  8 21:08:14 2005 :: [*****] BUG: MOBprogs: MAX_CALL_LEVEL exceeded, vnum 10106
Sat Jan  8 21:08:14 2005 :: [*****] BUG: MOBprogs: MAX_CALL_LEVEL exceeded, vnum 4639
Sat Jan  8 21:08:14 2005 :: [*****] BUG: MOBprogs: MAX_CALL_LEVEL exceeded, vnum 4639
Sat Jan  8 21:08:18 2005 :: [*****] BUG: MOBprogs: MAX_CALL_LEVEL exceeded, vnum 29806
Sat Jan  8 21:08:18 2005 :: [*****] BUG: MOBprogs: MAX_CALL_LEVEL exceeded, vnum 29806
Sat Jan  8 21:08:18 2005 :: [*****] BUG: MOBprogs: MAX_CALL_LEVEL exceeded, vnum 29803
Sat Jan  8 21:08:18 2005 :: [*****] BUG: MOBprogs: MAX_CALL_LEVEL exceeded, vnum 29804
Sat Jan  8 21:08:18 2005 :: [*****] BUG: MOBprogs: MAX_CALL_LEVEL exceeded, vnum 29804
Sat Jan  8 21:08:18 2005 :: [*****] BUG: MOBprogs: MAX_CALL_LEVEL exceeded, vnum 29807
Sat Jan  8 21:08:18 2005 :: [*****] BUG: MOBprogs: MAX_CALL_LEVEL exceeded, vnum 29807
Sat Jan  8 21:08:18 2005 :: [*****] BUG: MOBprogs: MAX_CALL_LEVEL exceeded, vnum 29803
Sat Jan  8 21:08:18 2005 :: [*****] BUG: MOBprogs: MAX_CALL_LEVEL exceeded, vnum 5412
Sat Jan  8 21:08:18 2005 :: [*****] BUG: MOBprogs: MAX_CALL_LEVEL exceeded, vnum 5411
Sat Jan  8 21:08:18 2005 :: [*****] BUG: MOBprogs: MAX_CALL_LEVEL exceeded, vnum 4639
Sat Jan  8 21:08:18 2005 :: [*****] BUG: MOBprogs: MAX_CALL_LEVEL exceeded, vnum 4630
Sat Jan  8 21:08:22 2005 :: [*****] BUG: MOBprogs: MAX_CALL_LEVEL exceeded, vnum 29800
Sat Jan  8 21:08:22 2005 :: [*****] BUG: MOBprogs: MAX_CALL_LEVEL exceeded, vnum 29806
Sat Jan  8 21:08:22 2005 :: [*****] BUG: MOBprogs: MAX_CALL_LEVEL exceeded, vnum 29805
Sat Jan  8 21:08:22 2005 :: [*****] BUG: MOBprogs: MAX_CALL_LEVEL exceeded, vnum 29804
Sat Jan  8 21:08:22 2005 :: [*****] BUG: MOBprogs: MAX_CALL_LEVEL exceeded, vnum 29806
Sat Jan  8 21:08:22 2005 :: [*****] BUG: MOBprogs: MAX_CALL_LEVEL exceeded, vnum 29807
Sat Jan  8 21:08:22 2005 :: [*****] BUG: MOBprogs: MAX_CALL_LEVEL exceeded, vnum 29804
Sat Jan  8 21:08:22 2005 :: [*****] BUG: MOBprogs: MAX_CALL_LEVEL exceeded, vnum 29804
Sat Jan  8 21:08:22 2005 :: [*****] BUG: MOBprogs: MAX_CALL_LEVEL exceeded, vnum 5416
Sat Jan  8 21:08:22 2005 :: [*****] BUG: MOBprogs: MAX_CALL_LEVEL exceeded, vnum 4639
Sat Jan  8 21:08:22 2005 :: [*****] BUG: MOBprogs: MAX_CALL_LEVEL exceeded, vnum 4639
Sat Jan  8 21:08:26 2005 :: [*****] BUG: MOBprogs: MAX_CALL_LEVEL exceeded, vnum 29805
Sat Jan  8 21:08:26 2005 :: [*****] BUG: MOBprogs: MAX_CALL_LEVEL exceeded, vnum 29805
Sat Jan  8 21:08:26 2005 :: [*****] BUG: MOBprogs: MAX_CALL_LEVEL exceeded, vnum 29804
Sat Jan  8 21:08:26 2005 :: [*****] BUG: MOBprogs: MAX_CALL_LEVEL exceeded, vnum 29800
Sat Jan  8 21:08:26 2005 :: [*****] BUG: MOBprogs: MAX_CALL_LEVEL exceeded, vnum 29804
Sat Jan  8 21:08:26 2005 :: [*****] BUG: MOBprogs: MAX_CALL_LEVEL exceeded, vnum 29803
Sat Jan  8 21:08:26 2005 :: [*****] BUG: MOBprogs: MAX_CALL_LEVEL exceeded, vnum 4639
Sat Jan  8 21:08:30 2005 :: [*****] BUG: MOBprogs: MAX_CALL_LEVEL exceeded, vnum 29806
Sat Jan  8 21:08:30 2005 :: [*****] BUG: MOBprogs: MAX_CALL_LEVEL exceeded, vnum 29804
Sat Jan  8 21:08:30 2005 :: [*****] BUG: MOBprogs: MAX_CALL_LEVEL exceeded, vnum 29807
Sat Jan  8 21:08:30 2005 :: [*****] BUG: MOBprogs: MAX_CALL_LEVEL exceeded, vnum 29803
Sat Jan  8 21:08:30 2005 :: [*****] BUG: MOBprogs: MAX_CALL_LEVEL exceeded, vnum 4639
Sat Jan  8 21:08:30 2005 :: [*****] BUG: MOBprogs: MAX_CALL_LEVEL exceeded, vnum 4639
Sat Jan  8 21:08:30 2005 :: [*****] BUG: MOBprogs: MAX_CALL_LEVEL exceeded, vnum 4630
Sat Jan  8 21:08:34 2005 :: Closing link to Raxin.
Sat Jan  8 21:08:34 2005 :: Closing link to Leah.
Sat Jan  8 21:08:34 2005 :: Closing link to Venus.
Sat Jan  8 21:08:34 2005 :: Closing link to Sembiance.
Sat Jan  8 21:08:34 2005 :: Closing link to Argon.
Sat Jan  8 21:08:34 2005 :: Normal termination of game.
