Sat Jan  8 21:44:39 2005 :: ROM is ready to rock on port 5000.
New_descriptor: getpeername: Transport endpoint is not connected
Sat Jan  8 21:45:03 2005 :: Sock.sinaddr:  68.149.97.236
Write_to_descriptor: Connection reset by peer
New_descriptor: getpeername: Transport endpoint is not connected
Sat Jan  8 21:45:04 2005 :: Sock.sinaddr:  67.19.185.236
Write_to_descriptor: Connection reset by peer
Sat Jan  8 21:45:04 2005 :: Sock.sinaddr:  151.213.93.160
Sat Jan  8 21:45:04 2005 :: Loading Sembiance.
Sat Jan  8 21:45:06 2005 :: Sock.sinaddr:  66.93.33.134
Sat Jan  8 21:45:07 2005 :: Sembiance@236.67-19-185.reverse.theplanet.com has connected.
Sat Jan  8 21:45:07 2005 :: Sock.sinaddr:  67.170.53.94
Sat Jan  8 21:45:08 2005 :: Sock.sinaddr:  66.93.33.134
Sat Jan  8 21:45:09 2005 :: Loading Leah.
Sat Jan  8 21:45:09 2005 :: Leah@h160.93.213.151.ip.alltel.net has connected.
Sat Jan  8 21:45:10 2005 :: Sock.sinaddr:  67.141.86.144
Sat Jan  8 21:45:10 2005 :: Loading Argon.
Sat Jan  8 21:45:11 2005 :: Argon@67.141.86.144 has connected.
Sat Jan  8 21:45:13 2005 :: Loading Venus.
Sat Jan  8 21:45:13 2005 :: Venus@c-67-170-53-94.client.comcast.net has connected.
Sat Jan  8 21:45:23 2005 :: Loading Raxin.
Sat Jan  8 21:45:24 2005 :: Raxin@S0106000795eadf11.ed.shawcable.net has connected.
Sat Jan  8 21:47:33 2005 :: Log Sembiance: bonus all 500
Sat Jan  8 21:51:18 2005 :: Log Venus: guild leah deathkiss
Sat Jan  8 21:51:33 2005 :: Log Leah: choose
Sat Jan  8 21:51:33 2005 :: Log Leah: choose
Sat Jan  8 21:52:18 2005 :: Log Argon: ctimp dkiss
Sat Jan  8 21:52:22 2005 :: Log Argon: ctimp deathkiss
Sat Jan  8 21:53:14 2005 :: Sock.sinaddr:  151.213.93.160
Sat Jan  8 21:53:15 2005 :: Loading Lena.
Sat Jan  8 21:53:15 2005 :: Lena@h160.93.213.151.ip.alltel.net has connected.
Sat Jan  8 21:53:32 2005 :: Lena has quit.
Sat Jan  8 21:54:01 2005 :: Log Argon: snoop raxin
Sat Jan  8 21:55:57 2005 :: Log Argon: snoop self
Sat Jan  8 21:58:07 2005 :: Raxin killed by a gauntlet mage at 25306
Sat Jan  8 22:17:08 2005 :: Log Argon: string obj back short {DLeah's {RD{reath{WK{Diss {RClan {DBackpack{x
Sat Jan  8 22:20:00 2005 :: Log Argon: bonus all 50
Sat Jan  8 22:20:26 2005 :: EOF encountered on read.
Sat Jan  8 22:20:26 2005 :: Closing link to Argon.
Sat Jan  8 22:24:40 2005 :: Raxin has quit.
Sat Jan  8 22:26:17 2005 :: h160.93.213.151.ip.alltel.net input spamming!
Sat Jan  8 22:38:55 2005 :: [*****] BUG: HANDLER.C : CHAR_TO_ROOM - NO RM  [ MVNUM: 4634 RVNUM: ] ref A009
Sat Jan  8 23:00:45 2005 :: Log Venus: flag
Sat Jan  8 23:13:25 2005 :: Loading Seclar.
Sat Jan  8 23:13:25 2005 :: Seclar@dsl093-033-134.snd1.dsl.speakeasy.net has connected.
Sat Jan  8 23:32:42 2005 :: Log Seclar: cast summon dwarf leader
Sat Jan  8 23:34:17 2005 :: Sock.sinaddr:  69.10.213.19
Sat Jan  8 23:34:24 2005 :: Loading Anthony.
Sat Jan  8 23:34:24 2005 :: [*****] BUG: Fread_char: No FMatch
Sat Jan  8 23:34:26 2005 :: Anthony@69-10-213-19.rainierconnect.com has connected.
Sat Jan  8 23:41:26 2005 :: Sock.sinaddr:  69.10.213.19
Sat Jan  8 23:41:36 2005 :: Anthony has quit.
Sat Jan  8 23:42:06 2005 :: Loading Anthony.
Sat Jan  8 23:42:06 2005 :: [*****] BUG: Fread_char: No FMatch
Sat Jan  8 23:42:07 2005 :: Anthony@69-10-213-19.rainierconnect.com has connected.
Sat Jan  8 23:53:19 2005 :: Sock.sinaddr:  67.0.143.152
Read_from_descriptor: Connection reset by peer
Sat Jan  8 23:54:49 2005 :: Log Venus: snoop ant
Sat Jan  8 23:56:18 2005 :: Sock.sinaddr:  67.19.238.52
Sat Jan  8 23:56:18 2005 :: EOF encountered on read.
Sun Jan  9 00:06:38 2005 :: Anthony killed by A statue of the Fallen Red Dragon at 3001
Sun Jan  9 00:09:21 2005 :: Log Seclar: cast summon golem worker
Sun Jan  9 00:09:24 2005 :: Log Seclar: cast summon golem worker
Sun Jan  9 00:09:27 2005 :: Log Seclar: cast summon golem worker
Sun Jan  9 00:10:03 2005 :: Leah has quit.
Sun Jan  9 00:12:55 2005 :: [*****] BUG: Set_fighting: already fighting
Sun Jan  9 00:16:17 2005 :: Log Venus: mset ant prac 15
Sun Jan  9 00:16:51 2005 :: Seclar killed by a gauntlet paladin at 25309
Sun Jan  9 00:20:29 2005 :: Log Venus: snoop self
Sun Jan  9 00:20:34 2005 :: Log Venus: snoop sec
Sun Jan  9 00:26:21 2005 :: Anthony has quit.
Sun Jan  9 00:30:37 2005 :: Log Venus: snoop self
Sun Jan  9 00:34:03 2005 :: Argon has quit.
Sun Jan  9 00:35:04 2005 :: Log Venus: snoop sec
Sun Jan  9 00:44:36 2005 :: Log Seclar: cast summon golem worker
Sun Jan  9 00:44:41 2005 :: Log Seclar: cast summon golem worker
Sun Jan  9 00:45:01 2005 :: Log Seclar: cast summon golem worker
Sun Jan  9 00:59:51 2005 :: Sock.sinaddr:  67.141.86.144
Sun Jan  9 00:59:52 2005 :: Loading Argon.
Sun Jan  9 00:59:52 2005 :: Argon@67.141.86.144 has connected.
Sun Jan  9 01:01:37 2005 :: Log Argon: snoop sec
Sun Jan  9 01:15:34 2005 :: Sock.sinaddr:  66.222.216.154
Sun Jan  9 01:15:38 2005 :: Loading Chame.
Sun Jan  9 01:15:38 2005 :: Chame@d66-222-216-154.abhsia.telus.net has connected.
Sun Jan  9 01:17:42 2005 :: Log Seclar: cast summon midget
Sun Jan  9 01:48:04 2005 :: Log Argon: snoop chame
Sun Jan  9 01:48:14 2005 :: Log Argon: snoop self
Sun Jan  9 01:49:32 2005 :: Log Seclar: legend
Sun Jan  9 01:50:08 2005 :: Loading Enzio.
Sun Jan  9 01:50:09 2005 :: Enzio@dsl093-033-134.snd1.dsl.speakeasy.net has connected.
Sun Jan  9 01:51:53 2005 :: Enzio has quit.
Sun Jan  9 01:52:04 2005 :: Sock.sinaddr:  66.93.33.134
Sun Jan  9 01:52:17 2005 :: Log Sembiance: snoop seclar
Sun Jan  9 01:53:37 2005 :: Log Sembiance: snoop seclar
Sun Jan  9 01:54:03 2005 :: Log Argon: snoop chame
Sun Jan  9 01:56:14 2005 :: Log Sembiance: snoop chame
Sun Jan  9 01:56:16 2005 :: Log Sembiance: snoop seclar
Sun Jan  9 01:56:18 2005 :: Log Argon: snoop self
Sun Jan  9 01:57:22 2005 :: Sock.sinaddr:  69.10.213.19
Sun Jan  9 01:57:24 2005 :: EOF encountered on read.
Sun Jan  9 01:57:40 2005 :: Log Venus: legend test
Sun Jan  9 01:58:05 2005 :: Sock.sinaddr:  69.10.213.19
Sun Jan  9 01:58:17 2005 :: Loading Anthony.
Sun Jan  9 01:58:18 2005 :: Anthony@69-10-213-19.rainierconnect.com has connected.
Sun Jan  9 01:58:33 2005 :: Log Sembiance: snoop anthony
Sun Jan  9 01:59:34 2005 :: Log Venus: mset seclar qp 5000
Sun Jan  9 01:59:37 2005 :: Log Sembiance: snoop self
Sun Jan  9 02:09:11 2005 :: Log Venus: snoop self
Sun Jan  9 02:11:51 2005 :: Sock.sinaddr:  67.141.86.144
Sun Jan  9 02:11:53 2005 :: Loading Wrath.
Sun Jan  9 02:11:54 2005 :: Wrath@67.141.86.144 has connected.
Sun Jan  9 02:12:20 2005 :: Log Sembiance: snoop seclar
Sun Jan  9 02:16:39 2005 :: Log Sembiance: snoop self
Sun Jan  9 02:17:34 2005 :: Log Venus: snoop seclar
Sun Jan  9 02:26:05 2005 :: Log Sembiance: snoop seclar
Sun Jan  9 02:26:18 2005 :: Wrath has quit.
Sun Jan  9 02:26:56 2005 :: Log Anthony: delete
Sun Jan  9 02:27:38 2005 :: Log Anthony: delete
Sun Jan  9 02:27:38 2005 :: Anthony has quit.
Sun Jan  9 02:27:42 2005 :: Sock.sinaddr:  69.10.213.19
Sun Jan  9 02:28:02 2005 :: Anthony@69-10-213-19.rainierconnect.com new player.
Sun Jan  9 02:28:40 2005 :: Sock.sinaddr:  67.141.86.144
Sun Jan  9 02:28:42 2005 :: Loading Wrath.
Sun Jan  9 02:28:45 2005 :: Wrath@67.141.86.144 has connected.
Sun Jan  9 02:31:56 2005 :: Wrath has quit.
Sun Jan  9 02:35:28 2005 :: Sock.sinaddr:  4.236.255.66
Sun Jan  9 02:36:53 2005 :: Log Venus: snoop self
Sun Jan  9 02:36:54 2005 :: Log Venus: snoop ant
Sun Jan  9 02:37:06 2005 :: Loading Garet.
Sun Jan  9 02:37:08 2005 :: Garet@dialup-4.236.255.66.Dial1.NewYork1.Level3.net has connected.
Sun Jan  9 02:37:23 2005 :: Log Anthony: delete
Sun Jan  9 02:37:24 2005 :: Log Anthony: delete
Sun Jan  9 02:37:24 2005 :: Anthony has quit.
Sun Jan  9 02:37:27 2005 :: Sock.sinaddr:  69.10.213.19
Sun Jan  9 02:37:39 2005 :: Anthony@69-10-213-19.rainierconnect.com new player.
Sun Jan  9 02:39:11 2005 :: Log Venus: snoop seclar
Sun Jan  9 02:50:14 2005 :: Log Venus: snoop self
Sun Jan  9 02:50:15 2005 :: Log Venus: snoop ant
Sun Jan  9 02:50:24 2005 :: Log Venus: mset ant train 35
Sun Jan  9 02:50:49 2005 :: Seclar has quit.
Sun Jan  9 02:50:53 2005 :: Sock.sinaddr:  66.93.33.134
Sun Jan  9 02:53:42 2005 :: Log Venus: mset ant train 30
Sun Jan  9 02:53:56 2005 :: Log Venus: mset ant train 30
Sun Jan  9 02:54:01 2005 :: 69-10-213-19.rainierconnect.com input spamming!
Sun Jan  9 02:54:06 2005 :: Log Venus: mset ant train 30
Sun Jan  9 02:57:40 2005 :: Log Venus: snoop self
Sun Jan  9 02:57:42 2005 :: [*****] BUG: Mpoload - Bad level from vnum 3035.
Sun Jan  9 02:58:23 2005 :: dialup-4.236.255.66.Dial1.NewYork1.Level3.net input spamming!
Sun Jan  9 02:59:56 2005 :: [*****] BUG: Mpoload - Bad level from vnum 3035.
Sun Jan  9 03:03:07 2005 :: [*****] BUG: Mpoload - Bad level from vnum 3035.
Sun Jan  9 03:05:33 2005 :: [*****] BUG: Mpoload - Bad level from vnum 3035.
Sun Jan  9 03:07:28 2005 :: Log Venus: bonus all 100
Sun Jan  9 03:09:36 2005 :: [*****] BUG: Mpoload - Bad level from vnum 3062.
Sun Jan  9 03:12:42 2005 :: Chame has quit.
Sun Jan  9 03:15:14 2005 :: Log Argon: snoop antho
Sun Jan  9 03:19:27 2005 :: Log Argon: snoop self
Sun Jan  9 03:21:02 2005 :: Log Argon: snoop ano
Sun Jan  9 03:21:07 2005 :: Log Argon: snoop anth
Sun Jan  9 03:21:10 2005 :: Log Argon: snoop antho
Sun Jan  9 03:26:44 2005 :: Log Argon: snoop self
Sun Jan  9 03:30:25 2005 :: Sock.sinaddr:  204.209.44.14
Sun Jan  9 03:30:25 2005 :: EOF encountered on read.
Sun Jan  9 03:31:12 2005 :: Log Argon: bonus all 50
Sun Jan  9 03:32:49 2005 :: dialup-4.236.255.66.Dial1.NewYork1.Level3.net input spamming!
Sun Jan  9 03:37:14 2005 :: Anthony has quit.
Sun Jan  9 03:52:37 2005 :: Sock.sinaddr:  68.100.177.85
Sun Jan  9 03:53:04 2005 :: Loading Dusk.
Sun Jan  9 03:53:15 2005 :: Dusk@ip68-100-177-85.dc.dc.cox.net has connected.
Read_from_descriptor: Connection timed out
Sun Jan  9 04:10:55 2005 :: Closing link to Argon.
Sun Jan  9 04:17:05 2005 :: Dusk has quit.
Read_from_descriptor: Connection timed out
Sun Jan  9 05:02:47 2005 :: Closing link to Venus.
Sun Jan  9 05:11:06 2005 :: [*****] BUG: HANDLER.C : CHAR_TO_ROOM - NO RM  [ CN: Garet RVNUM: ] ref A009
Sun Jan  9 05:11:06 2005 :: Garet has quit.
Sun Jan  9 10:21:31 2005 :: Sock.sinaddr:  151.213.93.160
Sun Jan  9 10:21:32 2005 :: Loading Lena.
Sun Jan  9 10:21:32 2005 :: Lena@h160.93.213.151.ip.alltel.net has connected.
Sun Jan  9 10:21:36 2005 :: Lena has quit.
Sun Jan  9 10:21:37 2005 :: Sock.sinaddr:  151.213.93.160
Sun Jan  9 10:21:39 2005 :: Loading Leah.
Sun Jan  9 10:21:40 2005 :: Leah@h160.93.213.151.ip.alltel.net has connected.
Sun Jan  9 10:43:57 2005 :: [*****] BUG: HANDLER.C : CHAR_TO_ROOM - NO RM  [ CN: Leah RVNUM: ] ref A009
Sun Jan  9 10:43:57 2005 :: Leah has quit.
Sun Jan  9 11:44:17 2005 :: Sock.sinaddr:  67.141.86.144
Sun Jan  9 11:44:23 2005 :: Sock.sinaddr:  67.141.86.144
Sun Jan  9 11:44:27 2005 :: Loading Argon.
Sun Jan  9 11:44:27 2005 :: Argon@67.141.86.144 reconnected.
Sun Jan  9 12:09:30 2005 :: Sock.sinaddr:  67.141.86.144
Sun Jan  9 12:09:31 2005 :: Loading Argon.
Sun Jan  9 12:09:32 2005 :: Closing link to Argon.
Sun Jan  9 12:09:32 2005 :: Argon@67.141.86.144 reconnected.
Sun Jan  9 12:14:35 2005 :: Argon has quit.
Sun Jan  9 13:09:42 2005 :: Sock.sinaddr:  67.170.53.94
Sun Jan  9 13:09:48 2005 :: Loading Venus.
Sun Jan  9 13:09:48 2005 :: Venus@c-67-170-53-94.client.comcast.net reconnected.
Sun Jan  9 13:13:49 2005 :: Sock.sinaddr:  151.213.93.160
Sun Jan  9 13:13:50 2005 :: Loading Leah.
Sun Jan  9 13:13:50 2005 :: Leah@h160.93.213.151.ip.alltel.net has connected.
Sun Jan  9 13:35:08 2005 :: Sock.sinaddr:  4.236.27.99
Sun Jan  9 13:35:20 2005 :: Loading Garet.
Sun Jan  9 13:35:23 2005 :: Garet@dialup-4.236.27.99.Dial1.NewYork1.Level3.net has connected.
Sun Jan  9 13:49:45 2005 :: Loading Seclar.
Sun Jan  9 13:49:45 2005 :: Seclar@dsl093-033-134.snd1.dsl.speakeasy.net has connected.
Sun Jan  9 13:52:30 2005 :: Log Venus: snoop sec
Sun Jan  9 13:55:33 2005 :: Log Venus: mset venus class psi
Sun Jan  9 13:56:25 2005 :: Log Venus: snoop self
Sun Jan  9 13:59:06 2005 :: Sock.sinaddr:  69.10.213.19
Sun Jan  9 13:59:17 2005 :: Loading Anthony.
Sun Jan  9 13:59:18 2005 :: Anthony@69-10-213-19.rainierconnect.com has connected.
Read_from_descriptor: Connection reset by peer
Sun Jan  9 14:08:20 2005 :: Closing link to Leah.
Sun Jan  9 14:08:21 2005 :: Sock.sinaddr:  151.213.93.160
Sun Jan  9 14:08:24 2005 :: Loading Leah.
Sun Jan  9 14:08:24 2005 :: Closing link to Leah.
Sun Jan  9 14:08:25 2005 :: Sock.sinaddr:  151.213.93.160
Sun Jan  9 14:08:26 2005 :: Loading Leah.
Sun Jan  9 14:08:26 2005 :: Leah@h160.93.213.151.ip.alltel.net reconnected.
Read_from_descriptor: Connection reset by peer
Sun Jan  9 14:09:58 2005 :: Closing link to Leah.
Sun Jan  9 14:09:58 2005 :: Sock.sinaddr:  151.213.93.160
Sun Jan  9 14:09:59 2005 :: Loading Leah.
Sun Jan  9 14:10:00 2005 :: Leah@h160.93.213.151.ip.alltel.net reconnected.
Read_from_descriptor: Connection reset by peer
Sun Jan  9 14:12:11 2005 :: Closing link to Leah.
Sun Jan  9 14:12:12 2005 :: Sock.sinaddr:  151.213.93.160
Sun Jan  9 14:12:13 2005 :: Loading Leah.
Sun Jan  9 14:12:13 2005 :: Leah@h160.93.213.151.ip.alltel.net reconnected.
Sun Jan  9 14:13:41 2005 :: Log Sembiance: snoop seclar
Sun Jan  9 14:14:01 2005 :: Log Sembiance: snoop self
Sun Jan  9 14:14:50 2005 :: Sock.sinaddr:  66.222.216.154
Sun Jan  9 14:14:55 2005 :: Loading Chame.
Sun Jan  9 14:14:55 2005 :: Chame@d66-222-216-154.abhsia.telus.net has connected.
Sun Jan  9 14:16:18 2005 :: Log Venus: mset venus align 121
Sun Jan  9 14:18:37 2005 :: Leah has quit.
Sun Jan  9 14:22:33 2005 :: Log Venus: snoop sec
Sun Jan  9 14:22:50 2005 :: Log Venus: mset sec con 25
Sun Jan  9 14:23:18 2005 :: Log Venus: mset sec train 10
Sun Jan  9 14:28:34 2005 :: Seclar has quit.
Sun Jan  9 14:28:41 2005 :: Sock.sinaddr:  66.93.33.134
Sun Jan  9 14:29:47 2005 :: Loading Seclar.
Sun Jan  9 14:29:47 2005 :: Seclar@dsl093-033-134.snd1.dsl.speakeasy.net has connected.
Sun Jan  9 14:30:16 2005 :: Log Venus: snoop sec
Sun Jan  9 14:33:34 2005 :: Seclar has quit.
Sun Jan  9 14:33:37 2005 :: Sock.sinaddr:  66.93.33.134
Sun Jan  9 14:34:20 2005 :: Loading Seclar.
Sun Jan  9 14:34:20 2005 :: Seclar@dsl093-033-134.snd1.dsl.speakeasy.net has connected.
Sun Jan  9 14:34:37 2005 :: Seclar has quit.
Sun Jan  9 14:34:47 2005 :: Sock.sinaddr:  66.93.33.134
Sun Jan  9 14:36:22 2005 :: Loading Seclar.
Sun Jan  9 14:36:22 2005 :: Seclar@dsl093-033-134.snd1.dsl.speakeasy.net has connected.
Sun Jan  9 14:36:41 2005 :: Log Venus: snoop seclar
Sun Jan  9 14:38:15 2005 :: Log Sembiance: snoop seclar
Sun Jan  9 14:38:55 2005 :: Sock.sinaddr:  151.213.93.160
Sun Jan  9 14:38:56 2005 :: Loading Lena.
Sun Jan  9 14:38:57 2005 :: Lena@h160.93.213.151.ip.alltel.net has connected.
Sun Jan  9 14:40:31 2005 :: Lena has quit.
Sun Jan  9 14:40:32 2005 :: Sock.sinaddr:  151.213.93.160
Sun Jan  9 14:40:33 2005 :: Loading Leah.
Sun Jan  9 14:40:33 2005 :: Leah@h160.93.213.151.ip.alltel.net has connected.
Sun Jan  9 14:44:12 2005 :: Log Venus: mset sec train 6
Sun Jan  9 14:47:16 2005 :: Log Sembiance: snoop seclar
Sun Jan  9 14:48:02 2005 :: Leah has quit.
Sun Jan  9 14:48:03 2005 :: Sock.sinaddr:  151.213.93.160
Sun Jan  9 14:48:05 2005 :: Loading Lena.
Sun Jan  9 14:48:08 2005 :: Lena@h160.93.213.151.ip.alltel.net has connected.
Sun Jan  9 14:52:09 2005 :: Lena has quit.
Sun Jan  9 14:52:10 2005 :: Sock.sinaddr:  151.213.93.160
Sun Jan  9 14:52:11 2005 :: Loading Leah.
Sun Jan  9 14:52:11 2005 :: Leah@h160.93.213.151.ip.alltel.net has connected.
Sun Jan  9 14:53:07 2005 :: Closing link to Leah.
Sun Jan  9 14:53:07 2005 :: Closing link to Seclar.
Sun Jan  9 14:53:07 2005 :: Closing link to Chame.
Sun Jan  9 14:53:07 2005 :: Closing link to Anthony.
Sun Jan  9 14:53:07 2005 :: Closing link to Garet.
Sun Jan  9 14:53:07 2005 :: Closing link to Venus.
Sun Jan  9 14:53:07 2005 :: Closing link to Sembiance.
Sun Jan  9 14:53:08 2005 :: Normal termination of game.
