Sat Jun  4 03:00:47 2005 :: ROM is ready to rock on port 5000.
Sat Jun  4 03:01:10 2005 :: Sock.sinaddr:  68.77.176.135
Sat Jun  4 03:01:26 2005 :: Loading Kraven.
Sat Jun  4 03:01:28 2005 :: Kraven@adsl-68-77-176-135.dsl.wotnoh.ameritech.net has connected.
Sat Jun  4 03:37:48 2005 :: adsl-68-77-176-135.dsl.wotnoh.ameritech.net input spamming!
Sat Jun  4 03:39:10 2005 :: adsl-68-77-176-135.dsl.wotnoh.ameritech.net input spamming!
Sat Jun  4 03:41:37 2005 :: adsl-68-77-176-135.dsl.wotnoh.ameritech.net input spamming!
Sat Jun  4 03:42:59 2005 :: adsl-68-77-176-135.dsl.wotnoh.ameritech.net input spamming!
Sat Jun  4 03:44:21 2005 :: adsl-68-77-176-135.dsl.wotnoh.ameritech.net input spamming!
Sat Jun  4 03:45:33 2005 :: adsl-68-77-176-135.dsl.wotnoh.ameritech.net input spamming!
Sat Jun  4 03:46:42 2005 :: adsl-68-77-176-135.dsl.wotnoh.ameritech.net input spamming!
Sat Jun  4 04:05:37 2005 :: adsl-68-77-176-135.dsl.wotnoh.ameritech.net input spamming!
Sat Jun  4 04:15:13 2005 :: adsl-68-77-176-135.dsl.wotnoh.ameritech.net input spamming!
Sat Jun  4 04:24:21 2005 :: Sock.sinaddr:  204.209.44.14
Sat Jun  4 04:24:21 2005 :: EOF encountered on read.
Sat Jun  4 04:24:25 2005 :: Log Kraven: cast summon Zonk
Sat Jun  4 04:27:23 2005 :: adsl-68-77-176-135.dsl.wotnoh.ameritech.net input spamming!
Sat Jun  4 04:30:00 2005 :: adsl-68-77-176-135.dsl.wotnoh.ameritech.net input spamming!
Sat Jun  4 04:34:54 2005 :: adsl-68-77-176-135.dsl.wotnoh.ameritech.net input spamming!
Sat Jun  4 04:35:50 2005 :: adsl-68-77-176-135.dsl.wotnoh.ameritech.net input spamming!
Sat Jun  4 04:36:46 2005 :: adsl-68-77-176-135.dsl.wotnoh.ameritech.net input spamming!
Sat Jun  4 04:37:42 2005 :: adsl-68-77-176-135.dsl.wotnoh.ameritech.net input spamming!
Sat Jun  4 04:38:39 2005 :: adsl-68-77-176-135.dsl.wotnoh.ameritech.net input spamming!
Sat Jun  4 04:39:35 2005 :: adsl-68-77-176-135.dsl.wotnoh.ameritech.net input spamming!
Sat Jun  4 04:49:52 2005 :: adsl-68-77-176-135.dsl.wotnoh.ameritech.net input spamming!
Sat Jun  4 04:50:49 2005 :: adsl-68-77-176-135.dsl.wotnoh.ameritech.net input spamming!
Sat Jun  4 04:51:45 2005 :: adsl-68-77-176-135.dsl.wotnoh.ameritech.net input spamming!
Sat Jun  4 04:52:41 2005 :: adsl-68-77-176-135.dsl.wotnoh.ameritech.net input spamming!
Sat Jun  4 04:53:35 2005 :: adsl-68-77-176-135.dsl.wotnoh.ameritech.net input spamming!
Sat Jun  4 04:54:54 2005 :: Log Kraven: cast summon pope
Sat Jun  4 04:56:27 2005 :: adsl-68-77-176-135.dsl.wotnoh.ameritech.net input spamming!
Sat Jun  4 04:57:23 2005 :: adsl-68-77-176-135.dsl.wotnoh.ameritech.net input spamming!
Sat Jun  4 04:58:20 2005 :: adsl-68-77-176-135.dsl.wotnoh.ameritech.net input spamming!
Sat Jun  4 04:59:16 2005 :: adsl-68-77-176-135.dsl.wotnoh.ameritech.net input spamming!
Sat Jun  4 05:00:12 2005 :: adsl-68-77-176-135.dsl.wotnoh.ameritech.net input spamming!
Sat Jun  4 05:10:00 2005 :: [*****] BUG: HANDLER.C : CHAR_TO_ROOM - NO RM  [ CN: Kraven RVNUM: ] ref A009
Sat Jun  4 05:10:00 2005 :: Kraven has quit.
Sat Jun  4 05:10:03 2005 :: Sock.sinaddr:  68.77.176.135
Sat Jun  4 05:10:08 2005 :: Loading Kraven.
Sat Jun  4 05:10:10 2005 :: Kraven@adsl-68-77-176-135.dsl.wotnoh.ameritech.net has connected.
Sat Jun  4 05:11:51 2005 :: adsl-68-77-176-135.dsl.wotnoh.ameritech.net input spamming!
Sat Jun  4 05:12:47 2005 :: adsl-68-77-176-135.dsl.wotnoh.ameritech.net input spamming!
Sat Jun  4 05:13:43 2005 :: adsl-68-77-176-135.dsl.wotnoh.ameritech.net input spamming!
Sat Jun  4 05:14:39 2005 :: adsl-68-77-176-135.dsl.wotnoh.ameritech.net input spamming!
Sat Jun  4 05:15:36 2005 :: adsl-68-77-176-135.dsl.wotnoh.ameritech.net input spamming!
Sat Jun  4 05:16:32 2005 :: adsl-68-77-176-135.dsl.wotnoh.ameritech.net input spamming!
Sat Jun  4 05:17:28 2005 :: adsl-68-77-176-135.dsl.wotnoh.ameritech.net input spamming!
Sat Jun  4 05:35:41 2005 :: adsl-68-77-176-135.dsl.wotnoh.ameritech.net input spamming!
Sat Jun  4 05:36:37 2005 :: adsl-68-77-176-135.dsl.wotnoh.ameritech.net input spamming!
Sat Jun  4 05:40:38 2005 :: adsl-68-77-176-135.dsl.wotnoh.ameritech.net input spamming!
Sat Jun  4 05:41:35 2005 :: adsl-68-77-176-135.dsl.wotnoh.ameritech.net input spamming!
Sat Jun  4 05:42:31 2005 :: adsl-68-77-176-135.dsl.wotnoh.ameritech.net input spamming!
Sat Jun  4 05:43:27 2005 :: adsl-68-77-176-135.dsl.wotnoh.ameritech.net input spamming!
Sat Jun  4 05:44:24 2005 :: adsl-68-77-176-135.dsl.wotnoh.ameritech.net input spamming!
Sat Jun  4 05:45:20 2005 :: adsl-68-77-176-135.dsl.wotnoh.ameritech.net input spamming!
Sat Jun  4 05:47:02 2005 :: adsl-68-77-176-135.dsl.wotnoh.ameritech.net input spamming!
Sat Jun  4 05:50:44 2005 :: adsl-68-77-176-135.dsl.wotnoh.ameritech.net input spamming!
Sat Jun  4 05:51:40 2005 :: adsl-68-77-176-135.dsl.wotnoh.ameritech.net input spamming!
Sat Jun  4 05:52:36 2005 :: adsl-68-77-176-135.dsl.wotnoh.ameritech.net input spamming!
Sat Jun  4 05:53:33 2005 :: adsl-68-77-176-135.dsl.wotnoh.ameritech.net input spamming!
Sat Jun  4 06:07:23 2005 :: adsl-68-77-176-135.dsl.wotnoh.ameritech.net input spamming!
Sat Jun  4 06:08:19 2005 :: adsl-68-77-176-135.dsl.wotnoh.ameritech.net input spamming!
Sat Jun  4 06:09:15 2005 :: adsl-68-77-176-135.dsl.wotnoh.ameritech.net input spamming!
Sat Jun  4 06:10:12 2005 :: adsl-68-77-176-135.dsl.wotnoh.ameritech.net input spamming!
Sat Jun  4 06:11:08 2005 :: adsl-68-77-176-135.dsl.wotnoh.ameritech.net input spamming!
Sat Jun  4 06:12:05 2005 :: adsl-68-77-176-135.dsl.wotnoh.ameritech.net input spamming!
Sat Jun  4 06:26:03 2005 :: adsl-68-77-176-135.dsl.wotnoh.ameritech.net input spamming!
Sat Jun  4 06:27:00 2005 :: adsl-68-77-176-135.dsl.wotnoh.ameritech.net input spamming!
Sat Jun  4 06:27:56 2005 :: adsl-68-77-176-135.dsl.wotnoh.ameritech.net input spamming!
Sat Jun  4 06:28:53 2005 :: adsl-68-77-176-135.dsl.wotnoh.ameritech.net input spamming!
Sat Jun  4 06:29:49 2005 :: adsl-68-77-176-135.dsl.wotnoh.ameritech.net input spamming!
Sat Jun  4 06:30:45 2005 :: adsl-68-77-176-135.dsl.wotnoh.ameritech.net input spamming!
Sat Jun  4 06:36:56 2005 :: adsl-68-77-176-135.dsl.wotnoh.ameritech.net input spamming!
Sat Jun  4 06:37:52 2005 :: adsl-68-77-176-135.dsl.wotnoh.ameritech.net input spamming!
Sat Jun  4 06:38:49 2005 :: adsl-68-77-176-135.dsl.wotnoh.ameritech.net input spamming!
Sat Jun  4 06:39:45 2005 :: adsl-68-77-176-135.dsl.wotnoh.ameritech.net input spamming!
Sat Jun  4 06:40:57 2005 :: adsl-68-77-176-135.dsl.wotnoh.ameritech.net input spamming!
Sat Jun  4 06:41:53 2005 :: adsl-68-77-176-135.dsl.wotnoh.ameritech.net input spamming!
Sat Jun  4 06:42:50 2005 :: adsl-68-77-176-135.dsl.wotnoh.ameritech.net input spamming!
Sat Jun  4 06:43:46 2005 :: adsl-68-77-176-135.dsl.wotnoh.ameritech.net input spamming!
Sat Jun  4 06:44:42 2005 :: adsl-68-77-176-135.dsl.wotnoh.ameritech.net input spamming!
Sat Jun  4 06:45:39 2005 :: adsl-68-77-176-135.dsl.wotnoh.ameritech.net input spamming!
Sat Jun  4 06:48:34 2005 :: Log Kraven: cast summon golem husband
Sat Jun  4 06:50:18 2005 :: Log Kraven: cast summon soldier dragon
Sat Jun  4 06:51:54 2005 :: adsl-68-77-176-135.dsl.wotnoh.ameritech.net input spamming!
Sat Jun  4 06:55:15 2005 :: adsl-68-77-176-135.dsl.wotnoh.ameritech.net input spamming!
Sat Jun  4 06:58:36 2005 :: adsl-68-77-176-135.dsl.wotnoh.ameritech.net input spamming!
Sat Jun  4 07:04:46 2005 :: adsl-68-77-176-135.dsl.wotnoh.ameritech.net input spamming!
Sat Jun  4 07:05:43 2005 :: adsl-68-77-176-135.dsl.wotnoh.ameritech.net input spamming!
Sat Jun  4 07:06:39 2005 :: adsl-68-77-176-135.dsl.wotnoh.ameritech.net input spamming!
Sat Jun  4 07:07:36 2005 :: adsl-68-77-176-135.dsl.wotnoh.ameritech.net input spamming!
Sat Jun  4 07:08:32 2005 :: adsl-68-77-176-135.dsl.wotnoh.ameritech.net input spamming!
Sat Jun  4 07:15:06 2005 :: adsl-68-77-176-135.dsl.wotnoh.ameritech.net input spamming!
Sat Jun  4 07:16:27 2005 :: adsl-68-77-176-135.dsl.wotnoh.ameritech.net input spamming!
Sat Jun  4 07:17:48 2005 :: adsl-68-77-176-135.dsl.wotnoh.ameritech.net input spamming!
Sat Jun  4 07:20:21 2005 :: adsl-68-77-176-135.dsl.wotnoh.ameritech.net input spamming!
Sat Jun  4 07:21:46 2005 :: adsl-68-77-176-135.dsl.wotnoh.ameritech.net input spamming!
Sat Jun  4 07:26:48 2005 :: adsl-68-77-176-135.dsl.wotnoh.ameritech.net input spamming!
Sat Jun  4 07:27:45 2005 :: adsl-68-77-176-135.dsl.wotnoh.ameritech.net input spamming!
Sat Jun  4 07:28:41 2005 :: adsl-68-77-176-135.dsl.wotnoh.ameritech.net input spamming!
Sat Jun  4 07:29:37 2005 :: adsl-68-77-176-135.dsl.wotnoh.ameritech.net input spamming!
Sat Jun  4 07:30:33 2005 :: adsl-68-77-176-135.dsl.wotnoh.ameritech.net input spamming!
Sat Jun  4 07:31:30 2005 :: adsl-68-77-176-135.dsl.wotnoh.ameritech.net input spamming!
Sat Jun  4 07:32:27 2005 :: adsl-68-77-176-135.dsl.wotnoh.ameritech.net input spamming!
Sat Jun  4 07:33:27 2005 :: adsl-68-77-176-135.dsl.wotnoh.ameritech.net input spamming!
Sat Jun  4 07:37:55 2005 :: adsl-68-77-176-135.dsl.wotnoh.ameritech.net input spamming!
Sat Jun  4 07:39:16 2005 :: adsl-68-77-176-135.dsl.wotnoh.ameritech.net input spamming!
Sat Jun  4 07:40:38 2005 :: adsl-68-77-176-135.dsl.wotnoh.ameritech.net input spamming!
Sat Jun  4 07:41:59 2005 :: adsl-68-77-176-135.dsl.wotnoh.ameritech.net input spamming!
Sat Jun  4 07:43:20 2005 :: adsl-68-77-176-135.dsl.wotnoh.ameritech.net input spamming!
Sat Jun  4 07:44:41 2005 :: adsl-68-77-176-135.dsl.wotnoh.ameritech.net input spamming!
Sat Jun  4 07:45:32 2005 :: Sock.sinaddr:  68.58.200.238
Sat Jun  4 07:45:40 2005 :: Loading Stasya.
Sat Jun  4 07:45:42 2005 :: Stasya@pcp02799432pcs.goosck01.sc.comcast.net has connected.
Sat Jun  4 07:46:03 2005 :: adsl-68-77-176-135.dsl.wotnoh.ameritech.net input spamming!
Sat Jun  4 07:48:34 2005 :: Log Kraven: cast summon golem husband
Sat Jun  4 07:55:59 2005 :: adsl-68-77-176-135.dsl.wotnoh.ameritech.net input spamming!
Sat Jun  4 08:06:29 2005 :: adsl-68-77-176-135.dsl.wotnoh.ameritech.net input spamming!
Sat Jun  4 08:08:48 2005 :: Stasya has quit.
Sat Jun  4 08:10:28 2005 :: Log Kraven: cast summon soldier dragon
Sat Jun  4 08:10:36 2005 :: Log Kraven: cast summon soldier dragon
Sat Jun  4 08:10:41 2005 :: Log Kraven: cast summon soldier dragon
Sat Jun  4 08:10:51 2005 :: Log Kraven: cast summon soldier dragon
Sat Jun  4 08:11:16 2005 :: Log Kraven: cast summon soldier dragon
Sat Jun  4 08:11:47 2005 :: Log Kraven: cast summon soldier dragon
Sat Jun  4 08:12:39 2005 :: [*****] BUG: Save_char_obj: fopen
../files/players/Kraven: Permission denied
