Wed Jan  5 15:02:09 2005 :: ROM is ready to rock on port 5000.
Wed Jan  5 15:02:31 2005 :: Sock.sinaddr:  65.170.3.132
New_descriptor: getpeername: Transport endpoint is not connected
Wed Jan  5 15:02:34 2005 :: EOF encountered on read.
Wed Jan  5 15:02:34 2005 :: Sock.sinaddr:  65.170.3.132
Read_from_descriptor: Connection reset by peer
Wed Jan  5 15:02:34 2005 :: Sock.sinaddr:  67.19.185.236
Wed Jan  5 15:02:34 2005 :: EOF encountered on read.
Wed Jan  5 15:02:35 2005 :: Sock.sinaddr:  69.240.65.225
Wed Jan  5 15:02:35 2005 :: Sock.sinaddr:  4.237.2.214
Wed Jan  5 15:02:35 2005 :: Loading Sembiance.
Wed Jan  5 15:02:35 2005 :: Sembiance@236.67-19-185.reverse.theplanet.com has connected.
Wed Jan  5 15:02:35 2005 :: Loading Garet.
Wed Jan  5 15:02:36 2005 :: Garet@dialup-4.237.2.214.Dial1.NewYork1.Level3.net has connected.
Wed Jan  5 15:02:36 2005 :: Sock.sinaddr:  65.170.3.132
Read_from_descriptor: Connection reset by peer
Wed Jan  5 15:02:37 2005 :: Sock.sinaddr:  65.170.3.132
Wed Jan  5 15:02:38 2005 :: Loading Ergo.
Wed Jan  5 15:02:44 2005 :: Ergo@pcp09766644pcs.albqrq01.nm.comcast.net has connected.
Wed Jan  5 15:03:13 2005 :: Log Sembiance: bonus ergo 250
Wed Jan  5 15:03:15 2005 :: Log Sembiance: bonus garet 250
Wed Jan  5 15:03:20 2005 :: Loading Slice.
Wed Jan  5 15:03:21 2005 :: Slice@mail.carpentercontractors.com has connected.
Wed Jan  5 15:03:27 2005 :: Log Sembiance: bonus slice 250
Wed Jan  5 15:04:18 2005 :: Slice has quit.
Wed Jan  5 15:04:18 2005 :: [*****] BUG: Norm-Apply: 0
Wed Jan  5 15:07:20 2005 :: Garet killed by Ghanekar at 23343
Wed Jan  5 15:37:12 2005 :: Sock.sinaddr:  65.170.3.132
Wed Jan  5 15:37:14 2005 :: Loading Slice.
Wed Jan  5 15:37:16 2005 :: Slice@mail.carpentercontractors.com has connected.
Wed Jan  5 15:37:23 2005 :: Slice has quit.
Wed Jan  5 15:37:23 2005 :: [*****] BUG: Norm-Apply: 0
Wed Jan  5 15:37:29 2005 :: Ergo has quit.
Wed Jan  5 15:37:33 2005 :: Sock.sinaddr:  69.240.65.225
Wed Jan  5 15:37:35 2005 :: Loading Spatula.
Wed Jan  5 15:37:37 2005 :: Spatula@pcp09766644pcs.albqrq01.nm.comcast.net has connected.
Wed Jan  5 15:37:53 2005 :: Spatula has quit.
Wed Jan  5 15:37:56 2005 :: Sock.sinaddr:  69.240.65.225
Wed Jan  5 15:37:59 2005 :: Loading Ergo.
Wed Jan  5 15:38:05 2005 :: Ergo@pcp09766644pcs.albqrq01.nm.comcast.net has connected.
Wed Jan  5 16:24:01 2005 :: Ergo has quit.
Wed Jan  5 16:24:04 2005 :: Sock.sinaddr:  69.240.65.225
Wed Jan  5 16:24:06 2005 :: Loading Spatula.
Wed Jan  5 16:24:08 2005 :: Spatula@pcp09766644pcs.albqrq01.nm.comcast.net has connected.
Wed Jan  5 16:24:26 2005 :: Log Spatula: cast summon fire elemental ruler
Wed Jan  5 16:24:51 2005 :: Log Spatula: cast summon goblin thief
Wed Jan  5 16:25:53 2005 :: Log Spatula: cast summon lord doom warrior
Wed Jan  5 16:26:00 2005 :: Log Spatula: cast summon sheperd
Wed Jan  5 16:30:00 2005 :: Log Spatula: cast summon bloody severed nose
Wed Jan  5 16:37:30 2005 :: Log Spatula: cast summon science police
Wed Jan  5 16:39:57 2005 :: Log Spatula: cast summon white rabbit
Wed Jan  5 16:40:07 2005 :: Log Spatula: cast summon white rabbit
Wed Jan  5 16:40:13 2005 :: Log Spatula: cast summon white rabbit
Wed Jan  5 16:40:19 2005 :: Log Spatula: cast summon white rabbit
Wed Jan  5 16:40:26 2005 :: Log Spatula: cast summon white rabbit
Wed Jan  5 16:43:34 2005 :: Log Spatula: cast summon sheperd
Wed Jan  5 17:04:02 2005 :: Log Spatula: cast summon demon clan mage
Wed Jan  5 17:07:24 2005 :: Sock.sinaddr:  67.170.53.94
Wed Jan  5 17:07:26 2005 :: Loading Venus.
Wed Jan  5 17:07:27 2005 :: Venus@c-67-170-53-94.client.comcast.net has connected.
Wed Jan  5 17:18:30 2005 :: Sock.sinaddr:  67.170.53.94
Wed Jan  5 17:19:44 2005 :: Reese@c-67-170-53-94.client.comcast.net new player.
Wed Jan  5 17:20:40 2005 :: Log Venus: mset reese sex f
Wed Jan  5 17:20:47 2005 :: Log Venus: mset reese sex 1
Wed Jan  5 17:20:57 2005 :: Log Venus: mset reese sex 2
Wed Jan  5 17:23:11 2005 :: Reese has quit.
Wed Jan  5 17:35:08 2005 :: Spatula has quit.
Wed Jan  5 17:35:11 2005 :: Sock.sinaddr:  69.240.65.225
Wed Jan  5 17:35:14 2005 :: Loading Ergo.
Wed Jan  5 17:35:16 2005 :: Ergo@pcp09766644pcs.albqrq01.nm.comcast.net has connected.
Wed Jan  5 18:14:48 2005 :: Sock.sinaddr:  66.24.113.96
Wed Jan  5 18:14:53 2005 :: Loading Saergoth.
Wed Jan  5 18:14:53 2005 :: Saergoth@bgm-66-24-113-96.stny.rr.com has connected.
Wed Jan  5 18:21:58 2005 :: Saergoth killed by the Magneto at 9238
Read_from_descriptor: Connection reset by peer
Wed Jan  5 18:25:23 2005 :: Closing link to Garet.
Wed Jan  5 18:25:43 2005 :: Sock.sinaddr:  68.110.238.136
Read_from_descriptor: Connection reset by peer
Wed Jan  5 18:26:59 2005 :: Closing link to Shane.
Wed Jan  5 18:29:34 2005 :: Saergoth killed by the cyclops at 9204
Wed Jan  5 18:31:26 2005 :: Sock.sinaddr:  4.237.2.229
Wed Jan  5 18:31:33 2005 :: Loading Golddragon.
Wed Jan  5 18:31:34 2005 :: Golddragon@dialup-4.237.2.229.Dial1.NewYork1.Level3.net has connected.
Wed Jan  5 18:34:14 2005 :: Golddragon has quit.
Wed Jan  5 18:34:17 2005 :: Sock.sinaddr:  4.237.2.229
Wed Jan  5 18:34:38 2005 :: Loading Garet.
Wed Jan  5 18:34:40 2005 :: Garet@dialup-4.237.2.229.Dial1.NewYork1.Level3.net reconnected.
Wed Jan  5 18:41:54 2005 :: Saergoth killed by the nice old man's boss at 4305
Wed Jan  5 18:55:56 2005 :: Saergoth killed by The Black Dragon at 3802
Wed Jan  5 19:05:26 2005 :: Saergoth has quit.
Wed Jan  5 19:20:32 2005 :: [*****] BUG: HANDLER.C : CHAR_TO_ROOM - NO RM  [ CN: Garet RVNUM: ] ref A009
Wed Jan  5 19:20:32 2005 :: Garet has quit.
Wed Jan  5 19:34:26 2005 :: Log Sembiance: snoop ergo
Wed Jan  5 19:35:44 2005 :: Log Sembiance: snoop self
Wed Jan  5 19:50:43 2005 :: Log Sembiance: snoop ergo
Wed Jan  5 19:50:46 2005 :: Log Sembiance: forge ergo get huge
Wed Jan  5 19:51:00 2005 :: Log Sembiance: forge ergo get huge
Wed Jan  5 19:51:04 2005 :: Log Sembiance: snoop self
Wed Jan  5 19:51:17 2005 :: Log Sembiance: snoop ergo
Wed Jan  5 19:51:37 2005 :: Log Sembiance: snoop self
Wed Jan  5 20:00:23 2005 :: Log Venus: snoop ergo
Wed Jan  5 20:04:32 2005 :: Sock.sinaddr:  4.237.53.51
Wed Jan  5 20:04:41 2005 :: Loading Garet.
Wed Jan  5 20:04:42 2005 :: Garet@dialup-4.237.53.51.Dial1.NewYork1.Level3.net has connected.
Wed Jan  5 20:07:21 2005 :: [*****] BUG: Set_fighting: already fighting
Wed Jan  5 20:07:22 2005 :: [*****] BUG: Set_fighting: already fighting
Wed Jan  5 20:08:31 2005 :: dialup-4.237.53.51.Dial1.NewYork1.Level3.net input spamming!
Wed Jan  5 20:11:17 2005 :: Sock.sinaddr:  65.206.46.218
Wed Jan  5 20:11:20 2005 :: Loading Rinaldus.
Wed Jan  5 20:11:21 2005 :: Rinaldus@65.206.46.218 has connected.
Wed Jan  5 20:12:04 2005 :: Log Venus: freeze ergo
Wed Jan  5 20:12:05 2005 :: Log Venus: freeze ergo
Wed Jan  5 20:15:50 2005 :: Log Venus: snoop self
Wed Jan  5 20:16:05 2005 :: Rinaldus has quit.
Wed Jan  5 20:31:19 2005 :: Sock.sinaddr:  151.213.93.160
Wed Jan  5 20:31:29 2005 :: Loading Lydia.
Wed Jan  5 20:31:29 2005 :: Closing link to Lydia.
Wed Jan  5 20:31:30 2005 :: Sock.sinaddr:  151.213.93.160
Wed Jan  5 20:31:31 2005 :: Loading Lydia.
Wed Jan  5 20:31:32 2005 :: Lydia@h160.93.213.151.ip.alltel.net has connected.
Wed Jan  5 20:33:43 2005 :: [*****] BUG: HANDLER.C : CHAR_TO_ROOM - NO RM  [ CN: Garet RVNUM: ] ref A009
Wed Jan  5 20:33:43 2005 :: Garet has quit.
Wed Jan  5 21:01:05 2005 :: Ergo killed by A man covered in white robes at 3352
Wed Jan  5 21:03:15 2005 :: Log Venus: snoop ergo
Wed Jan  5 21:05:11 2005 :: Log Venus: snoop self
Wed Jan  5 21:08:41 2005 :: Sock.sinaddr:  67.141.86.144
Wed Jan  5 21:08:41 2005 :: Loading Argon.
Wed Jan  5 21:08:41 2005 :: Argon@67.141.86.144 has connected.
Wed Jan  5 21:18:43 2005 :: Sock.sinaddr:  66.93.33.134
Wed Jan  5 21:18:47 2005 :: Loading Ecnareves.
Wed Jan  5 21:18:47 2005 :: Ecnareves@dsl093-033-134.snd1.dsl.speakeasy.net has connected.
Wed Jan  5 21:27:43 2005 :: Ecnareves has quit.
Wed Jan  5 21:27:46 2005 :: Sock.sinaddr:  66.93.33.134
Wed Jan  5 21:27:49 2005 :: Loading Seclar.
Wed Jan  5 21:27:49 2005 :: Seclar@dsl093-033-134.snd1.dsl.speakeasy.net has connected.
Wed Jan  5 21:31:36 2005 :: Log Sembiance: flag
Wed Jan  5 21:32:38 2005 :: Ergo has quit.
Wed Jan  5 21:32:43 2005 :: Sock.sinaddr:  69.240.65.225
Wed Jan  5 21:32:50 2005 :: Loading Spatula.
Wed Jan  5 21:32:52 2005 :: Spatula@pcp09766644pcs.albqrq01.nm.comcast.net has connected.
Wed Jan  5 21:36:11 2005 :: Closing link to Spatula.
Wed Jan  5 21:36:11 2005 :: Closing link to Seclar.
Wed Jan  5 21:36:11 2005 :: Closing link to Argon.
Wed Jan  5 21:36:11 2005 :: Closing link to Lydia.
Wed Jan  5 21:36:11 2005 :: Closing link to Venus.
Wed Jan  5 21:36:11 2005 :: Closing link to Sembiance.
Wed Jan  5 21:36:12 2005 :: Normal termination of game.
