Fri Dec 31 15:11:22 2004 :: ROM is ready to rock on port 5000.
New_descriptor: getpeername: Transport endpoint is not connected
Fri Dec 31 15:11:42 2004 :: Sock.sinaddr:  67.141.86.144
Write_to_descriptor: Connection reset by peer
Fri Dec 31 15:11:42 2004 :: Sock.sinaddr:  67.170.53.94
Fri Dec 31 15:11:42 2004 :: Sock.sinaddr:  66.93.33.134
Fri Dec 31 15:11:42 2004 :: Loading Argon.
Fri Dec 31 15:11:42 2004 :: Sock.sinaddr:  24.7.44.192
Fri Dec 31 15:11:42 2004 :: Argon@67.141.86.144 has connected.
Fri Dec 31 15:11:43 2004 :: Loading Fnor.
Fri Dec 31 15:11:43 2004 :: Fnor@c-24-7-44-192.client.comcast.net has connected.
Fri Dec 31 15:12:03 2004 :: Sock.sinaddr:  66.93.33.134
Fri Dec 31 15:12:03 2004 :: Log Argon: snoop fnor
Fri Dec 31 15:12:07 2004 :: Loading Venus.
Fri Dec 31 15:12:08 2004 :: Venus@c-67-170-53-94.client.comcast.net has connected.
Fri Dec 31 15:12:09 2004 :: Loading Seclar.
Fri Dec 31 15:12:11 2004 :: Seclar@dsl093-033-134.snd1.dsl.speakeasy.net has connected.
Fri Dec 31 15:12:12 2004 :: Log Argon: snoop self
Fri Dec 31 15:12:15 2004 :: a dragon guard got toasted by Fnor at {MThe Court{x [room 23207]
Fri Dec 31 15:12:37 2004 :: Sock.sinaddr:  67.19.185.236
Fri Dec 31 15:12:40 2004 :: Loading Sembiance.
Fri Dec 31 15:12:41 2004 :: Sembiance@236.67-19-185.reverse.theplanet.com has connected.
Fri Dec 31 15:27:44 2004 :: [*****] BUG: HANDLER.C : CHAR_TO_ROOM - NO RM  [ CN: Seclar RVNUM: ] ref A009
Fri Dec 31 15:27:44 2004 :: Seclar has quit.
Fri Dec 31 15:29:21 2004 :: c-24-7-44-192.client.comcast.net input spamming!
Fri Dec 31 15:30:44 2004 :: a drakyri mage protector got toasted by Fnor at {MShimmering Pathway{x [room 11803]
Fri Dec 31 15:31:14 2004 :: a drakyri knight protector got toasted by Fnor at {MShimmering Pathway{x [room 11803]
Fri Dec 31 15:31:41 2004 :: a drakyri knight protector got toasted by Fnor at {MWinding path{x [room 11804]
Fri Dec 31 15:32:14 2004 :: {Dthe spirit of {WA drakyri knight protector{D got toasted by Fnor at {MWinding path{x [room 11804]
Fri Dec 31 15:32:51 2004 :: Sock.sinaddr:  67.141.86.144
Fri Dec 31 15:32:51 2004 :: Loading Argon.
Fri Dec 31 15:32:55 2004 :: Closing link to Argon.
Fri Dec 31 15:32:55 2004 :: Argon@67.141.86.144 reconnected.
Fri Dec 31 15:33:26 2004 :: a drakyri healer got toasted by Fnor at {MWinding path{x [room 11804]
Fri Dec 31 15:36:24 2004 :: Log Venus: mset venus class mage
Fri Dec 31 15:44:27 2004 :: Log Argon: snoop fnor
Fri Dec 31 15:46:09 2004 :: Log Argon: snoop self
Fri Dec 31 15:46:20 2004 :: A White Rook got toasted by Fnor at {MChessboard{x [room 8514]
Fri Dec 31 15:47:23 2004 :: A Cleric of Verena got toasted by Fnor at {MChessboard{x [room 8515]
Fri Dec 31 15:48:17 2004 :: A Black Pawn got toasted by Fnor at {MChessboard{x [room 8467]
Fri Dec 31 15:49:08 2004 :: A Black Rook got toasted by Fnor at {MChessboard{x [room 8466]
Fri Dec 31 15:49:32 2004 :: A Black Pawn got toasted by Fnor at {MChessboard{x [room 8466]
Fri Dec 31 15:50:01 2004 :: Sock.sinaddr:  69.240.65.225
Fri Dec 31 15:50:07 2004 :: Loading Spatula.
Fri Dec 31 15:50:11 2004 :: Spatula@pcp09766644pcs.albqrq01.nm.comcast.net has connected.
Fri Dec 31 15:50:14 2004 :: {Dthe spirit of {WA black pawn{D got toasted by Fnor at {MChessboard{x [room 8475]
Fri Dec 31 15:51:45 2004 :: Dark Opal got toasted by Fnor at {MChessboard{x [room 8461]
Fri Dec 31 15:52:15 2004 :: Yevaud got toasted by Spatula at {MYevaud's Lair{x [room 6360]
Fri Dec 31 15:53:01 2004 :: A White Pawn got toasted by Fnor at {MChessboard{x [room 8517]
Fri Dec 31 15:54:54 2004 :: Fnor has quit.
Fri Dec 31 15:56:41 2004 :: Spatula has quit.
Fri Dec 31 15:56:45 2004 :: Sock.sinaddr:  69.240.65.225
Fri Dec 31 15:56:49 2004 :: Loading Gumbercules.
Fri Dec 31 15:56:51 2004 :: Gumbercules@pcp09766644pcs.albqrq01.nm.comcast.net has connected.
Fri Dec 31 15:57:03 2004 :: Log Argon: mset gumber hunger -1
Fri Dec 31 15:57:49 2004 :: Log Argon: mset gumber drunk 50
Fri Dec 31 16:01:13 2004 :: Log Argon: snoop gumber
Fri Dec 31 16:01:32 2004 :: a prisoner got toasted by Gumbercules at {MTorture Chamber{x [room 10634]
Fri Dec 31 16:01:49 2004 :: a prisoner got toasted by Gumbercules at {MTorture Chamber{x [room 10634]
Fri Dec 31 16:02:29 2004 :: corpse of a Gypsy got toasted by Gumbercules at {MTorture Chamber{x [room 10634]
Fri Dec 31 16:03:38 2004 :: a prisoner got toasted by Gumbercules at {MExecution Room{x [room 10635]
Fri Dec 31 16:03:47 2004 :: Log Argon: snoop self
Fri Dec 31 16:03:53 2004 :: a prisoner got toasted by Gumbercules at {MExecution Room{x [room 10635]
Fri Dec 31 16:04:08 2004 :: corpse of a Vigilante got toasted by Gumbercules at {MExecution Room{x [room 10635]
Fri Dec 31 16:04:44 2004 :: corpse of a Gypsy got toasted by Gumbercules at {MExecution Room{x [room 10635]
Fri Dec 31 16:05:14 2004 :: The Jailer got toasted by Gumbercules at {MStairs to the Dungeon{x [room 10633]
Fri Dec 31 16:06:02 2004 :: a prisoner got toasted by Gumbercules at {MA Dungeon{x [room 10637]
Fri Dec 31 16:06:18 2004 :: a prisoner got toasted by Gumbercules at {MA Dungeon{x [room 10637]
Fri Dec 31 16:06:54 2004 :: corpse of a Vigilante got toasted by Gumbercules at {MA Dungeon{x [room 10638]
Fri Dec 31 16:09:11 2004 :: The Jailer got toasted by Gumbercules at {MStairs to the Dungeon{x [room 10633]
Fri Dec 31 16:09:38 2004 :: The Torturer got toasted by Gumbercules at {MTorture Chamber{x [room 10634]
Fri Dec 31 16:10:05 2004 :: The Executioner got toasted by Gumbercules at {MExecution Room{x [room 10635]
Fri Dec 31 16:11:29 2004 :: Gumbercules has quit.
Fri Dec 31 16:11:33 2004 :: Sock.sinaddr:  69.240.65.225
Fri Dec 31 16:11:36 2004 :: Loading Spatula.
Fri Dec 31 16:11:38 2004 :: Spatula@pcp09766644pcs.albqrq01.nm.comcast.net has connected.
Fri Dec 31 16:12:12 2004 :: the beastly fido got toasted by Spatula at {WMarket {MSquare{x [room 3014]
Fri Dec 31 16:12:20 2004 :: Spatula has quit.
Fri Dec 31 16:12:25 2004 :: Sock.sinaddr:  69.240.65.225
Fri Dec 31 16:12:28 2004 :: Loading Spatula.
Fri Dec 31 16:12:30 2004 :: Spatula@pcp09766644pcs.albqrq01.nm.comcast.net has connected.
Fri Dec 31 16:12:43 2004 :: Sock.sinaddr:  66.93.33.134
Fri Dec 31 16:12:52 2004 :: Loading Seclar.
Fri Dec 31 16:12:55 2004 :: Seclar@dsl093-033-134.snd1.dsl.speakeasy.net has connected.
Fri Dec 31 16:13:14 2004 :: the cityguard got toasted by Spatula at {WMarket {MSquare{x [room 3014]
Fri Dec 31 16:13:29 2004 :: Spatula has quit.
Fri Dec 31 16:13:33 2004 :: Sock.sinaddr:  69.240.65.225
Fri Dec 31 16:13:35 2004 :: Loading Spatula.
Fri Dec 31 16:13:38 2004 :: Spatula@pcp09766644pcs.albqrq01.nm.comcast.net has connected.
Fri Dec 31 16:13:39 2004 :: Log Venus: snoop spat
Fri Dec 31 16:13:47 2004 :: Log Venus: snoop self
Fri Dec 31 16:19:22 2004 :: Sock.sinaddr:  66.222.216.154
Fri Dec 31 16:19:26 2004 :: Loading Chame.
Fri Dec 31 16:19:27 2004 :: Chame@d66-222-216-154.abhsia.telus.net has connected.
Fri Dec 31 16:22:12 2004 :: a harem girl got toasted by Spatula at {MHarem{x [room 9687]
Fri Dec 31 16:22:12 2004 :: a harem girl got toasted by Spatula at {MHarem{x [room 9687]
Fri Dec 31 16:22:12 2004 :: a harem girl got toasted by Spatula at {MHarem{x [room 9687]
Fri Dec 31 16:22:12 2004 :: a harem girl got toasted by Spatula at {MHarem{x [room 9687]
Fri Dec 31 16:22:12 2004 :: a harem girl got toasted by Spatula at {MHarem{x [room 9687]
Fri Dec 31 16:22:12 2004 :: a harem girl got toasted by Spatula at {MHarem{x [room 9687]
Fri Dec 31 16:22:12 2004 :: a harem girl got toasted by Spatula at {MHarem{x [room 9687]
Fri Dec 31 16:22:12 2004 :: a harem girl got toasted by Spatula at {MHarem{x [room 9687]
Fri Dec 31 16:22:12 2004 :: a eunuch got toasted by Spatula at {MHarem{x [room 9687]
Fri Dec 31 16:22:12 2004 :: a eunuch got toasted by Spatula at {MHarem{x [room 9687]
Fri Dec 31 16:22:12 2004 :: a eunuch got toasted by Spatula at {MHarem{x [room 9687]
Fri Dec 31 16:22:12 2004 :: a eunuch got toasted by Spatula at {MHarem{x [room 9687]
Fri Dec 31 16:22:12 2004 :: {Dthe spirit of {WA harem girl{D got toasted by Spatula at {MHarem{x [room 9687]
Fri Dec 31 16:22:32 2004 :: Nichole, the sultan's favorite got toasted by Spatula at {MHarem{x [room 9687]
Fri Dec 31 16:22:58 2004 :: a dragon soldier got toasted by Spatula at {MThe Court{x [room 23219]
Fri Dec 31 16:23:01 2004 :: a dragon lieutenant got toasted by Spatula at {MThe Court{x [room 23219]
Fri Dec 31 16:23:03 2004 :: Sock.sinaddr:  66.222.216.154
Fri Dec 31 16:23:07 2004 :: Loading Skeet.
Fri Dec 31 16:23:07 2004 :: Skeet@d66-222-216-154.abhsia.telus.net has connected.
Fri Dec 31 16:23:07 2004 :: a dragon soldier got toasted by Spatula at {MThe Court{x [room 23219]
Fri Dec 31 16:23:10 2004 :: a dragon soldier got toasted by Spatula at {MThe Court{x [room 23219]
Fri Dec 31 16:24:05 2004 :: a citizen got toasted by a citizen at {MThe Court{x [room 23222]
Fri Dec 31 16:25:18 2004 :: a citizen got toasted by Spatula at {MThe Court{x [room 23216]
Fri Dec 31 16:25:20 2004 :: a dragon soldier got toasted by Spatula at {MThe Court{x [room 23216]
Fri Dec 31 16:25:23 2004 :: a dragon lieutenant got toasted by Spatula at {MThe Court{x [room 23216]
Fri Dec 31 16:25:26 2004 :: a dragon soldier got toasted by Spatula at {MThe Court{x [room 23216]
Fri Dec 31 16:25:29 2004 :: a dragon soldier got toasted by Spatula at {MThe Court{x [room 23216]
Fri Dec 31 16:25:32 2004 :: a dragon soldier got toasted by Spatula at {MThe Court{x [room 23216]
Fri Dec 31 16:25:35 2004 :: a dragon soldier got toasted by Spatula at {MThe Court{x [room 23216]
Fri Dec 31 16:26:25 2004 :: Log Spatula: cast summon bloody severed nose
Fri Dec 31 16:27:04 2004 :: the Pawn of the White Court got toasted by Spatula at {MA White Square{x [room 4248]
Fri Dec 31 16:27:10 2004 :: the White Knight got toasted by Spatula at {MA Black Square{x [room 4256]
Fri Dec 31 16:27:21 2004 :: the Pawn of the White Court got toasted by Spatula at {MA White Square{x [room 4264]
Fri Dec 31 16:29:39 2004 :: the White Rook got toasted by Spatula at {MA White Square{x [room 4262]
Fri Dec 31 16:29:42 2004 :: the White Bishop got toasted by Spatula at {MA White Square{x [room 4262]
Fri Dec 31 16:30:00 2004 :: the Pawn of the White Court got toasted by Spatula at {MA Black Square{x [room 4261]
Fri Dec 31 16:30:04 2004 :: the White King got toasted by Spatula at {MA Black Square{x [room 4261]
Fri Dec 31 16:30:13 2004 :: Spatula has quit.
Fri Dec 31 16:30:18 2004 :: Sock.sinaddr:  69.240.65.225
Fri Dec 31 16:30:35 2004 :: Fodder@pcp09766644pcs.albqrq01.nm.comcast.net new player.
Fri Dec 31 16:31:22 2004 :: Log Venus: advance fodder 91
Fri Dec 31 16:32:20 2004 :: {WThe Grill Chef{x got toasted by Chame at {WThe Corner Grill{x [room 32231]
Fri Dec 31 16:32:54 2004 :: the janitor got toasted by Skeet at {MThe {WTemple {MSquare{x  [room 3005]
Fri Dec 31 16:34:37 2004 :: pcp09766644pcs.albqrq01.nm.comcast.net input spamming!
Fri Dec 31 16:34:45 2004 :: pcp09766644pcs.albqrq01.nm.comcast.net input spamming!
Fri Dec 31 16:35:15 2004 :: pcp09766644pcs.albqrq01.nm.comcast.net input spamming!
Fri Dec 31 16:35:26 2004 :: pcp09766644pcs.albqrq01.nm.comcast.net input spamming!
Fri Dec 31 16:35:52 2004 :: pcp09766644pcs.albqrq01.nm.comcast.net input spamming!
Fri Dec 31 16:36:09 2004 :: [*****] BUG: HANDLER.C : CHAR_TO_ROOM - NO RM  [ CN: Seclar RVNUM: ] ref A009
Fri Dec 31 16:36:09 2004 :: Seclar has quit.
Fri Dec 31 16:36:15 2004 :: pcp09766644pcs.albqrq01.nm.comcast.net input spamming!
Fri Dec 31 16:37:56 2004 :: Drakknar got toasted by Fodder at {MDrakknor's Home{x [room 23225]
Fri Dec 31 16:38:16 2004 :: Bazarnog got toasted by Fodder at {MBaz Chamber{x [room 23277]
Fri Dec 31 16:38:25 2004 :: Arnog got toasted by Fodder at {MArnok's Adobe{x [room 23281]
Fri Dec 31 16:38:37 2004 :: Maaklan got toasted by Fodder at {MMaaklan Quarters{x [room 23285]
Fri Dec 31 16:39:18 2004 :: Kringe got toasted by Fodder at {MKringe's Treasure Room{x [room 23337]
Fri Dec 31 16:39:28 2004 :: Ghanekar got toasted by Fodder at {MGhanekar's Lair{x [room 23343]
Fri Dec 31 16:40:00 2004 :: Sock.sinaddr:  66.93.33.134
Fri Dec 31 16:40:04 2004 :: Loading Seclar.
Fri Dec 31 16:40:05 2004 :: An Elite guard got toasted by Fodder at {MA Dark Alley{x [room 23335]
Fri Dec 31 16:40:07 2004 :: Seclar@dsl093-033-134.snd1.dsl.speakeasy.net has connected.
Fri Dec 31 16:40:22 2004 :: Commander Gauzrah got toasted by Fodder at {MThe Court{x [room 23218]
Fri Dec 31 16:40:38 2004 :: a dragon guard got toasted by Fodder at {MBefore the Palace{x [room 23231]
Fri Dec 31 16:40:42 2004 :: A palace guard got toasted by Fodder at {MBefore the Palace{x [room 23231]
Fri Dec 31 16:40:45 2004 :: A palace guard got toasted by Fodder at {MBefore the Palace{x [room 23231]
Fri Dec 31 16:42:09 2004 :: Log Venus: snoop fodder
Fri Dec 31 16:42:13 2004 :: Log Seclar: cast summon dark black owl
Fri Dec 31 16:42:18 2004 :: the dark owl got toasted by Seclar at {BThe Night Garden of Midgaard{x [room 3360]
Fri Dec 31 16:43:05 2004 :: Log Venus: snoop self
Fri Dec 31 16:43:17 2004 :: Fodder has quit.
Fri Dec 31 16:43:20 2004 :: Sock.sinaddr:  69.240.65.225
Fri Dec 31 16:43:22 2004 :: Loading Spatula.
Fri Dec 31 16:43:24 2004 :: Spatula@pcp09766644pcs.albqrq01.nm.comcast.net has connected.
Fri Dec 31 16:45:01 2004 :: Spatula has quit.
Fri Dec 31 16:45:05 2004 :: Sock.sinaddr:  69.240.65.225
Fri Dec 31 16:45:07 2004 :: Loading Fodder.
Fri Dec 31 16:45:10 2004 :: Fodder@pcp09766644pcs.albqrq01.nm.comcast.net has connected.
Fri Dec 31 16:46:04 2004 :: a white robed apprentice got toasted by Seclar at {MAn antechamber{x [room 1467]
Fri Dec 31 16:46:19 2004 :: The master of goodness got toasted by Seclar at {MThe chamber of the white light{x [room 1469]
Fri Dec 31 16:46:25 2004 :: a white cat got toasted by Seclar at {MThe chamber of the white light{x [room 1469]
Fri Dec 31 16:52:11 2004 :: a peasant got toasted by Fodder at {MA Rice Paddy Field{x [room 7519]
Fri Dec 31 16:52:17 2004 :: [*****] BUG: HANDLER.C : CHAR_TO_ROOM - NO RM  [ CN: Skeet RVNUM: ] ref A009
Fri Dec 31 16:52:17 2004 :: Skeet has quit.
Fri Dec 31 16:52:17 2004 :: [*****] BUG: HANDLER.C : CHAR_TO_ROOM - NO RM  [ CN: Chame RVNUM: ] ref A009
Fri Dec 31 16:52:17 2004 :: Chame has quit.
Fri Dec 31 16:52:28 2004 :: Sock.sinaddr:  66.222.216.154
Fri Dec 31 16:52:28 2004 :: Sock.sinaddr:  66.222.216.154
Fri Dec 31 16:52:35 2004 :: a peasant got toasted by Fodder at {MA Rice Paddy Field{x [room 7517]
Fri Dec 31 16:52:44 2004 :: a peasant got toasted by Fodder at {MA Rice Paddy Field{x [room 7518]
Fri Dec 31 16:55:45 2004 :: an Outpost Guard got toasted by Fodder at {MShikoku-San  Patrol Outpost{x [room 7525]
Fri Dec 31 16:57:34 2004 :: Loading Chame.
Fri Dec 31 16:57:35 2004 :: Chame@d66-222-216-154.abhsia.telus.net has connected.
Fri Dec 31 16:57:42 2004 :: Loading Skeet.
Fri Dec 31 16:57:43 2004 :: Skeet@d66-222-216-154.abhsia.telus.net has connected.
Fri Dec 31 16:58:11 2004 :: Log Seclar: cast summon cook
Fri Dec 31 16:58:26 2004 :: Log Seclar: cast summon goblin cook
Fri Dec 31 16:58:39 2004 :: The cook got toasted by Seclar at {BThe Night Garden of Midgaard{x [room 3360]
Fri Dec 31 16:58:39 2004 :: Cook got toasted by Seclar at {BThe Night Garden of Midgaard{x [room 3360]
Fri Dec 31 16:59:44 2004 :: The cook got toasted by Chame at {MThe Royal Kitchen{x [room 17016]
Fri Dec 31 17:00:02 2004 :: the Mi-Go got toasted by Seclar at {MThe Gilded Hallway{x [room 3466]
Fri Dec 31 17:00:52 2004 :: an Outpost Guard got toasted by Fodder at {MShikoku-San  Patrol Outpost{x [room 7525]
Fri Dec 31 17:01:25 2004 :: a peasant got toasted by Fodder at {MA Rice Paddy Field{x [room 7512]
Fri Dec 31 17:01:34 2004 :: a peasant got toasted by Fodder at {MA Rice Paddy Field{x [room 7513]
Fri Dec 31 17:01:52 2004 :: a peasant got toasted by Fodder at {MThe Road to Shikoku{x [room 7515]
Fri Dec 31 17:02:08 2004 :: a peasant got toasted by Fodder at {MThe Road to Shikoku{x [room 7520]
Fri Dec 31 17:02:43 2004 :: a peasant got toasted by Fodder at {MDragon Street South{x [room 7528]
Fri Dec 31 17:03:04 2004 :: a monk got toasted by Fodder at {MThe Shinto Shrine{x [room 7532]
Fri Dec 31 17:03:29 2004 :: a peasant got toasted by Fodder at {MDragon Street South{x [room 7531]
Fri Dec 31 17:04:06 2004 :: Natsuko got toasted by Fodder at {MHouse of Natsuko{x [room 7535]
Fri Dec 31 17:04:22 2004 :: a peasant got toasted by Fodder at {MDragon Street{x [room 7537]
Fri Dec 31 17:13:32 2004 :: the Queen Crystal got toasted by Skeet at {MThe Road To The Palace{x [room 18112]
Fri Dec 31 17:14:36 2004 :: a Titan Soldier got toasted by Seclar at {MThe Road To The Palace{x [room 18112]
Fri Dec 31 17:14:39 2004 :: a peasant got toasted by Fodder at {MDragon Street{x [room 7537]
Fri Dec 31 17:14:47 2004 :: the Titan Lieutenant Commander got toasted by Seclar at {MThe Road To The Palace{x [room 18112]
Fri Dec 31 17:14:52 2004 :: {Dthe spirit of {WThe titan lieutenant commander{D got toasted by Seclar at {MThe Road To The Palace{x [room 18112]
Fri Dec 31 17:16:17 2004 :: Log Seclar: cast summon jay leno chin
Fri Dec 31 17:16:24 2004 :: the serf got toasted by Seclar at {MInside The Palace{x [room 18120]
Fri Dec 31 17:16:42 2004 :: a peasant got toasted by Fodder at {MDragon Street{x [room 7537]
Fri Dec 31 17:17:40 2004 :: a servant boy got toasted by Seclar at {MInside The Palace{x [room 18120]
Fri Dec 31 17:18:34 2004 :: Sock.sinaddr:  70.16.171.17
Fri Dec 31 17:18:38 2004 :: Loading Serpterion.
Fri Dec 31 17:18:38 2004 :: Serpterion@pool-70-16-171-17.hag.east.verizon.net has connected.
Fri Dec 31 17:18:56 2004 :: Closing link to Serpterion.
Fri Dec 31 17:18:56 2004 :: Closing link to Chame.
Fri Dec 31 17:18:56 2004 :: Closing link to Skeet.
Fri Dec 31 17:18:56 2004 :: Closing link to Fodder.
Fri Dec 31 17:18:56 2004 :: Closing link to Seclar.
Fri Dec 31 17:18:56 2004 :: Closing link to Argon.
Fri Dec 31 17:18:56 2004 :: Closing link to Sembiance.
Fri Dec 31 17:18:56 2004 :: Closing link to Venus.
Fri Dec 31 17:18:57 2004 :: Normal termination of game.
