Fri Dec 31 17:19:00 2004 :: ROM is ready to rock on port 5000.
Fri Dec 31 17:19:16 2004 :: Sock.sinaddr:  66.222.216.154
Fri Dec 31 17:19:21 2004 :: Sock.sinaddr:  69.240.65.225
Fri Dec 31 17:19:26 2004 :: Sock.sinaddr:  67.141.86.144
Fri Dec 31 17:19:26 2004 :: Sock.sinaddr:  66.93.33.134
Fri Dec 31 17:19:26 2004 :: Sock.sinaddr:  66.222.216.154
Fri Dec 31 17:19:26 2004 :: Loading Argon.
Fri Dec 31 17:19:26 2004 :: Sock.sinaddr:  70.16.171.17
Fri Dec 31 17:19:26 2004 :: Argon@67.141.86.144 has connected.
Fri Dec 31 17:19:27 2004 :: EOF encountered on read.
Fri Dec 31 17:19:29 2004 :: Sock.sinaddr:  67.170.53.94
Fri Dec 31 17:19:31 2004 :: Loading Fodder.
Fri Dec 31 17:19:32 2004 :: Loading Venus.
Fri Dec 31 17:19:33 2004 :: Venus@c-67-170-53-94.client.comcast.net has connected.
Fri Dec 31 17:19:33 2004 :: Fodder@pcp09766644pcs.albqrq01.nm.comcast.net has connected.
Fri Dec 31 17:19:44 2004 :: Log Venus: snoop fod
Fri Dec 31 17:19:55 2004 :: Sock.sinaddr:  66.93.33.134
Fri Dec 31 17:20:00 2004 :: Loading Chame.
Fri Dec 31 17:20:00 2004 :: Chame@d66-222-216-154.abhsia.telus.net has connected.
Fri Dec 31 17:20:00 2004 :: Loading Seclar.
Fri Dec 31 17:20:01 2004 :: a prisoner got toasted by Fodder at {MTorture Chamber{x [room 10634]
Fri Dec 31 17:20:02 2004 :: Seclar@dsl093-033-134.snd1.dsl.speakeasy.net has connected.
Fri Dec 31 17:20:05 2004 :: Loading Skeet.
Fri Dec 31 17:20:06 2004 :: Skeet@d66-222-216-154.abhsia.telus.net has connected.
Fri Dec 31 17:20:19 2004 :: the court aritist got toasted by Seclar at {MThe Throne Room{x [room 18122]
Fri Dec 31 17:20:19 2004 :: The Torturer got toasted by Fodder at {MTorture Chamber{x [room 10634]
Fri Dec 31 17:20:28 2004 :: the first advisor got toasted by Seclar at {MThe Throne Room{x [room 18122]
Fri Dec 31 17:20:34 2004 :: the King Dractax got toasted by Seclar at {MThe Throne Room{x [room 18122]
Fri Dec 31 17:20:34 2004 :: corpse of a Gypsy got toasted by Fodder at {MTorture Chamber{x [room 10634]
Fri Dec 31 17:20:50 2004 :: Brutus 'The Barber' Beefcake got toasted by Fodder at {MBarber Shop{x [room 10646]
Fri Dec 31 17:21:32 2004 :: Protector of Darkness got toasted by Fodder at {MSting's Throne Room{x [room 10615]
Fri Dec 31 17:22:11 2004 :: the Queen Crystal got toasted by Seclar at {MThe Road To The Palace{x [room 18112]
Fri Dec 31 17:23:06 2004 :: {Dthe spirit of {WProtector of darkness{D got toasted by Fodder at {MSting's Throne Room{x [room 10615]
Fri Dec 31 17:23:08 2004 :: the nanny got toasted by Seclar at {MDay Care Center{x [room 6604]
Fri Dec 31 17:23:36 2004 :: a raggedy anne doll got toasted by Seclar at {MDay Care Center{x [room 6604]
Fri Dec 31 17:23:43 2004 :: the dwarven youth got toasted by Seclar at {MDay Care Center{x [room 6604]
Fri Dec 31 17:24:37 2004 :: A Xancrist merchant got toasted by Fodder at {MThe Main Street.{x [room 21004]
Fri Dec 31 17:25:16 2004 :: A Xancrist father got toasted by Fodder at {MThe Main Street.{x [room 21004]
Fri Dec 31 17:25:46 2004 :: A Xancrist child got toasted by Fodder at {MContinuing down Main Street{x [room 21006]
Fri Dec 31 17:26:08 2004 :: A Xancrist mother got toasted by Fodder at {MContinuing down Main Street{x [room 21006]
Fri Dec 31 17:26:31 2004 :: Log Venus: snoop self
Fri Dec 31 17:27:20 2004 :: Sock.sinaddr:  67.19.185.236
Fri Dec 31 17:27:23 2004 :: Loading Sembiance.
Fri Dec 31 17:27:24 2004 :: Sembiance@236.67-19-185.reverse.theplanet.com has connected.
Fri Dec 31 17:27:36 2004 :: Closing link to Sembiance.
Fri Dec 31 17:27:36 2004 :: Closing link to Seclar.
Fri Dec 31 17:27:36 2004 :: Closing link to Venus.
Fri Dec 31 17:27:36 2004 :: Closing link to Skeet.
Fri Dec 31 17:27:36 2004 :: Closing link to Argon.
Fri Dec 31 17:27:36 2004 :: Closing link to Fodder.
Fri Dec 31 17:27:36 2004 :: Closing link to Chame.
Fri Dec 31 17:27:37 2004 :: Normal termination of game.
