Sat Jan  1 17:47:47 2005 :: ROM is ready to rock on port 5000.
Sat Jan  1 17:48:05 2005 :: Sock.sinaddr:  4.237.247.37
Sat Jan  1 17:48:08 2005 :: Sock.sinaddr:  66.93.33.134
Sat Jan  1 17:48:08 2005 :: Sock.sinaddr:  66.222.216.154
Sat Jan  1 17:48:09 2005 :: Sock.sinaddr:  66.222.216.154
Sat Jan  1 17:48:09 2005 :: Sock.sinaddr:  67.170.53.94
Sat Jan  1 17:48:13 2005 :: Loading Venus.
Sat Jan  1 17:48:14 2005 :: Venus@c-67-170-53-94.client.comcast.net has connected.
Sat Jan  1 17:48:16 2005 :: Sock.sinaddr:  24.7.44.192
Sat Jan  1 17:48:16 2005 :: Loading Skeet.
Sat Jan  1 17:48:16 2005 :: Loading Fnor.
Sat Jan  1 17:48:16 2005 :: Skeet@d66-222-216-154.abhsia.telus.net has connected.
Sat Jan  1 17:48:16 2005 :: Fnor@c-24-7-44-192.client.comcast.net has connected.
Sat Jan  1 17:48:27 2005 :: Loading Chame.
Sat Jan  1 17:48:27 2005 :: Chame@d66-222-216-154.abhsia.telus.net has connected.
Sat Jan  1 17:48:30 2005 :: Sock.sinaddr:  66.93.33.134
Sat Jan  1 17:49:23 2005 :: Loading Seclar.
Sat Jan  1 17:49:25 2005 :: Seclar@dsl093-033-134.snd1.dsl.speakeasy.net has connected.
Sat Jan  1 17:50:19 2005 :: Sock.sinaddr:  67.19.185.236
Sat Jan  1 17:50:21 2005 :: Loading Sembiance.
Sat Jan  1 17:50:22 2005 :: Sembiance@236.67-19-185.reverse.theplanet.com has connected.
Sat Jan  1 17:51:08 2005 :: Log Seclar: cast summon golem worker
Sat Jan  1 17:51:11 2005 :: Log Seclar: cast summon golem worker
Sat Jan  1 17:51:16 2005 :: Log Seclar: cast summon golem worker
Sat Jan  1 17:51:34 2005 :: Log Seclar: cast summon jay leno chin
Sat Jan  1 17:54:15 2005 :: a dragon citizen got toasted by Skeet at {MThe South Wall{x [room 23267]
Sat Jan  1 17:55:00 2005 :: a citizen got toasted by Skeet at {MThe South Wall{x [room 23264]
Sat Jan  1 17:55:46 2005 :: a citizen got toasted by Skeet at {MThe East Wall{x [room 23253]
Sat Jan  1 17:56:25 2005 :: a dragon citizen got toasted by Skeet at {MThe East Wall{x [room 23253]
Sat Jan  1 17:56:40 2005 :: Guard of Darkness got toasted by Fnor at {MEntrance to the Kingdom of Darkness{x [room 10605]
Sat Jan  1 17:57:12 2005 :: The Jailer got toasted by Fnor at {MStairs to the Dungeon{x [room 10633]
Sat Jan  1 17:57:39 2005 :: A citizen got toasted by Skeet at {MThe Court{x [room 23229]
Sat Jan  1 17:59:15 2005 :: {Dthe spirit of {WA citizen{D got toasted by Skeet at {MThe Court{x [room 23232]
Sat Jan  1 17:59:33 2005 :: a prisoner got toasted by Fnor at {MTorture Chamber{x [room 10634]
Sat Jan  1 17:59:48 2005 :: The Torturer got toasted by Fnor at {MTorture Chamber{x [room 10634]
Sat Jan  1 18:00:00 2005 :: corpse of a Gypsy got toasted by Fnor at {MTorture Chamber{x [room 10634]
Sat Jan  1 18:00:09 2005 :: a dragon citizen got toasted by Skeet at {MThe Court{x [room 23232]
Sat Jan  1 18:00:45 2005 :: Sock.sinaddr:  4.236.24.163
Sat Jan  1 18:00:49 2005 :: Loading Golddragon.
Sat Jan  1 18:00:52 2005 :: a citizen got toasted by Skeet at {MThe North Wall{x [room 23300]
Sat Jan  1 18:00:54 2005 :: Golddragon@dialup-4.236.24.163.Dial1.NewYork1.Level3.net has connected.
Sat Jan  1 18:02:10 2005 :: Golddragon has quit.
Sat Jan  1 18:02:13 2005 :: Sock.sinaddr:  4.236.24.163
Sat Jan  1 18:02:16 2005 :: Loading Cire.
Sat Jan  1 18:02:22 2005 :: Cire@dialup-4.236.24.163.Dial1.NewYork1.Level3.net has connected.
Sat Jan  1 18:02:24 2005 :: a citizen got toasted by Skeet at {MThe North Wall{x [room 23303]
Sat Jan  1 18:03:13 2005 :: a citizen got toasted by Skeet at {MThe Northwest Corner{x [room 23304]
Sat Jan  1 18:04:17 2005 :: a citizen got toasted by Skeet at {MAn Intersection{x [room 23309]
Sat Jan  1 18:04:50 2005 :: {Dthe spirit of {WA citizen{D got toasted by Skeet at {MAn Intersection{x [room 23309]
Sat Jan  1 18:05:54 2005 :: Log Seclar: cast summon Chame
Sat Jan  1 18:06:56 2005 :: Cire killed by Guard of Darkness at 10605
Sat Jan  1 18:06:56 2005 :: Cire got toasted by Guard of Darkness at {MEntrance to the Kingdom of Darkness{x [room 10605]
Sat Jan  1 18:07:11 2005 :: Guard of Darkness got toasted by Fnor at {MEntrance to the Kingdom of Darkness{x [room 10605]
Sat Jan  1 18:09:03 2005 :: a golem worker got toasted by a Gibborim Warrior at {wT{Whe {wS{Whrine of {wT{Whe {wG{Wibborim {d [room 23651]
Sat Jan  1 18:09:27 2005 :: a golem worker got toasted by a Gibborim Warrior at {wT{Whe {wS{Whrine of {wT{Whe {wG{Wibborim {d [room 23651]
Sat Jan  1 18:09:39 2005 :: a golem worker got toasted by a Gibborim Warrior at {wT{Whe {wS{Whrine of {wT{Whe {wG{Wibborim {d [room 23651]
Sat Jan  1 18:09:57 2005 :: Seclar killed by a Gibborim Warrior at 23651
Sat Jan  1 18:09:57 2005 :: Seclar got toasted by a Gibborim Warrior at {wT{Whe {wS{Whrine of {wT{Whe {wG{Wibborim {d [room 23651]
Read_from_descriptor: Connection timed out
Sat Jan  1 18:13:20 2005 :: Log Seclar: cast summon Chame
Sat Jan  1 18:13:36 2005 :: Log Seclar: cast summon golem husband
Sat Jan  1 18:13:41 2005 :: Log Seclar: cast summon golem husband
Sat Jan  1 18:13:46 2005 :: Log Seclar: cast summon golem husband
Sat Jan  1 18:13:57 2005 :: Sock.sinaddr:  65.245.178.123
Sat Jan  1 18:14:24 2005 :: the golem husband got toasted by Chame at {wT{Whe {wS{Whrine of {wT{Whe {wG{Wibborim {d [room 23651]
Sat Jan  1 18:14:32 2005 :: Loading Argon.
Sat Jan  1 18:14:35 2005 :: Argon@65.245.178.123.diodecom.net has connected.
Sat Jan  1 18:15:57 2005 :: The Jailer got toasted by Fnor at {MStairs to the Dungeon{x [room 10633]
Sat Jan  1 18:16:32 2005 :: a prisoner got toasted by Fnor at {MTorture Chamber{x [room 10634]
Sat Jan  1 18:16:38 2005 :: a Gibborim Warrior got toasted by Seclar at {wT{Whe {wS{Whrine of {wT{Whe {wG{Wibborim {d [room 23651]
Sat Jan  1 18:16:45 2005 :: corpse of a Gypsy got toasted by Fnor at {MTorture Chamber{x [room 10634]
Sat Jan  1 18:16:54 2005 :: The Torturer got toasted by Fnor at {MTorture Chamber{x [room 10634]
Sat Jan  1 18:17:09 2005 :: a prisoner got toasted by Fnor at {MExecution Room{x [room 10635]
Sat Jan  1 18:17:22 2005 :: corpse of a Vigilante got toasted by Cire at {MExecution Room{x [room 10635]
Sat Jan  1 18:17:43 2005 :: a prisoner got toasted by Fnor at {MExecution Room{x [room 10635]
Sat Jan  1 18:17:46 2005 :: The Executioner got toasted by Fnor at {MExecution Room{x [room 10635]
Sat Jan  1 18:17:52 2005 :: {Dthe spirit of {WCorpse of a vigilante{D got toasted by Cire at {MExecution Room{x [room 10635]
Sat Jan  1 18:17:59 2005 :: corpse of a Gypsy got toasted by Fnor at {MExecution Room{x [room 10635]
Sat Jan  1 18:18:55 2005 :: EOF encountered on read.
Sat Jan  1 18:18:55 2005 :: Closing link to Argon.
Sat Jan  1 18:18:55 2005 :: corpse of a Vigilante got toasted by Fnor at {MA Dungeon{x [room 10638]
Sat Jan  1 18:19:08 2005 :: a prisoner got toasted by Cire at {MA Dungeon{x [room 10637]
Sat Jan  1 18:19:14 2005 :: {Dthe spirit of {WA prisoner{D got toasted by Fnor at {MA Dungeon{x [room 10637]
Sat Jan  1 18:19:20 2005 :: a prisoner got toasted by Fnor at {MA Dungeon{x [room 10637]
Sat Jan  1 18:19:36 2005 :: Log Venus: guild self deathkiss
Sat Jan  1 18:21:05 2005 :: Fnor killed by Statue of Sting at 10608
Sat Jan  1 18:21:05 2005 :: Fnor got toasted by Statue of Sting at {MStatue Room{x [room 10608]
Sat Jan  1 18:21:35 2005 :: a citizen got toasted by Skeet at {MThe Court{x [room 23207]
Sat Jan  1 18:22:48 2005 :: a citizen got toasted by Skeet at {MThe Southeast Corner{x [room 23261]
Sat Jan  1 18:23:46 2005 :: a citizen got toasted by Skeet at {MThe Northeast Tower{x [room 23252]
Sat Jan  1 18:24:37 2005 :: A citizen got toasted by Skeet at {MThe Court{x [room 23232]
Sat Jan  1 18:25:14 2005 :: a dragon citizen got toasted by Skeet at {MThe Court{x [room 23232]
Sat Jan  1 18:26:04 2005 :: a citizen got toasted by Skeet at {MThe North Wall{x [room 23300]
Sat Jan  1 18:26:47 2005 :: a citizen got toasted by Skeet at {MThe North Wall{x [room 23302]
Sat Jan  1 18:28:26 2005 :: a citizen got toasted by Skeet at {MThe West Wall{x [room 23310]
Sat Jan  1 18:29:16 2005 :: a citizen got toasted by Skeet at {MThe West Wall{x [room 23308]
Sat Jan  1 18:29:30 2005 :: Log Seclar: cast summon spider young
Sat Jan  1 18:29:33 2005 :: the young spider got toasted by Seclar at {BThe Night Garden of Midgaard{x [room 3360]
Sat Jan  1 18:30:39 2005 :: a citizen got toasted by Skeet at {MThe West Wall{x [room 23310]
Sat Jan  1 18:31:38 2005 :: [*****] BUG: Set_fighting: already fighting
Sat Jan  1 18:31:48 2005 :: [*****] BUG: Set_fighting: already fighting
Sat Jan  1 18:31:51 2005 :: [*****] BUG: Set_fighting: already fighting
Sat Jan  1 18:32:01 2005 :: {Dthe spirit of {WShelbye{D got toasted by Seclar at {MInside the Castle of Clan MacCleod{x [room 9599]
Sat Jan  1 18:32:23 2005 :: Fnor killed by Statue of Nathan at 10608
Sat Jan  1 18:32:23 2005 :: Fnor got toasted by Statue of Nathan at {MStatue Room{x [room 10608]
Sat Jan  1 18:33:42 2005 :: [*****] BUG: Set_fighting: already fighting
Sat Jan  1 18:33:44 2005 :: [*****] BUG: Set_fighting: already fighting
Sat Jan  1 18:33:44 2005 :: Sock.sinaddr:  67.19.185.236
Sat Jan  1 18:33:45 2005 :: [*****] BUG: Set_fighting: already fighting
Sat Jan  1 18:33:45 2005 :: [*****] BUG: Set_fighting: already fighting
Sat Jan  1 18:33:46 2005 :: [*****] BUG: Set_fighting: already fighting
Sat Jan  1 18:33:46 2005 :: Loading Testing.
Sat Jan  1 18:33:47 2005 :: Testing@236.67-19-185.reverse.theplanet.com has connected.
Sat Jan  1 18:33:55 2005 :: [*****] BUG: Set_fighting: already fighting
Sat Jan  1 18:33:58 2005 :: [*****] BUG: Set_fighting: already fighting
Sat Jan  1 18:33:59 2005 :: [*****] BUG: Set_fighting: already fighting
Sat Jan  1 18:33:59 2005 :: [*****] BUG: Set_fighting: already fighting
Sat Jan  1 18:34:00 2005 :: [*****] BUG: Set_fighting: already fighting
Sat Jan  1 18:34:03 2005 :: [*****] BUG: HANDLER.C : CHAR_TO_ROOM - NO RM  [ CN: Chame RVNUM: ] ref A009
Sat Jan  1 18:34:03 2005 :: Chame has quit.
Sat Jan  1 18:34:05 2005 :: [*****] BUG: Set_fighting: already fighting
Sat Jan  1 18:34:05 2005 :: [*****] BUG: Set_fighting: already fighting
Sat Jan  1 18:34:06 2005 :: [*****] BUG: Set_fighting: already fighting
Sat Jan  1 18:34:06 2005 :: [*****] BUG: Set_fighting: already fighting
Sat Jan  1 18:34:07 2005 :: [*****] BUG: Set_fighting: already fighting
Sat Jan  1 18:34:07 2005 :: Log Sembiance: bonus testing 5000
Sat Jan  1 18:34:07 2005 :: [*****] BUG: Set_fighting: already fighting
Sat Jan  1 18:34:08 2005 :: [*****] BUG: Set_fighting: already fighting
Sat Jan  1 18:34:08 2005 :: [*****] BUG: Set_fighting: already fighting
Sat Jan  1 18:34:09 2005 :: [*****] BUG: Set_fighting: already fighting
Sat Jan  1 18:34:09 2005 :: Log Sembiance: bonus testing 5000
Sat Jan  1 18:34:12 2005 :: [*****] BUG: Set_fighting: already fighting
Sat Jan  1 18:34:13 2005 :: Log Sembiance: bonus testing 500
Sat Jan  1 18:34:13 2005 :: Sock.sinaddr:  66.222.216.154
Sat Jan  1 18:34:14 2005 :: Log Sembiance: bonus testing 500
Sat Jan  1 18:34:15 2005 :: Loading Chame.
Sat Jan  1 18:34:16 2005 :: Chame@d66-222-216-154.abhsia.telus.net has connected.
Sat Jan  1 18:34:16 2005 :: [*****] BUG: Set_fighting: already fighting
Sat Jan  1 18:34:18 2005 :: [*****] BUG: Set_fighting: already fighting
Sat Jan  1 18:34:18 2005 :: [*****] BUG: Set_fighting: already fighting
Sat Jan  1 18:34:18 2005 :: [*****] BUG: Set_fighting: already fighting
Sat Jan  1 18:34:19 2005 :: [*****] BUG: Set_fighting: already fighting
Sat Jan  1 18:34:19 2005 :: [*****] BUG: Set_fighting: already fighting
Sat Jan  1 18:34:19 2005 :: [*****] BUG: Set_fighting: already fighting
Sat Jan  1 18:34:23 2005 :: Log Sembiance: bonus testing 500
Sat Jan  1 18:34:24 2005 :: Log Sembiance: bonus testing 500
Sat Jan  1 18:34:24 2005 :: Log Sembiance: bonus testing 500
Sat Jan  1 18:34:25 2005 :: Log Sembiance: bonus testing 500
Sat Jan  1 18:34:40 2005 :: Testing has quit.
Sat Jan  1 18:36:11 2005 :: Cire killed by Guard of Darkness at 10605
Sat Jan  1 18:36:11 2005 :: Cire got toasted by Guard of Darkness at {MEntrance to the Kingdom of Darkness{x [room 10605]
Sat Jan  1 18:36:29 2005 :: the Watcher got toasted by Seclar at {MMountain top{x [room 14536]
Sat Jan  1 18:37:35 2005 :: the sea hag got toasted by Seclar at {MThe south end of the pool{x [room 7444]
Sat Jan  1 18:38:01 2005 :: the large, grey wolf got toasted by Seclar at {MA narrow trail through the deep, dark forest{x [room 6101]
Sat Jan  1 18:38:08 2005 :: Sock.sinaddr:  65.206.46.218
Sat Jan  1 18:38:11 2005 :: Loading Rinaldus.
Sat Jan  1 18:38:11 2005 :: Rinaldus@65.206.46.218 has connected.
Sat Jan  1 18:38:18 2005 :: the large, grey wolf got toasted by Seclar at {MA small path in the deep, dark forest{x [room 6105]
Sat Jan  1 18:39:02 2005 :: the large, black wolf got toasted by Seclar at {MA small path in the deep, dark forest{x [room 6119]
Sat Jan  1 18:39:08 2005 :: the large, black wolf got toasted by Seclar at {MA small path in the deep, dark forest{x [room 6119]
Sat Jan  1 18:39:12 2005 :: Rinaldus has quit.
Sat Jan  1 18:39:32 2005 :: the vicious warg got toasted by Seclar at {MA small path in the deep, dark forest{x [room 6116]
Sat Jan  1 18:39:46 2005 :: the vicious warg got toasted by Seclar at {MA junction in the deep, dark forest{x [room 6114]
Sat Jan  1 18:39:53 2005 :: Cire has quit.
Sat Jan  1 18:39:56 2005 :: Sock.sinaddr:  4.236.24.163
Sat Jan  1 18:40:00 2005 :: Loading Golddragon.
Sat Jan  1 18:40:02 2005 :: Golddragon@dialup-4.236.24.163.Dial1.NewYork1.Level3.net has connected.
Sat Jan  1 18:40:34 2005 :: Golddragon has quit.
Sat Jan  1 18:40:37 2005 :: Sock.sinaddr:  4.236.24.163
Sat Jan  1 18:40:40 2005 :: Loading Cire.
Sat Jan  1 18:40:41 2005 :: Cire@dialup-4.236.24.163.Dial1.NewYork1.Level3.net has connected.
Sat Jan  1 18:41:05 2005 :: the ferocious warg got toasted by Seclar at {MA narrow trail through the deep, dark forest{x [room 6126]
Sat Jan  1 18:41:30 2005 :: the huge, green dragon got toasted by Seclar at {MThe cave of the Green Dragon{x [room 6143]
Sat Jan  1 18:42:10 2005 :: the large, black wolf got toasted by Seclar at {MA narrow trail through the deep, dark forest{x [room 6127]
Sat Jan  1 18:42:10 2005 :: the ferocious warg got toasted by Seclar at {MA narrow trail through the deep, dark forest{x [room 6127]
Sat Jan  1 18:42:13 2005 :: a dragon citizen got toasted by Skeet at {MThe East Wall{x [room 23254]
Sat Jan  1 18:42:32 2005 :: the large, black wolf got toasted by Seclar at {MA narrow trail through the deep, dark forest{x [room 6111]
Sat Jan  1 18:42:55 2005 :: Cire killed by Guard of Darkness at 10605
Sat Jan  1 18:42:55 2005 :: Cire got toasted by Guard of Darkness at {MEntrance to the Kingdom of Darkness{x [room 10605]
Sat Jan  1 18:42:55 2005 :: Fnor killed by Guard of Darkness at 10605
Sat Jan  1 18:42:55 2005 :: Fnor got toasted by Guard of Darkness at {MEntrance to the Kingdom of Darkness{x [room 10605]
Sat Jan  1 18:42:56 2005 :: Log Seclar: cast summon jay leno chin
Sat Jan  1 18:43:01 2005 :: a citizen got toasted by Skeet at {MAn Intersection{x [room 23256]
Sat Jan  1 18:43:03 2005 :: the large, grey wolf got toasted by Seclar at {MA narrow trail through the deep, dark forest{x [room 6108]
Sat Jan  1 18:43:15 2005 :: the large, grey wolf got toasted by Seclar at {MA small path in the deep, dark forest{x [room 6107]
Sat Jan  1 18:43:48 2005 :: A citizen got toasted by Skeet at {MA Citizen's Home{x [room 23278]
Sat Jan  1 18:43:49 2005 :: Cire has quit.
Sat Jan  1 18:43:52 2005 :: Sock.sinaddr:  4.236.24.163
Sat Jan  1 18:43:55 2005 :: Loading Golddragon.
Sat Jan  1 18:43:59 2005 :: Shargugh got toasted by Seclar at {MA narrow trail through the deep, dark forest{x [room 6100]
Sat Jan  1 18:44:00 2005 :: Golddragon@dialup-4.236.24.163.Dial1.NewYork1.Level3.net has connected.
Sat Jan  1 18:44:36 2005 :: A citizen got toasted by Skeet at {MThe North Wall{x [room 23248]
Sat Jan  1 18:45:01 2005 :: {Dthe spirit of {WA citizen{D got toasted by Skeet at {MA Citizen's Home{x [room 23278]
Sat Jan  1 18:46:04 2005 :: a dragon soldier got toasted by Skeet at {MThe North Wall{x [room 23247]
Sat Jan  1 18:46:51 2005 :: a citizen got toasted by Skeet at {MThe North Wall{x [room 23301]
Sat Jan  1 18:47:28 2005 :: a citizen got toasted by Skeet at {MThe Northwest Corner{x [room 23304]
Sat Jan  1 18:47:36 2005 :: Log Seclar: cast summon frozen body
Sat Jan  1 18:47:39 2005 :: the frozen body got toasted by Seclar at {BThe Night Garden of Midgaard{x [room 3360]
Sat Jan  1 18:47:50 2005 :: EOF encountered on read.
Sat Jan  1 18:47:50 2005 :: Closing link to Fnor.
Sat Jan  1 18:48:10 2005 :: a citizen got toasted by Skeet at {MThe North Wall{x [room 23303]
Sat Jan  1 18:48:22 2005 :: a Dungeon guard got toasted by Seclar at {MCell Block One{x [room 15131]
Sat Jan  1 18:48:22 2005 :: [*****] BUG: Norm-Apply: 0
Sat Jan  1 18:48:39 2005 :: {Dthe spirit of {WA citizen{D got toasted by Skeet at {MThe North Wall{x [room 23303]
Sat Jan  1 18:49:34 2005 :: a dragon citizen got toasted by Skeet at {MAn Intersection{x [room 23309]
Sat Jan  1 18:50:22 2005 :: a dragon citizen got toasted by Skeet at {MThe Southwest Corner{x [room 23313]
Sat Jan  1 18:50:55 2005 :: a citizen got toasted by Skeet at {MThe Court{x [room 23209]
Sat Jan  1 18:51:36 2005 :: a citizen got toasted by Skeet at {MA Dark Alley{x [room 23270]
Sat Jan  1 18:52:17 2005 :: A citizen got toasted by Skeet at {MThe East Market Square{x [room 23271]
Sat Jan  1 18:52:27 2005 :: Sock.sinaddr:  65.245.178.123
Sat Jan  1 18:52:31 2005 :: Loading Argon.
Sat Jan  1 18:52:33 2005 :: Argon@65.245.178.123.diodecom.net reconnected.
Sat Jan  1 18:53:09 2005 :: A citizen got toasted by Skeet at {MThe East Market Square{x [room 23293]
Sat Jan  1 18:53:26 2005 :: a City Guard got toasted by Seclar at {MThe Temple of Anon{x [room 31400]
Sat Jan  1 18:53:39 2005 :: Cuervo the headsman got toasted by Seclar at {MThe Temple of Anon{x [room 31400]
Sat Jan  1 18:53:53 2005 :: A citizen got toasted by Skeet at {MThe East Market Square{x [room 23288]
Sat Jan  1 18:54:28 2005 :: A citizen got toasted by Skeet at {MMaaklan Quarters{x [room 23285]
Sat Jan  1 18:55:00 2005 :: A citizen got toasted by Skeet at {MThe East Market Square{x [room 23283]
Sat Jan  1 18:55:12 2005 :: the enforcer eye got toasted by Seclar at {MForgotten Alley{x [room 16154]
Sat Jan  1 18:55:12 2005 :: the murderer got toasted by Seclar at {MForgotten Alley{x [room 16154]
Sat Jan  1 18:55:32 2005 :: the floating eye got toasted by Seclar at {MForgotten Alley{x [room 16153]
Sat Jan  1 18:55:32 2005 :: the lizard man got toasted by Seclar at {MForgotten Alley{x [room 16153]
Sat Jan  1 18:55:35 2005 :: Argon has quit.
Sat Jan  1 18:55:56 2005 :: a citizen got toasted by Skeet at {MThe Court{x [room 23221]
Sat Jan  1 18:56:59 2005 :: a citizen got toasted by Skeet at {MThe Court{x [room 23209]
Sat Jan  1 18:57:33 2005 :: a citizen got toasted by Skeet at {MThe Court{x [room 23213]
Sat Jan  1 18:57:45 2005 :: Baker got toasted by Seclar at {MBakery{x [room 21274]
Sat Jan  1 18:57:56 2005 :: Golddragon has quit.
Sat Jan  1 18:58:12 2005 :: a citizen got toasted by Skeet at {MThe Court{x [room 23215]
Sat Jan  1 18:58:20 2005 :: Painter got toasted by Seclar at {MPainter's Barn{x [room 21270]
Read_from_descriptor: Connection reset by peer
Sat Jan  1 18:58:56 2005 :: Closing link to Seclar.
Sat Jan  1 18:59:07 2005 :: a citizen got toasted by Skeet at {MThe Court{x [room 23220]
Sat Jan  1 19:00:30 2005 :: a citizen got toasted by Skeet at {MThe East Wall{x [room 23259]
Sat Jan  1 19:01:41 2005 :: A citizen got toasted by Skeet at {MThe Court{x [room 23214]
Sat Jan  1 19:02:14 2005 :: A citizen got toasted by Skeet at {MThe Court{x [room 23211]
Sat Jan  1 19:02:45 2005 :: A citizen got toasted by Skeet at {MThe South Wall{x [room 23268]
Sat Jan  1 19:02:52 2005 :: [*****] BUG: HANDLER.C : CHAR_TO_ROOM - NO RM  [ CN: Fnor RVNUM: ] ref A009
Sat Jan  1 19:02:52 2005 :: Fnor has quit.
Sat Jan  1 19:03:29 2005 :: a citizen got toasted by Skeet at {MThe Court{x [room 23212]
Sat Jan  1 19:04:13 2005 :: a citizen got toasted by Skeet at {MThe Court{x [room 23206]
Sat Jan  1 19:04:52 2005 :: Sock.sinaddr:  66.93.33.134
Sat Jan  1 19:04:57 2005 :: Loading Seclar.
Sat Jan  1 19:04:58 2005 :: Seclar@dsl093-033-134.snd1.dsl.speakeasy.net reconnected.
Sat Jan  1 19:06:21 2005 :: Elf Ranger got toasted by Seclar at {MAlley next to Bakery{x [room 21277]
Sat Jan  1 19:07:07 2005 :: a giant Rat got toasted by Seclar at {MRat Room{x [room 5791]
Read_from_descriptor: Connection reset by peer
Sat Jan  1 19:07:21 2005 :: Closing link to Seclar.
Sat Jan  1 19:10:46 2005 :: Sock.sinaddr:  66.93.33.134
Sat Jan  1 19:10:50 2005 :: Loading Seclar.
Sat Jan  1 19:10:51 2005 :: Seclar@dsl093-033-134.snd1.dsl.speakeasy.net reconnected.
Sat Jan  1 19:13:09 2005 :: Seclar has quit.
Sat Jan  1 19:13:45 2005 :: Sock.sinaddr:  66.93.33.134
Sat Jan  1 19:13:49 2005 :: Loading Seclar.
Sat Jan  1 19:13:51 2005 :: Seclar@dsl093-033-134.snd1.dsl.speakeasy.net has connected.
Sat Jan  1 19:19:13 2005 :: [*****] BUG: HANDLER.C : CHAR_TO_ROOM - NO RM  [ CN: Chame RVNUM: ] ref A009
Sat Jan  1 19:19:13 2005 :: Chame has quit.
Sat Jan  1 19:19:13 2005 :: [*****] BUG: HANDLER.C : CHAR_TO_ROOM - NO RM  [ CN: Skeet RVNUM: ] ref A009
Sat Jan  1 19:19:13 2005 :: Skeet has quit.
Sat Jan  1 19:19:16 2005 :: the aarakocran revolutionary got toasted by Seclar at {MSmall level area on the cliff face{x [room 5636]
Sat Jan  1 19:19:24 2005 :: Sock.sinaddr:  66.222.216.154
Sat Jan  1 19:19:24 2005 :: Sock.sinaddr:  66.222.216.154
Sat Jan  1 19:24:01 2005 :: Loading Skeet.
Sat Jan  1 19:24:01 2005 :: Skeet@d66-222-216-154.abhsia.telus.net has connected.
Sat Jan  1 19:24:06 2005 :: Loading Chame.
Sat Jan  1 19:24:06 2005 :: Chame@d66-222-216-154.abhsia.telus.net has connected.
Sat Jan  1 19:24:13 2005 :: Sock.sinaddr:  204.209.44.14
Sat Jan  1 19:25:29 2005 :: Sock.sinaddr:  195.82.120.216
Read_from_descriptor: Connection reset by peer
Sat Jan  1 19:25:45 2005 :: Closing link to Seclar.
Sat Jan  1 19:26:22 2005 :: Lars@rOlF.yUsS.org new player.
Sat Jan  1 19:29:38 2005 :: Loading Seclar.
Sat Jan  1 19:29:39 2005 :: Seclar@dsl093-033-134.snd1.dsl.speakeasy.net reconnected.
Sat Jan  1 19:29:57 2005 :: Sock.sinaddr:  66.93.33.134
Sat Jan  1 19:30:19 2005 :: EOF encountered on read.
Sat Jan  1 19:30:27 2005 :: Sock.sinaddr:  66.93.33.134
Sat Jan  1 19:30:35 2005 :: Sock.sinaddr:  66.93.33.134
Sat Jan  1 19:40:36 2005 :: the blob got toasted by Lars at {MThe Blob Cage{x [room 3710]
Sat Jan  1 19:40:49 2005 :: {BA sleepy dragon hatchling{x got toasted by Lars at {MA Cage{x [room 3715]
Sat Jan  1 19:40:53 2005 :: {Ga hesitant dragon hatchling{x got toasted by Lars at {MA Cage{x [room 3714]
Sat Jan  1 19:40:57 2005 :: {R a dragon hatchling{x got toasted by Lars at {MA Cage{x [room 3716]
Sat Jan  1 19:41:03 2005 :: {CA mean dragon hatchling{x got toasted by Lars at {MA Cage{x [room 3713]
Sat Jan  1 19:41:23 2005 :: {Cthe big hatchling{x got toasted by Lars at {MThe Darkened Room{x [room 3720]
Sat Jan  1 19:41:51 2005 :: The Royal Guard got toasted by Skeet at {MThe Northwestern Market Square{x [room 9514]
Sat Jan  1 19:41:57 2005 :: the sultan's guard got toasted by Skeet at {MThe Northeastern Market Square{x [room 9516]
Sat Jan  1 19:42:07 2005 :: The Royal Guard got toasted by Skeet at {MThe Butchary{x [room 9622]
Sat Jan  1 19:42:13 2005 :: the young snarling dragon got toasted by Lars at {MThe End of Mud School!{x [room 3721]
Sat Jan  1 19:42:16 2005 :: a country bumpkin got toasted by Seclar at {MA smial{x [room 1115]
Sat Jan  1 19:42:19 2005 :: the bodyguard got toasted by Skeet at {MThe Eastern Market Square{x [room 9517]
Sat Jan  1 19:42:19 2005 :: {Dthe spirit of {WThe bodyguard{D got toasted by Skeet at {MThe Eastern Market Square{x [room 9517]
Sat Jan  1 19:42:28 2005 :: The Royal Guard got toasted by Skeet at {MThe Southern Market Square{x [room 9505]
Sat Jan  1 19:42:45 2005 :: The Royal Guard got toasted by Skeet at {MThe Southern Market Square{x [room 9505]
Sat Jan  1 19:42:57 2005 :: The Royal Guard got toasted by Skeet at {MThe Southwestern Market Square{x [room 9508]
Sat Jan  1 19:43:29 2005 :: The Royal Guard got toasted by Skeet at {MThe Bread Stand{x [room 9635]
Sat Jan  1 19:43:38 2005 :: the snail got toasted by Lars at {MSouth West Corner of Arena{x [room 3724]
Sat Jan  1 19:43:41 2005 :: a trainee got toasted by Seclar at {MShiriff Training Grounds{x [room 1117]
Sat Jan  1 19:43:41 2005 :: a trainee got toasted by Seclar at {MShiriff Training Grounds{x [room 1117]
Sat Jan  1 19:43:41 2005 :: a trainee got toasted by Seclar at {MShiriff Training Grounds{x [room 1117]
Sat Jan  1 19:43:41 2005 :: the battle master got toasted by Seclar at {MShiriff Training Grounds{x [room 1117]
Sat Jan  1 19:43:43 2005 :: the snail got toasted by Lars at {MSouth West Corner of Arena{x [room 3724]
Sat Jan  1 19:43:43 2005 :: the sultan's guard got toasted by Skeet at {MSultan's Walk{x [room 9519]
Sat Jan  1 19:43:53 2005 :: the rabbit got toasted by Lars at {MArena{x [room 3733]
Sat Jan  1 19:44:01 2005 :: The Royal Guard got toasted by Skeet at {MSultan's Walk{x [room 9518]
Sat Jan  1 19:44:06 2005 :: a shiriff got toasted by Seclar at {MShiriff Post of the Eastern Shire{x [room 1110]
Sat Jan  1 19:44:06 2005 :: a shiriff got toasted by Seclar at {MShiriff Post of the Eastern Shire{x [room 1110]
Sat Jan  1 19:44:06 2005 :: a shiriff got toasted by Seclar at {MShiriff Post of the Eastern Shire{x [room 1110]
Sat Jan  1 19:44:18 2005 :: the Thain got toasted by Seclar at {MThain's Office{x [room 1111]
Sat Jan  1 19:44:26 2005 :: The Royal Guard got toasted by Skeet at {MWest Casbah{x [room 9545]
Sat Jan  1 19:44:41 2005 :: The Royal Guard got toasted by Skeet at {MNorth-West Tower{x [room 9659]
Sat Jan  1 19:44:45 2005 :: a toddler got toasted by Seclar at {MKid'n Keep{x [room 1108]
Sat Jan  1 19:44:45 2005 :: a toddler got toasted by Seclar at {MKid'n Keep{x [room 1108]
Sat Jan  1 19:44:45 2005 :: a toddler got toasted by Seclar at {MKid'n Keep{x [room 1108]
Sat Jan  1 19:44:45 2005 :: a toddler got toasted by Seclar at {MKid'n Keep{x [room 1108]
Sat Jan  1 19:44:45 2005 :: a toddler got toasted by Seclar at {MKid'n Keep{x [room 1108]
Sat Jan  1 19:44:45 2005 :: a toddler got toasted by Seclar at {MKid'n Keep{x [room 1108]
Sat Jan  1 19:44:45 2005 :: a nursemaid got toasted by Seclar at {MKid'n Keep{x [room 1108]
Sat Jan  1 19:44:45 2005 :: a nursemaid got toasted by Seclar at {MKid'n Keep{x [room 1108]
Sat Jan  1 19:44:53 2005 :: The Royal Guard got toasted by Skeet at {MCity Hall{x [room 9654]
Sat Jan  1 19:45:06 2005 :: The Royal Guard got toasted by Skeet at {MCity Hall{x [room 9654]
Sat Jan  1 19:45:12 2005 :: the mayor got toasted by Skeet at {MCity Hall{x [room 9654]
Sat Jan  1 19:45:14 2005 :: a country bumpkin got toasted by Seclar at {MA smial{x [room 1114]
Sat Jan  1 19:45:14 2005 :: {Dthe spirit of {WA country bumpkin{D got toasted by Seclar at {MA smial{x [room 1114]
Sat Jan  1 19:45:24 2005 :: a chic urbanite got toasted by Seclar at {MThe Ivy Bush{x [room 1116]
Sat Jan  1 19:45:24 2005 :: a chic urbanite got toasted by Seclar at {MThe Ivy Bush{x [room 1116]
Sat Jan  1 19:45:24 2005 :: a chic urbanite got toasted by Seclar at {MThe Ivy Bush{x [room 1116]
Sat Jan  1 19:45:24 2005 :: a local gossip got toasted by Seclar at {MThe Ivy Bush{x [room 1116]
Sat Jan  1 19:45:24 2005 :: a local gossip got toasted by Seclar at {MThe Ivy Bush{x [room 1116]
Sat Jan  1 19:45:24 2005 :: a seasoned adventurer got toasted by Seclar at {MThe Ivy Bush{x [room 1116]
Sat Jan  1 19:45:24 2005 :: a seasoned adventurer got toasted by Seclar at {MThe Ivy Bush{x [room 1116]
Sat Jan  1 19:45:34 2005 :: The toxic slime got toasted by Lars at {MMob Factory Storage Area{x [room 9401]
Sat Jan  1 19:45:40 2005 :: The Royal Guard got toasted by Skeet at {MThe Casbah{x [room 9551]
Sat Jan  1 19:45:43 2005 :: The mutant beastly fido got toasted by Lars at {MMob Factory Storage Area{x [room 9401]
Sat Jan  1 19:45:43 2005 :: The Royal Guard got toasted by Skeet at {MThe Casbah{x [room 9551]
Sat Jan  1 19:46:04 2005 :: The Royal Guard got toasted by Skeet at {MThe Casbah{x [room 9552]
Sat Jan  1 19:46:10 2005 :: The Royal Guard got toasted by Skeet at {MThe Casbah{x [room 9552]
Sat Jan  1 19:46:28 2005 :: Sock.sinaddr:  151.213.93.160
Sat Jan  1 19:46:33 2005 :: Loading Lena.
Sat Jan  1 19:46:33 2005 :: Lena@h160.93.213.151.ip.alltel.net has connected.
Sat Jan  1 19:46:34 2005 :: The Cityguard head got toasted by Lars at {MSecondary Assembly Line{x [room 9422]
Sat Jan  1 19:46:34 2005 :: the statue of Shandra got toasted by Skeet at {MThe Museum of the Greater Gods{x [room 9611]
Sat Jan  1 19:46:46 2005 :: the statue of Nati got toasted by Skeet at {MThe Museum of the Greater Gods{x [room 9611]
Sat Jan  1 19:46:49 2005 :: The factory worker got toasted by Lars at {MSecondary Assembly Line{x [room 9421]
Sat Jan  1 19:47:07 2005 :: the statue of Landru got toasted by Skeet at {MThe Museum of the Greater Gods{x [room 9611]
Sat Jan  1 19:47:19 2005 :: The toxic slime got toasted by Lars at {MSecondary Assembly Line{x [room 9421]
Sat Jan  1 19:47:28 2005 :: The factory worker got toasted by Lars at {MSecondary Assembly Line{x [room 9420]
Sat Jan  1 19:47:38 2005 :: The revolving drunk got toasted by Lars at {MPrimary Assembly Line{x [room 9415]
Sat Jan  1 19:47:43 2005 :: The factory worker got toasted by Lars at {MPrimary Assembly Line{x [room 9415]
Sat Jan  1 19:47:46 2005 :: The toxic slime got toasted by Lars at {MPrimary Assembly Line{x [room 9415]
Sat Jan  1 19:47:56 2005 :: The revolving drunk got toasted by Lars at {MMob Factory Inspection Room{x [room 9410]
Sat Jan  1 19:48:02 2005 :: The factory worker got toasted by Lars at {MMob Factory Inspection Room{x [room 9410]
Sat Jan  1 19:48:40 2005 :: the statue of Nightshade got toasted by Skeet at {MThe Museum of the Greater Gods{x [room 9611]
Sat Jan  1 19:48:48 2005 :: The Cityguard head got toasted by Lars at {MMob Factory Inspection Room{x [room 9411]
Sat Jan  1 19:48:51 2005 :: The factory worker got toasted by Lars at {MMob Factory Inspection Room{x [room 9411]
Sat Jan  1 19:48:54 2005 :: the statue of Satin got toasted by Skeet at {MThe Museum of the Greater Gods{x [room 9616]
Sat Jan  1 19:49:03 2005 :: The factory worker got toasted by Lars at {MPrimary Assembly Line{x [room 9417]
Sat Jan  1 19:49:06 2005 :: The factory worker got toasted by Lars at {MPrimary Assembly Line{x [room 9417]
Sat Jan  1 19:49:06 2005 :: the statue of Furey got toasted by Skeet at {MThe Museum of the Greater Gods{x [room 9616]
Sat Jan  1 19:49:12 2005 :: The mutant beastly fido got toasted by Lars at {MPrimary Assembly Line{x [room 9417]
Sat Jan  1 19:49:13 2005 :: the statue of Alander got toasted by Skeet at {MThe Museum of the Greater Gods{x [room 9616]
Sat Jan  1 19:49:22 2005 :: The factory worker got toasted by Lars at {MPrimary Assembly Line{x [room 9419]
Sat Jan  1 19:49:25 2005 :: the statue of Zump got toasted by Skeet at {MThe Museum of the Greater Gods{x [room 9616]
Sat Jan  1 19:49:28 2005 :: The factory worker got toasted by Lars at {MSecondary Assembly Line{x [room 9424]
Sat Jan  1 19:49:34 2005 :: The factory worker got toasted by Lars at {MSecondary Assembly Line{x [room 9424]
Sat Jan  1 19:49:38 2005 :: The factory worker got toasted by Lars at {MSecondary Assembly Line{x [room 9424]
Sat Jan  1 19:49:41 2005 :: The toxic slime got toasted by Lars at {MSecondary Assembly Line{x [room 9424]
Sat Jan  1 19:49:53 2005 :: The Cityguard head got toasted by Lars at {MSecondary Assembly Line{x [room 9424]
Sat Jan  1 19:50:22 2005 :: The Royal Guard got toasted by Skeet at {MAbdul's Armor{x [room 9629]
Write_to_descriptor: Resource temporarily unavailable
Sat Jan  1 19:50:44 2005 :: Closing link to Seclar.
Sat Jan  1 19:51:13 2005 :: Loading Seclar.
Sat Jan  1 19:51:13 2005 :: Seclar@dsl093-033-134.snd1.dsl.speakeasy.net reconnected.
Write_to_descriptor: Resource temporarily unavailable
Sat Jan  1 19:51:25 2005 :: Closing link to Seclar.
Sat Jan  1 19:51:26 2005 :: the Fire Ruler got toasted by Chame at {MThe Fire Chamber{x [room 9245]
Sat Jan  1 19:51:43 2005 :: Loading Seclar.
Sat Jan  1 19:51:43 2005 :: Seclar@dsl093-033-134.snd1.dsl.speakeasy.net reconnected.
Sat Jan  1 19:53:16 2005 :: the vagabond got toasted by Lars at {MThe Dark Alley{x [room 3026]
Sat Jan  1 19:53:22 2005 :: the vagabond got toasted by Lars at {MThe Dark Alley{x [room 3026]
Sat Jan  1 19:53:28 2005 :: the vagabond got toasted by Lars at {MThe Dark Alley{x [room 3026]
Sat Jan  1 19:55:20 2005 :: a shiriff got toasted by Seclar at {MShiriff Post of the Bridge{x [room 1119]
Sat Jan  1 19:55:20 2005 :: a shiriff got toasted by Seclar at {MShiriff Post of the Bridge{x [room 1119]
Sat Jan  1 19:55:20 2005 :: a shiriff got toasted by Seclar at {MShiriff Post of the Bridge{x [room 1119]
Sat Jan  1 19:55:41 2005 :: The Royal Guard got toasted by Skeet at {MThe Northern Market Square{x [room 9515]
Sat Jan  1 19:55:45 2005 :: a chic urbanite got toasted by Seclar at {MThe Green Dragon{x [room 1144]
Sat Jan  1 19:55:45 2005 :: a chic urbanite got toasted by Seclar at {MThe Green Dragon{x [room 1144]
Sat Jan  1 19:55:45 2005 :: a chic urbanite got toasted by Seclar at {MThe Green Dragon{x [room 1144]
Sat Jan  1 19:55:45 2005 :: a chic urbanite got toasted by Seclar at {MThe Green Dragon{x [room 1144]
Sat Jan  1 19:55:45 2005 :: a seasoned adventurer got toasted by Seclar at {MThe Green Dragon{x [room 1144]
Sat Jan  1 19:55:45 2005 :: a seasoned adventurer got toasted by Seclar at {MThe Green Dragon{x [room 1144]
Sat Jan  1 19:55:45 2005 :: a seasoned adventurer got toasted by Seclar at {MThe Green Dragon{x [room 1144]
Sat Jan  1 19:55:48 2005 :: {Dthe spirit of {WA chic urbanite{D got toasted by Seclar at {MThe Green Dragon{x [room 1144]
Sat Jan  1 19:55:51 2005 :: The Royal Guard got toasted by Skeet at {MThe Northeastern Market Square{x [room 9516]
Sat Jan  1 19:56:02 2005 :: the town crier got toasted by Lars at {MRoad Crossing{x [room 3120]
Sat Jan  1 19:56:06 2005 :: The Royal Guard got toasted by Skeet at {MIgor's Implements of Destruction{x [room 9636]
Sat Jan  1 19:56:06 2005 :: the receptionist got toasted by Seclar at {MThe Inn of the Green Dragon{x [room 1157]
Sat Jan  1 19:56:21 2005 :: The Royal Guard got toasted by Skeet at {MThe Southwestern Market Square{x [room 9508]
Sat Jan  1 19:56:21 2005 :: the thief got toasted by Lars at {MEmerald Avenue{x [room 3125]
Sat Jan  1 19:56:59 2005 :: The Royal Guard got toasted by Skeet at {MWest Casbah{x [room 9544]
Sat Jan  1 19:57:01 2005 :: The Royal Guard got toasted by Skeet at {MWest Casbah{x [room 9544]
Sat Jan  1 19:57:22 2005 :: The Royal Guard got toasted by Skeet at {MThe Casbah{x [room 9550]
Sat Jan  1 19:57:25 2005 :: {Dthe spirit of {WThe royal guard{D got toasted by Skeet at {MThe Casbah{x [room 9550]
Sat Jan  1 19:57:33 2005 :: Log Seclar: cast summon bonkers bobcat
Sat Jan  1 19:57:36 2005 :: Bonkers T. Bobcat got toasted by Seclar at {BThe Night Garden of Midgaard{x [room 3360]
Sat Jan  1 19:57:39 2005 :: The Royal Guard got toasted by Skeet at {MThe Casbah{x [room 9551]
Sat Jan  1 19:57:52 2005 :: the goblin got toasted by Lars at {MThe Miden'nir{x [room 3506]
Sat Jan  1 19:57:55 2005 :: the statue of Shandra got toasted by Skeet at {MThe Museum of the Greater Gods{x [room 9611]
Sat Jan  1 19:58:04 2005 :: the statue of Nati got toasted by Skeet at {MThe Museum of the Greater Gods{x [room 9611]
Sat Jan  1 19:58:07 2005 :: the goblin got toasted by Lars at {MThe Miden'nir{x [room 3509]
Sat Jan  1 19:58:16 2005 :: the statue of Landru got toasted by Skeet at {MThe Museum of the Greater Gods{x [room 9611]
Sat Jan  1 19:58:22 2005 :: the statue of Nightshade got toasted by Skeet at {MThe Museum of the Greater Gods{x [room 9611]
Sat Jan  1 19:58:34 2005 :: the statue of Satin got toasted by Skeet at {MThe Museum of the Greater Gods{x [room 9616]
Sat Jan  1 19:58:34 2005 :: Lars killed by The weapons master at 5101
Sat Jan  1 19:58:34 2005 :: Lars got toasted by The weapons master at {MCity street{x [room 5101]
Sat Jan  1 19:58:52 2005 :: the statue of Furey got toasted by Skeet at {MThe Museum of the Greater Gods{x [room 9616]
Sat Jan  1 19:59:07 2005 :: the statue of Alander got toasted by Skeet at {MThe Museum of the Greater Gods{x [room 9616]
Sat Jan  1 19:59:08 2005 :: Log Sembiance: bonus all 50 qp
Sat Jan  1 19:59:40 2005 :: the statue of Zump got toasted by Skeet at {MThe Museum of the Greater Gods{x [room 9616]
Sat Jan  1 20:00:54 2005 :: Log Sembiance: snoop seclar
Sat Jan  1 20:01:01 2005 :: Log Sembiance: snoop self
Sat Jan  1 20:02:14 2005 :: Lars killed by the quadrone at 9001
Sat Jan  1 20:02:14 2005 :: Lars got toasted by the quadrone at {MThe Plane of Nirvana{x [room 9001]
Sat Jan  1 20:03:57 2005 :: a tourist got toasted by a tourist at {MGuildsman's Row{x [room 9564]
Sat Jan  1 20:04:34 2005 :: Lena has quit.
Sat Jan  1 20:04:56 2005 :: Closing link to Seclar.
Sat Jan  1 20:04:56 2005 :: Closing link to Lars.
Sat Jan  1 20:04:56 2005 :: Closing link to Skeet.
Sat Jan  1 20:04:56 2005 :: Closing link to Chame.
Sat Jan  1 20:04:56 2005 :: Closing link to Sembiance.
Sat Jan  1 20:04:56 2005 :: Closing link to Venus.
Sat Jan  1 20:04:57 2005 :: Normal termination of game.
